2023-02-10 20:21:51,223 - root - INFO - Namespace(KG_embedding_type='TransE', Ks='[5, 10]', cf_batch_size=1024, cf_l2loss_lambda=0.0001, cuda=False, data_dir='data/', data_name='Douban', embed_dim=32, evaluate_every=10, gpu_id=0, kg_batch_size=2048, kg_l2loss_lambda=0.0001, lr=0.001, n_epoch=10, pretrain_model_path='trained_model/Embedding_based.pth', print_every=1, relation_dim=32, save_dir='trained_model/Douban/Embedding_based/dim32_lr0.001_l20.0001_TransE/', seed=2022, stopping_steps=10, test_batch_size=2048, use_pretrain=0)
2023-02-10 20:22:11,956 - root - INFO - n_users:      447
2023-02-10 20:22:11,956 - root - INFO - n_items:      578
2023-02-10 20:22:11,956 - root - INFO - n_entities:   18134
2023-02-10 20:22:11,956 - root - INFO - n_relations:  448
2023-02-10 20:22:11,956 - root - INFO - n_cf_train:   41830
2023-02-10 20:22:11,956 - root - INFO - n_cf_test:    10840
2023-02-10 20:22:11,964 - root - INFO - n_kg_data:    268326
2023-02-10 20:22:11,974 - root - INFO - Embedding_based(
  (user_embed): Embedding(447, 32)
  (item_embed): Embedding(578, 32)
  (entity_embed): Embedding(18134, 32)
  (relation_embed): Embedding(448, 32)
)
2023-02-10 20:22:12,095 - root - INFO - KG & CF Training: Epoch 0001 Iter 0001 / 0041 | Time 0.1s | Iter Loss 1.4291 | Iter Mean Loss 1.4291
2023-02-10 20:22:12,228 - root - INFO - KG & CF Training: Epoch 0001 Iter 0002 / 0041 | Time 0.1s | Iter Loss 1.4210 | Iter Mean Loss 1.4250
2023-02-10 20:22:12,370 - root - INFO - KG & CF Training: Epoch 0001 Iter 0003 / 0041 | Time 0.1s | Iter Loss 1.4075 | Iter Mean Loss 1.4192
2023-02-10 20:22:12,511 - root - INFO - KG & CF Training: Epoch 0001 Iter 0004 / 0041 | Time 0.1s | Iter Loss 1.3791 | Iter Mean Loss 1.4092
2023-02-10 20:22:12,650 - root - INFO - KG & CF Training: Epoch 0001 Iter 0005 / 0041 | Time 0.1s | Iter Loss 1.3698 | Iter Mean Loss 1.4013
2023-02-10 20:22:12,792 - root - INFO - KG & CF Training: Epoch 0001 Iter 0006 / 0041 | Time 0.1s | Iter Loss 1.3501 | Iter Mean Loss 1.3928
2023-02-10 20:22:12,913 - root - INFO - KG & CF Training: Epoch 0001 Iter 0007 / 0041 | Time 0.1s | Iter Loss 1.3279 | Iter Mean Loss 1.3835
2023-02-10 20:22:13,056 - root - INFO - KG & CF Training: Epoch 0001 Iter 0008 / 0041 | Time 0.1s | Iter Loss 1.3021 | Iter Mean Loss 1.3733
2023-02-10 20:22:13,208 - root - INFO - KG & CF Training: Epoch 0001 Iter 0009 / 0041 | Time 0.2s | Iter Loss 1.2968 | Iter Mean Loss 1.3648
2023-02-10 20:22:13,349 - root - INFO - KG & CF Training: Epoch 0001 Iter 0010 / 0041 | Time 0.1s | Iter Loss 1.2844 | Iter Mean Loss 1.3568
2023-02-10 20:22:13,488 - root - INFO - KG & CF Training: Epoch 0001 Iter 0011 / 0041 | Time 0.1s | Iter Loss 1.2613 | Iter Mean Loss 1.3481
2023-02-10 20:22:13,621 - root - INFO - KG & CF Training: Epoch 0001 Iter 0012 / 0041 | Time 0.1s | Iter Loss 1.2547 | Iter Mean Loss 1.3403
2023-02-10 20:22:13,750 - root - INFO - KG & CF Training: Epoch 0001 Iter 0013 / 0041 | Time 0.1s | Iter Loss 1.2372 | Iter Mean Loss 1.3324
2023-02-10 20:22:13,894 - root - INFO - KG & CF Training: Epoch 0001 Iter 0014 / 0041 | Time 0.1s | Iter Loss 1.2319 | Iter Mean Loss 1.3252
2023-02-10 20:22:14,015 - root - INFO - KG & CF Training: Epoch 0001 Iter 0015 / 0041 | Time 0.1s | Iter Loss 1.2053 | Iter Mean Loss 1.3172
2023-02-10 20:22:14,156 - root - INFO - KG & CF Training: Epoch 0001 Iter 0016 / 0041 | Time 0.1s | Iter Loss 1.1946 | Iter Mean Loss 1.3095
2023-02-10 20:22:14,297 - root - INFO - KG & CF Training: Epoch 0001 Iter 0017 / 0041 | Time 0.1s | Iter Loss 1.1883 | Iter Mean Loss 1.3024
2023-02-10 20:22:14,439 - root - INFO - KG & CF Training: Epoch 0001 Iter 0018 / 0041 | Time 0.1s | Iter Loss 1.1737 | Iter Mean Loss 1.2953
2023-02-10 20:22:14,590 - root - INFO - KG & CF Training: Epoch 0001 Iter 0019 / 0041 | Time 0.2s | Iter Loss 1.1628 | Iter Mean Loss 1.2883
2023-02-10 20:22:14,729 - root - INFO - KG & CF Training: Epoch 0001 Iter 0020 / 0041 | Time 0.1s | Iter Loss 1.1523 | Iter Mean Loss 1.2815
2023-02-10 20:22:14,873 - root - INFO - KG & CF Training: Epoch 0001 Iter 0021 / 0041 | Time 0.1s | Iter Loss 1.1522 | Iter Mean Loss 1.2753
2023-02-10 20:22:15,004 - root - INFO - KG & CF Training: Epoch 0001 Iter 0022 / 0041 | Time 0.1s | Iter Loss 1.1363 | Iter Mean Loss 1.2690
2023-02-10 20:22:15,146 - root - INFO - KG & CF Training: Epoch 0001 Iter 0023 / 0041 | Time 0.1s | Iter Loss 1.1361 | Iter Mean Loss 1.2632
2023-02-10 20:22:15,285 - root - INFO - KG & CF Training: Epoch 0001 Iter 0024 / 0041 | Time 0.1s | Iter Loss 1.1194 | Iter Mean Loss 1.2572
2023-02-10 20:22:15,439 - root - INFO - KG & CF Training: Epoch 0001 Iter 0025 / 0041 | Time 0.2s | Iter Loss 1.1126 | Iter Mean Loss 1.2515
2023-02-10 20:22:15,580 - root - INFO - KG & CF Training: Epoch 0001 Iter 0026 / 0041 | Time 0.1s | Iter Loss 1.1048 | Iter Mean Loss 1.2458
2023-02-10 20:22:15,719 - root - INFO - KG & CF Training: Epoch 0001 Iter 0027 / 0041 | Time 0.1s | Iter Loss 1.1043 | Iter Mean Loss 1.2406
2023-02-10 20:22:15,863 - root - INFO - KG & CF Training: Epoch 0001 Iter 0028 / 0041 | Time 0.1s | Iter Loss 1.0877 | Iter Mean Loss 1.2351
2023-02-10 20:22:15,994 - root - INFO - KG & CF Training: Epoch 0001 Iter 0029 / 0041 | Time 0.1s | Iter Loss 1.0875 | Iter Mean Loss 1.2300
2023-02-10 20:22:16,143 - root - INFO - KG & CF Training: Epoch 0001 Iter 0030 / 0041 | Time 0.1s | Iter Loss 1.0703 | Iter Mean Loss 1.2247
2023-02-10 20:22:16,287 - root - INFO - KG & CF Training: Epoch 0001 Iter 0031 / 0041 | Time 0.1s | Iter Loss 1.0802 | Iter Mean Loss 1.2200
2023-02-10 20:22:16,428 - root - INFO - KG & CF Training: Epoch 0001 Iter 0032 / 0041 | Time 0.1s | Iter Loss 1.0696 | Iter Mean Loss 1.2153
2023-02-10 20:22:16,570 - root - INFO - KG & CF Training: Epoch 0001 Iter 0033 / 0041 | Time 0.1s | Iter Loss 1.0585 | Iter Mean Loss 1.2106
2023-02-10 20:22:16,719 - root - INFO - KG & CF Training: Epoch 0001 Iter 0034 / 0041 | Time 0.1s | Iter Loss 1.0622 | Iter Mean Loss 1.2062
2023-02-10 20:22:16,870 - root - INFO - KG & CF Training: Epoch 0001 Iter 0035 / 0041 | Time 0.2s | Iter Loss 1.0550 | Iter Mean Loss 1.2019
2023-02-10 20:22:17,012 - root - INFO - KG & CF Training: Epoch 0001 Iter 0036 / 0041 | Time 0.1s | Iter Loss 1.0591 | Iter Mean Loss 1.1979
2023-02-10 20:22:17,155 - root - INFO - KG & CF Training: Epoch 0001 Iter 0037 / 0041 | Time 0.1s | Iter Loss 1.0447 | Iter Mean Loss 1.1938
2023-02-10 20:22:17,297 - root - INFO - KG & CF Training: Epoch 0001 Iter 0038 / 0041 | Time 0.1s | Iter Loss 1.0314 | Iter Mean Loss 1.1895
2023-02-10 20:22:17,448 - root - INFO - KG & CF Training: Epoch 0001 Iter 0039 / 0041 | Time 0.2s | Iter Loss 1.0326 | Iter Mean Loss 1.1855
2023-02-10 20:22:17,588 - root - INFO - KG & CF Training: Epoch 0001 Iter 0040 / 0041 | Time 0.1s | Iter Loss 1.0229 | Iter Mean Loss 1.1814
2023-02-10 20:22:17,721 - root - INFO - KG & CF Training: Epoch 0001 Iter 0041 / 0041 | Time 0.1s | Iter Loss 1.0240 | Iter Mean Loss 1.1776
2023-02-10 20:22:17,729 - root - INFO - KG & CF Training: Epoch 0001 Total Iter 0041 | Total Time 5.7s | Iter Mean Loss 1.1776
2023-02-10 20:22:17,862 - root - INFO - KG & CF Training: Epoch 0002 Iter 0001 / 0041 | Time 0.1s | Iter Loss 1.0159 | Iter Mean Loss 1.0159
2023-02-10 20:22:17,993 - root - INFO - KG & CF Training: Epoch 0002 Iter 0002 / 0041 | Time 0.1s | Iter Loss 1.0143 | Iter Mean Loss 1.0151
2023-02-10 20:22:18,133 - root - INFO - KG & CF Training: Epoch 0002 Iter 0003 / 0041 | Time 0.1s | Iter Loss 1.0112 | Iter Mean Loss 1.0138
2023-02-10 20:22:18,266 - root - INFO - KG & CF Training: Epoch 0002 Iter 0004 / 0041 | Time 0.1s | Iter Loss 1.0030 | Iter Mean Loss 1.0111
2023-02-10 20:22:18,397 - root - INFO - KG & CF Training: Epoch 0002 Iter 0005 / 0041 | Time 0.1s | Iter Loss 0.9997 | Iter Mean Loss 1.0088
2023-02-10 20:22:18,538 - root - INFO - KG & CF Training: Epoch 0002 Iter 0006 / 0041 | Time 0.1s | Iter Loss 0.9960 | Iter Mean Loss 1.0067
2023-02-10 20:22:18,680 - root - INFO - KG & CF Training: Epoch 0002 Iter 0007 / 0041 | Time 0.1s | Iter Loss 0.9965 | Iter Mean Loss 1.0052
2023-02-10 20:22:18,839 - root - INFO - KG & CF Training: Epoch 0002 Iter 0008 / 0041 | Time 0.2s | Iter Loss 0.9896 | Iter Mean Loss 1.0033
2023-02-10 20:22:18,972 - root - INFO - KG & CF Training: Epoch 0002 Iter 0009 / 0041 | Time 0.1s | Iter Loss 0.9945 | Iter Mean Loss 1.0023
2023-02-10 20:22:19,091 - root - INFO - KG & CF Training: Epoch 0002 Iter 0010 / 0041 | Time 0.1s | Iter Loss 0.9821 | Iter Mean Loss 1.0003
2023-02-10 20:22:19,223 - root - INFO - KG & CF Training: Epoch 0002 Iter 0011 / 0041 | Time 0.1s | Iter Loss 0.9846 | Iter Mean Loss 0.9989
2023-02-10 20:22:19,386 - root - INFO - KG & CF Training: Epoch 0002 Iter 0012 / 0041 | Time 0.2s | Iter Loss 0.9848 | Iter Mean Loss 0.9977
2023-02-10 20:22:19,525 - root - INFO - KG & CF Training: Epoch 0002 Iter 0013 / 0041 | Time 0.1s | Iter Loss 0.9679 | Iter Mean Loss 0.9954
2023-02-10 20:22:19,676 - root - INFO - KG & CF Training: Epoch 0002 Iter 0014 / 0041 | Time 0.2s | Iter Loss 0.9714 | Iter Mean Loss 0.9937
2023-02-10 20:22:19,827 - root - INFO - KG & CF Training: Epoch 0002 Iter 0015 / 0041 | Time 0.2s | Iter Loss 0.9563 | Iter Mean Loss 0.9912
2023-02-10 20:22:19,969 - root - INFO - KG & CF Training: Epoch 0002 Iter 0016 / 0041 | Time 0.1s | Iter Loss 0.9615 | Iter Mean Loss 0.9893
2023-02-10 20:22:20,111 - root - INFO - KG & CF Training: Epoch 0002 Iter 0017 / 0041 | Time 0.1s | Iter Loss 0.9572 | Iter Mean Loss 0.9874
2023-02-10 20:22:20,240 - root - INFO - KG & CF Training: Epoch 0002 Iter 0018 / 0041 | Time 0.1s | Iter Loss 0.9542 | Iter Mean Loss 0.9856
2023-02-10 20:22:20,393 - root - INFO - KG & CF Training: Epoch 0002 Iter 0019 / 0041 | Time 0.2s | Iter Loss 0.9499 | Iter Mean Loss 0.9837
2023-02-10 20:22:20,545 - root - INFO - KG & CF Training: Epoch 0002 Iter 0020 / 0041 | Time 0.2s | Iter Loss 0.9580 | Iter Mean Loss 0.9824
2023-02-10 20:22:20,696 - root - INFO - KG & CF Training: Epoch 0002 Iter 0021 / 0041 | Time 0.2s | Iter Loss 0.9523 | Iter Mean Loss 0.9810
2023-02-10 20:22:20,827 - root - INFO - KG & CF Training: Epoch 0002 Iter 0022 / 0041 | Time 0.1s | Iter Loss 0.9492 | Iter Mean Loss 0.9795
2023-02-10 20:22:20,969 - root - INFO - KG & CF Training: Epoch 0002 Iter 0023 / 0041 | Time 0.1s | Iter Loss 0.9467 | Iter Mean Loss 0.9781
2023-02-10 20:22:21,100 - root - INFO - KG & CF Training: Epoch 0002 Iter 0024 / 0041 | Time 0.1s | Iter Loss 0.9424 | Iter Mean Loss 0.9766
2023-02-10 20:22:21,231 - root - INFO - KG & CF Training: Epoch 0002 Iter 0025 / 0041 | Time 0.1s | Iter Loss 0.9445 | Iter Mean Loss 0.9753
2023-02-10 20:22:21,373 - root - INFO - KG & CF Training: Epoch 0002 Iter 0026 / 0041 | Time 0.1s | Iter Loss 0.9375 | Iter Mean Loss 0.9739
2023-02-10 20:22:21,512 - root - INFO - KG & CF Training: Epoch 0002 Iter 0027 / 0041 | Time 0.1s | Iter Loss 0.9291 | Iter Mean Loss 0.9722
2023-02-10 20:22:21,645 - root - INFO - KG & CF Training: Epoch 0002 Iter 0028 / 0041 | Time 0.1s | Iter Loss 0.9289 | Iter Mean Loss 0.9707
2023-02-10 20:22:21,777 - root - INFO - KG & CF Training: Epoch 0002 Iter 0029 / 0041 | Time 0.1s | Iter Loss 0.9231 | Iter Mean Loss 0.9690
2023-02-10 20:22:21,926 - root - INFO - KG & CF Training: Epoch 0002 Iter 0030 / 0041 | Time 0.1s | Iter Loss 0.9259 | Iter Mean Loss 0.9676
2023-02-10 20:22:22,070 - root - INFO - KG & CF Training: Epoch 0002 Iter 0031 / 0041 | Time 0.1s | Iter Loss 0.9291 | Iter Mean Loss 0.9664
2023-02-10 20:22:22,211 - root - INFO - KG & CF Training: Epoch 0002 Iter 0032 / 0041 | Time 0.1s | Iter Loss 0.9324 | Iter Mean Loss 0.9653
2023-02-10 20:22:22,362 - root - INFO - KG & CF Training: Epoch 0002 Iter 0033 / 0041 | Time 0.2s | Iter Loss 0.9268 | Iter Mean Loss 0.9641
2023-02-10 20:22:22,512 - root - INFO - KG & CF Training: Epoch 0002 Iter 0034 / 0041 | Time 0.1s | Iter Loss 0.9246 | Iter Mean Loss 0.9630
2023-02-10 20:22:22,645 - root - INFO - KG & CF Training: Epoch 0002 Iter 0035 / 0041 | Time 0.1s | Iter Loss 0.9226 | Iter Mean Loss 0.9618
2023-02-10 20:22:22,785 - root - INFO - KG & CF Training: Epoch 0002 Iter 0036 / 0041 | Time 0.1s | Iter Loss 0.9104 | Iter Mean Loss 0.9604
2023-02-10 20:22:22,928 - root - INFO - KG & CF Training: Epoch 0002 Iter 0037 / 0041 | Time 0.1s | Iter Loss 0.9131 | Iter Mean Loss 0.9591
2023-02-10 20:22:23,073 - root - INFO - KG & CF Training: Epoch 0002 Iter 0038 / 0041 | Time 0.1s | Iter Loss 0.9075 | Iter Mean Loss 0.9578
2023-02-10 20:22:23,204 - root - INFO - KG & CF Training: Epoch 0002 Iter 0039 / 0041 | Time 0.1s | Iter Loss 0.9177 | Iter Mean Loss 0.9567
2023-02-10 20:22:23,360 - root - INFO - KG & CF Training: Epoch 0002 Iter 0040 / 0041 | Time 0.2s | Iter Loss 0.9169 | Iter Mean Loss 0.9557
2023-02-10 20:22:23,501 - root - INFO - KG & CF Training: Epoch 0002 Iter 0041 / 0041 | Time 0.1s | Iter Loss 0.9041 | Iter Mean Loss 0.9545
2023-02-10 20:22:23,501 - root - INFO - KG & CF Training: Epoch 0002 Total Iter 0041 | Total Time 5.8s | Iter Mean Loss 0.9545
2023-02-10 20:22:23,643 - root - INFO - KG & CF Training: Epoch 0003 Iter 0001 / 0041 | Time 0.1s | Iter Loss 0.9090 | Iter Mean Loss 0.9090
2023-02-10 20:22:23,761 - root - INFO - KG & CF Training: Epoch 0003 Iter 0002 / 0041 | Time 0.1s | Iter Loss 0.9073 | Iter Mean Loss 0.9081
2023-02-10 20:22:23,905 - root - INFO - KG & CF Training: Epoch 0003 Iter 0003 / 0041 | Time 0.1s | Iter Loss 0.9051 | Iter Mean Loss 0.9071
2023-02-10 20:22:24,046 - root - INFO - KG & CF Training: Epoch 0003 Iter 0004 / 0041 | Time 0.1s | Iter Loss 0.9064 | Iter Mean Loss 0.9069
2023-02-10 20:22:24,197 - root - INFO - KG & CF Training: Epoch 0003 Iter 0005 / 0041 | Time 0.2s | Iter Loss 0.9041 | Iter Mean Loss 0.9064
2023-02-10 20:22:24,339 - root - INFO - KG & CF Training: Epoch 0003 Iter 0006 / 0041 | Time 0.1s | Iter Loss 0.8932 | Iter Mean Loss 0.9042
2023-02-10 20:22:24,478 - root - INFO - KG & CF Training: Epoch 0003 Iter 0007 / 0041 | Time 0.1s | Iter Loss 0.9026 | Iter Mean Loss 0.9039
2023-02-10 20:22:24,639 - root - INFO - KG & CF Training: Epoch 0003 Iter 0008 / 0041 | Time 0.2s | Iter Loss 0.9005 | Iter Mean Loss 0.9035
2023-02-10 20:22:24,773 - root - INFO - KG & CF Training: Epoch 0003 Iter 0009 / 0041 | Time 0.1s | Iter Loss 0.8984 | Iter Mean Loss 0.9029
2023-02-10 20:22:24,915 - root - INFO - KG & CF Training: Epoch 0003 Iter 0010 / 0041 | Time 0.1s | Iter Loss 0.8892 | Iter Mean Loss 0.9016
2023-02-10 20:22:25,067 - root - INFO - KG & CF Training: Epoch 0003 Iter 0011 / 0041 | Time 0.2s | Iter Loss 0.8963 | Iter Mean Loss 0.9011
2023-02-10 20:22:25,198 - root - INFO - KG & CF Training: Epoch 0003 Iter 0012 / 0041 | Time 0.1s | Iter Loss 0.8877 | Iter Mean Loss 0.9000
2023-02-10 20:22:25,339 - root - INFO - KG & CF Training: Epoch 0003 Iter 0013 / 0041 | Time 0.1s | Iter Loss 0.8893 | Iter Mean Loss 0.8991
2023-02-10 20:22:25,481 - root - INFO - KG & CF Training: Epoch 0003 Iter 0014 / 0041 | Time 0.1s | Iter Loss 0.8911 | Iter Mean Loss 0.8986
2023-02-10 20:22:25,622 - root - INFO - KG & CF Training: Epoch 0003 Iter 0015 / 0041 | Time 0.1s | Iter Loss 0.8798 | Iter Mean Loss 0.8973
2023-02-10 20:22:25,753 - root - INFO - KG & CF Training: Epoch 0003 Iter 0016 / 0041 | Time 0.1s | Iter Loss 0.8784 | Iter Mean Loss 0.8961
2023-02-10 20:22:25,893 - root - INFO - KG & CF Training: Epoch 0003 Iter 0017 / 0041 | Time 0.1s | Iter Loss 0.8856 | Iter Mean Loss 0.8955
2023-02-10 20:22:26,026 - root - INFO - KG & CF Training: Epoch 0003 Iter 0018 / 0041 | Time 0.1s | Iter Loss 0.8780 | Iter Mean Loss 0.8945
2023-02-10 20:22:26,171 - root - INFO - KG & CF Training: Epoch 0003 Iter 0019 / 0041 | Time 0.1s | Iter Loss 0.8834 | Iter Mean Loss 0.8940
2023-02-10 20:22:26,302 - root - INFO - KG & CF Training: Epoch 0003 Iter 0020 / 0041 | Time 0.1s | Iter Loss 0.8780 | Iter Mean Loss 0.8932
2023-02-10 20:22:26,456 - root - INFO - KG & CF Training: Epoch 0003 Iter 0021 / 0041 | Time 0.2s | Iter Loss 0.8773 | Iter Mean Loss 0.8924
2023-02-10 20:22:26,587 - root - INFO - KG & CF Training: Epoch 0003 Iter 0022 / 0041 | Time 0.1s | Iter Loss 0.8750 | Iter Mean Loss 0.8916
2023-02-10 20:22:26,735 - root - INFO - KG & CF Training: Epoch 0003 Iter 0023 / 0041 | Time 0.1s | Iter Loss 0.8773 | Iter Mean Loss 0.8910
2023-02-10 20:22:26,888 - root - INFO - KG & CF Training: Epoch 0003 Iter 0024 / 0041 | Time 0.2s | Iter Loss 0.8789 | Iter Mean Loss 0.8905
2023-02-10 20:22:27,035 - root - INFO - KG & CF Training: Epoch 0003 Iter 0025 / 0041 | Time 0.1s | Iter Loss 0.8748 | Iter Mean Loss 0.8899
2023-02-10 20:22:27,173 - root - INFO - KG & CF Training: Epoch 0003 Iter 0026 / 0041 | Time 0.1s | Iter Loss 0.8674 | Iter Mean Loss 0.8890
2023-02-10 20:22:27,320 - root - INFO - KG & CF Training: Epoch 0003 Iter 0027 / 0041 | Time 0.1s | Iter Loss 0.8693 | Iter Mean Loss 0.8883
2023-02-10 20:22:27,475 - root - INFO - KG & CF Training: Epoch 0003 Iter 0028 / 0041 | Time 0.2s | Iter Loss 0.8760 | Iter Mean Loss 0.8878
2023-02-10 20:22:27,605 - root - INFO - KG & CF Training: Epoch 0003 Iter 0029 / 0041 | Time 0.1s | Iter Loss 0.8695 | Iter Mean Loss 0.8872
2023-02-10 20:22:27,737 - root - INFO - KG & CF Training: Epoch 0003 Iter 0030 / 0041 | Time 0.1s | Iter Loss 0.8588 | Iter Mean Loss 0.8863
2023-02-10 20:22:27,875 - root - INFO - KG & CF Training: Epoch 0003 Iter 0031 / 0041 | Time 0.1s | Iter Loss 0.8628 | Iter Mean Loss 0.8855
2023-02-10 20:22:28,022 - root - INFO - KG & CF Training: Epoch 0003 Iter 0032 / 0041 | Time 0.1s | Iter Loss 0.8635 | Iter Mean Loss 0.8848
2023-02-10 20:22:28,160 - root - INFO - KG & CF Training: Epoch 0003 Iter 0033 / 0041 | Time 0.1s | Iter Loss 0.8695 | Iter Mean Loss 0.8843
2023-02-10 20:22:28,323 - root - INFO - KG & CF Training: Epoch 0003 Iter 0034 / 0041 | Time 0.2s | Iter Loss 0.8617 | Iter Mean Loss 0.8837
2023-02-10 20:22:28,461 - root - INFO - KG & CF Training: Epoch 0003 Iter 0035 / 0041 | Time 0.1s | Iter Loss 0.8598 | Iter Mean Loss 0.8830
2023-02-10 20:22:28,592 - root - INFO - KG & CF Training: Epoch 0003 Iter 0036 / 0041 | Time 0.1s | Iter Loss 0.8582 | Iter Mean Loss 0.8823
2023-02-10 20:22:28,739 - root - INFO - KG & CF Training: Epoch 0003 Iter 0037 / 0041 | Time 0.1s | Iter Loss 0.8583 | Iter Mean Loss 0.8817
2023-02-10 20:22:28,877 - root - INFO - KG & CF Training: Epoch 0003 Iter 0038 / 0041 | Time 0.1s | Iter Loss 0.8581 | Iter Mean Loss 0.8810
2023-02-10 20:22:29,009 - root - INFO - KG & CF Training: Epoch 0003 Iter 0039 / 0041 | Time 0.1s | Iter Loss 0.8539 | Iter Mean Loss 0.8803
2023-02-10 20:22:29,142 - root - INFO - KG & CF Training: Epoch 0003 Iter 0040 / 0041 | Time 0.1s | Iter Loss 0.8541 | Iter Mean Loss 0.8797
2023-02-10 20:22:29,294 - root - INFO - KG & CF Training: Epoch 0003 Iter 0041 / 0041 | Time 0.2s | Iter Loss 0.8555 | Iter Mean Loss 0.8791
2023-02-10 20:22:29,294 - root - INFO - KG & CF Training: Epoch 0003 Total Iter 0041 | Total Time 5.8s | Iter Mean Loss 0.8791
2023-02-10 20:22:29,443 - root - INFO - KG & CF Training: Epoch 0004 Iter 0001 / 0041 | Time 0.1s | Iter Loss 0.8558 | Iter Mean Loss 0.8558
2023-02-10 20:22:29,579 - root - INFO - KG & CF Training: Epoch 0004 Iter 0002 / 0041 | Time 0.1s | Iter Loss 0.8579 | Iter Mean Loss 0.8568
2023-02-10 20:22:29,726 - root - INFO - KG & CF Training: Epoch 0004 Iter 0003 / 0041 | Time 0.1s | Iter Loss 0.8478 | Iter Mean Loss 0.8538
2023-02-10 20:22:29,864 - root - INFO - KG & CF Training: Epoch 0004 Iter 0004 / 0041 | Time 0.1s | Iter Loss 0.8475 | Iter Mean Loss 0.8522
2023-02-10 20:22:30,011 - root - INFO - KG & CF Training: Epoch 0004 Iter 0005 / 0041 | Time 0.1s | Iter Loss 0.8482 | Iter Mean Loss 0.8514
2023-02-10 20:22:30,158 - root - INFO - KG & CF Training: Epoch 0004 Iter 0006 / 0041 | Time 0.1s | Iter Loss 0.8463 | Iter Mean Loss 0.8506
2023-02-10 20:22:30,312 - root - INFO - KG & CF Training: Epoch 0004 Iter 0007 / 0041 | Time 0.2s | Iter Loss 0.8488 | Iter Mean Loss 0.8503
2023-02-10 20:22:30,444 - root - INFO - KG & CF Training: Epoch 0004 Iter 0008 / 0041 | Time 0.1s | Iter Loss 0.8420 | Iter Mean Loss 0.8493
2023-02-10 20:22:30,582 - root - INFO - KG & CF Training: Epoch 0004 Iter 0009 / 0041 | Time 0.1s | Iter Loss 0.8507 | Iter Mean Loss 0.8494
2023-02-10 20:22:30,713 - root - INFO - KG & CF Training: Epoch 0004 Iter 0010 / 0041 | Time 0.1s | Iter Loss 0.8460 | Iter Mean Loss 0.8491
2023-02-10 20:22:30,845 - root - INFO - KG & CF Training: Epoch 0004 Iter 0011 / 0041 | Time 0.1s | Iter Loss 0.8482 | Iter Mean Loss 0.8490
2023-02-10 20:22:30,983 - root - INFO - KG & CF Training: Epoch 0004 Iter 0012 / 0041 | Time 0.1s | Iter Loss 0.8481 | Iter Mean Loss 0.8489
2023-02-10 20:22:31,114 - root - INFO - KG & CF Training: Epoch 0004 Iter 0013 / 0041 | Time 0.1s | Iter Loss 0.8406 | Iter Mean Loss 0.8483
2023-02-10 20:22:31,246 - root - INFO - KG & CF Training: Epoch 0004 Iter 0014 / 0041 | Time 0.1s | Iter Loss 0.8468 | Iter Mean Loss 0.8482
2023-02-10 20:22:31,399 - root - INFO - KG & CF Training: Epoch 0004 Iter 0015 / 0041 | Time 0.2s | Iter Loss 0.8435 | Iter Mean Loss 0.8479
2023-02-10 20:22:31,547 - root - INFO - KG & CF Training: Epoch 0004 Iter 0016 / 0041 | Time 0.1s | Iter Loss 0.8379 | Iter Mean Loss 0.8473
2023-02-10 20:22:31,669 - root - INFO - KG & CF Training: Epoch 0004 Iter 0017 / 0041 | Time 0.1s | Iter Loss 0.8454 | Iter Mean Loss 0.8471
2023-02-10 20:22:31,816 - root - INFO - KG & CF Training: Epoch 0004 Iter 0018 / 0041 | Time 0.1s | Iter Loss 0.8382 | Iter Mean Loss 0.8466
2023-02-10 20:22:31,970 - root - INFO - KG & CF Training: Epoch 0004 Iter 0019 / 0041 | Time 0.2s | Iter Loss 0.8385 | Iter Mean Loss 0.8462
2023-02-10 20:22:32,101 - root - INFO - KG & CF Training: Epoch 0004 Iter 0020 / 0041 | Time 0.1s | Iter Loss 0.8291 | Iter Mean Loss 0.8454
2023-02-10 20:22:32,248 - root - INFO - KG & CF Training: Epoch 0004 Iter 0021 / 0041 | Time 0.1s | Iter Loss 0.8398 | Iter Mean Loss 0.8451
2023-02-10 20:22:32,393 - root - INFO - KG & CF Training: Epoch 0004 Iter 0022 / 0041 | Time 0.1s | Iter Loss 0.8343 | Iter Mean Loss 0.8446
2023-02-10 20:22:32,524 - root - INFO - KG & CF Training: Epoch 0004 Iter 0023 / 0041 | Time 0.1s | Iter Loss 0.8391 | Iter Mean Loss 0.8444
2023-02-10 20:22:32,666 - root - INFO - KG & CF Training: Epoch 0004 Iter 0024 / 0041 | Time 0.1s | Iter Loss 0.8368 | Iter Mean Loss 0.8441
2023-02-10 20:22:32,807 - root - INFO - KG & CF Training: Epoch 0004 Iter 0025 / 0041 | Time 0.1s | Iter Loss 0.8319 | Iter Mean Loss 0.8436
2023-02-10 20:22:32,958 - root - INFO - KG & CF Training: Epoch 0004 Iter 0026 / 0041 | Time 0.2s | Iter Loss 0.8362 | Iter Mean Loss 0.8433
2023-02-10 20:22:33,099 - root - INFO - KG & CF Training: Epoch 0004 Iter 0027 / 0041 | Time 0.1s | Iter Loss 0.8341 | Iter Mean Loss 0.8429
2023-02-10 20:22:33,234 - root - INFO - KG & CF Training: Epoch 0004 Iter 0028 / 0041 | Time 0.1s | Iter Loss 0.8309 | Iter Mean Loss 0.8425
2023-02-10 20:22:33,366 - root - INFO - KG & CF Training: Epoch 0004 Iter 0029 / 0041 | Time 0.1s | Iter Loss 0.8240 | Iter Mean Loss 0.8419
2023-02-10 20:22:33,519 - root - INFO - KG & CF Training: Epoch 0004 Iter 0030 / 0041 | Time 0.2s | Iter Loss 0.8312 | Iter Mean Loss 0.8415
2023-02-10 20:22:33,651 - root - INFO - KG & CF Training: Epoch 0004 Iter 0031 / 0041 | Time 0.1s | Iter Loss 0.8260 | Iter Mean Loss 0.8410
2023-02-10 20:22:33,798 - root - INFO - KG & CF Training: Epoch 0004 Iter 0032 / 0041 | Time 0.1s | Iter Loss 0.8307 | Iter Mean Loss 0.8407
2023-02-10 20:22:33,936 - root - INFO - KG & CF Training: Epoch 0004 Iter 0033 / 0041 | Time 0.1s | Iter Loss 0.8256 | Iter Mean Loss 0.8402
2023-02-10 20:22:34,080 - root - INFO - KG & CF Training: Epoch 0004 Iter 0034 / 0041 | Time 0.1s | Iter Loss 0.8273 | Iter Mean Loss 0.8399
2023-02-10 20:22:34,221 - root - INFO - KG & CF Training: Epoch 0004 Iter 0035 / 0041 | Time 0.1s | Iter Loss 0.8219 | Iter Mean Loss 0.8393
2023-02-10 20:22:34,352 - root - INFO - KG & CF Training: Epoch 0004 Iter 0036 / 0041 | Time 0.1s | Iter Loss 0.8199 | Iter Mean Loss 0.8388
2023-02-10 20:22:34,500 - root - INFO - KG & CF Training: Epoch 0004 Iter 0037 / 0041 | Time 0.1s | Iter Loss 0.8234 | Iter Mean Loss 0.8384
2023-02-10 20:22:34,638 - root - INFO - KG & CF Training: Epoch 0004 Iter 0038 / 0041 | Time 0.1s | Iter Loss 0.8213 | Iter Mean Loss 0.8379
2023-02-10 20:22:34,785 - root - INFO - KG & CF Training: Epoch 0004 Iter 0039 / 0041 | Time 0.1s | Iter Loss 0.8247 | Iter Mean Loss 0.8376
2023-02-10 20:22:34,923 - root - INFO - KG & CF Training: Epoch 0004 Iter 0040 / 0041 | Time 0.1s | Iter Loss 0.8193 | Iter Mean Loss 0.8371
2023-02-10 20:22:35,074 - root - INFO - KG & CF Training: Epoch 0004 Iter 0041 / 0041 | Time 0.2s | Iter Loss 0.8238 | Iter Mean Loss 0.8368
2023-02-10 20:22:35,074 - root - INFO - KG & CF Training: Epoch 0004 Total Iter 0041 | Total Time 5.8s | Iter Mean Loss 0.8368
2023-02-10 20:22:35,217 - root - INFO - KG & CF Training: Epoch 0005 Iter 0001 / 0041 | Time 0.1s | Iter Loss 0.8244 | Iter Mean Loss 0.8244
2023-02-10 20:22:35,348 - root - INFO - KG & CF Training: Epoch 0005 Iter 0002 / 0041 | Time 0.1s | Iter Loss 0.8327 | Iter Mean Loss 0.8286
2023-02-10 20:22:35,500 - root - INFO - KG & CF Training: Epoch 0005 Iter 0003 / 0041 | Time 0.2s | Iter Loss 0.8246 | Iter Mean Loss 0.8272
2023-02-10 20:22:35,641 - root - INFO - KG & CF Training: Epoch 0005 Iter 0004 / 0041 | Time 0.1s | Iter Loss 0.8176 | Iter Mean Loss 0.8248
2023-02-10 20:22:35,792 - root - INFO - KG & CF Training: Epoch 0005 Iter 0005 / 0041 | Time 0.2s | Iter Loss 0.8163 | Iter Mean Loss 0.8231
2023-02-10 20:22:35,923 - root - INFO - KG & CF Training: Epoch 0005 Iter 0006 / 0041 | Time 0.1s | Iter Loss 0.8169 | Iter Mean Loss 0.8221
2023-02-10 20:22:36,053 - root - INFO - KG & CF Training: Epoch 0005 Iter 0007 / 0041 | Time 0.1s | Iter Loss 0.8149 | Iter Mean Loss 0.8211
2023-02-10 20:22:36,194 - root - INFO - KG & CF Training: Epoch 0005 Iter 0008 / 0041 | Time 0.1s | Iter Loss 0.8231 | Iter Mean Loss 0.8213
2023-02-10 20:22:36,327 - root - INFO - KG & CF Training: Epoch 0005 Iter 0009 / 0041 | Time 0.1s | Iter Loss 0.8153 | Iter Mean Loss 0.8206
2023-02-10 20:22:36,458 - root - INFO - KG & CF Training: Epoch 0005 Iter 0010 / 0041 | Time 0.1s | Iter Loss 0.8129 | Iter Mean Loss 0.8199
2023-02-10 20:22:36,600 - root - INFO - KG & CF Training: Epoch 0005 Iter 0011 / 0041 | Time 0.1s | Iter Loss 0.8203 | Iter Mean Loss 0.8199
2023-02-10 20:22:36,731 - root - INFO - KG & CF Training: Epoch 0005 Iter 0012 / 0041 | Time 0.1s | Iter Loss 0.8159 | Iter Mean Loss 0.8196
2023-02-10 20:22:36,883 - root - INFO - KG & CF Training: Epoch 0005 Iter 0013 / 0041 | Time 0.2s | Iter Loss 0.8161 | Iter Mean Loss 0.8193
2023-02-10 20:22:37,017 - root - INFO - KG & CF Training: Epoch 0005 Iter 0014 / 0041 | Time 0.1s | Iter Loss 0.8122 | Iter Mean Loss 0.8188
2023-02-10 20:22:37,164 - root - INFO - KG & CF Training: Epoch 0005 Iter 0015 / 0041 | Time 0.1s | Iter Loss 0.8049 | Iter Mean Loss 0.8179
2023-02-10 20:22:37,302 - root - INFO - KG & CF Training: Epoch 0005 Iter 0016 / 0041 | Time 0.1s | Iter Loss 0.8115 | Iter Mean Loss 0.8175
2023-02-10 20:22:37,450 - root - INFO - KG & CF Training: Epoch 0005 Iter 0017 / 0041 | Time 0.1s | Iter Loss 0.8159 | Iter Mean Loss 0.8174
2023-02-10 20:22:37,603 - root - INFO - KG & CF Training: Epoch 0005 Iter 0018 / 0041 | Time 0.2s | Iter Loss 0.8162 | Iter Mean Loss 0.8173
2023-02-10 20:22:37,750 - root - INFO - KG & CF Training: Epoch 0005 Iter 0019 / 0041 | Time 0.1s | Iter Loss 0.8133 | Iter Mean Loss 0.8171
2023-02-10 20:22:37,882 - root - INFO - KG & CF Training: Epoch 0005 Iter 0020 / 0041 | Time 0.1s | Iter Loss 0.8111 | Iter Mean Loss 0.8168
2023-02-10 20:22:38,027 - root - INFO - KG & CF Training: Epoch 0005 Iter 0021 / 0041 | Time 0.1s | Iter Loss 0.8127 | Iter Mean Loss 0.8166
2023-02-10 20:22:38,166 - root - INFO - KG & CF Training: Epoch 0005 Iter 0022 / 0041 | Time 0.1s | Iter Loss 0.8141 | Iter Mean Loss 0.8165
2023-02-10 20:22:38,300 - root - INFO - KG & CF Training: Epoch 0005 Iter 0023 / 0041 | Time 0.1s | Iter Loss 0.8077 | Iter Mean Loss 0.8161
2023-02-10 20:22:38,431 - root - INFO - KG & CF Training: Epoch 0005 Iter 0024 / 0041 | Time 0.1s | Iter Loss 0.8065 | Iter Mean Loss 0.8157
2023-02-10 20:22:38,572 - root - INFO - KG & CF Training: Epoch 0005 Iter 0025 / 0041 | Time 0.1s | Iter Loss 0.8102 | Iter Mean Loss 0.8155
2023-02-10 20:22:38,691 - root - INFO - KG & CF Training: Epoch 0005 Iter 0026 / 0041 | Time 0.1s | Iter Loss 0.8035 | Iter Mean Loss 0.8150
2023-02-10 20:22:38,844 - root - INFO - KG & CF Training: Epoch 0005 Iter 0027 / 0041 | Time 0.2s | Iter Loss 0.8015 | Iter Mean Loss 0.8145
2023-02-10 20:22:38,975 - root - INFO - KG & CF Training: Epoch 0005 Iter 0028 / 0041 | Time 0.1s | Iter Loss 0.8059 | Iter Mean Loss 0.8142
2023-02-10 20:22:39,115 - root - INFO - KG & CF Training: Epoch 0005 Iter 0029 / 0041 | Time 0.1s | Iter Loss 0.8011 | Iter Mean Loss 0.8138
2023-02-10 20:22:39,259 - root - INFO - KG & CF Training: Epoch 0005 Iter 0030 / 0041 | Time 0.1s | Iter Loss 0.8042 | Iter Mean Loss 0.8135
2023-02-10 20:22:39,400 - root - INFO - KG & CF Training: Epoch 0005 Iter 0031 / 0041 | Time 0.1s | Iter Loss 0.8044 | Iter Mean Loss 0.8132
2023-02-10 20:22:39,540 - root - INFO - KG & CF Training: Epoch 0005 Iter 0032 / 0041 | Time 0.1s | Iter Loss 0.8038 | Iter Mean Loss 0.8129
2023-02-10 20:22:39,681 - root - INFO - KG & CF Training: Epoch 0005 Iter 0033 / 0041 | Time 0.1s | Iter Loss 0.8009 | Iter Mean Loss 0.8125
2023-02-10 20:22:39,814 - root - INFO - KG & CF Training: Epoch 0005 Iter 0034 / 0041 | Time 0.1s | Iter Loss 0.8039 | Iter Mean Loss 0.8123
2023-02-10 20:22:39,956 - root - INFO - KG & CF Training: Epoch 0005 Iter 0035 / 0041 | Time 0.1s | Iter Loss 0.8039 | Iter Mean Loss 0.8120
2023-02-10 20:22:40,097 - root - INFO - KG & CF Training: Epoch 0005 Iter 0036 / 0041 | Time 0.1s | Iter Loss 0.8000 | Iter Mean Loss 0.8117
2023-02-10 20:22:40,238 - root - INFO - KG & CF Training: Epoch 0005 Iter 0037 / 0041 | Time 0.1s | Iter Loss 0.7945 | Iter Mean Loss 0.8112
2023-02-10 20:22:40,369 - root - INFO - KG & CF Training: Epoch 0005 Iter 0038 / 0041 | Time 0.1s | Iter Loss 0.8024 | Iter Mean Loss 0.8110
2023-02-10 20:22:40,511 - root - INFO - KG & CF Training: Epoch 0005 Iter 0039 / 0041 | Time 0.1s | Iter Loss 0.7998 | Iter Mean Loss 0.8107
2023-02-10 20:22:40,662 - root - INFO - KG & CF Training: Epoch 0005 Iter 0040 / 0041 | Time 0.2s | Iter Loss 0.8010 | Iter Mean Loss 0.8105
2023-02-10 20:22:40,794 - root - INFO - KG & CF Training: Epoch 0005 Iter 0041 / 0041 | Time 0.1s | Iter Loss 0.7989 | Iter Mean Loss 0.8102
2023-02-10 20:22:40,794 - root - INFO - KG & CF Training: Epoch 0005 Total Iter 0041 | Total Time 5.7s | Iter Mean Loss 0.8102
2023-02-10 20:22:40,935 - root - INFO - KG & CF Training: Epoch 0006 Iter 0001 / 0041 | Time 0.1s | Iter Loss 0.7972 | Iter Mean Loss 0.7972
2023-02-10 20:22:41,076 - root - INFO - KG & CF Training: Epoch 0006 Iter 0002 / 0041 | Time 0.1s | Iter Loss 0.7957 | Iter Mean Loss 0.7965
2023-02-10 20:22:41,218 - root - INFO - KG & CF Training: Epoch 0006 Iter 0003 / 0041 | Time 0.1s | Iter Loss 0.8018 | Iter Mean Loss 0.7983
2023-02-10 20:22:41,359 - root - INFO - KG & CF Training: Epoch 0006 Iter 0004 / 0041 | Time 0.1s | Iter Loss 0.8008 | Iter Mean Loss 0.7989
2023-02-10 20:22:41,488 - root - INFO - KG & CF Training: Epoch 0006 Iter 0005 / 0041 | Time 0.1s | Iter Loss 0.7903 | Iter Mean Loss 0.7972
2023-02-10 20:22:41,621 - root - INFO - KG & CF Training: Epoch 0006 Iter 0006 / 0041 | Time 0.1s | Iter Loss 0.7913 | Iter Mean Loss 0.7962
2023-02-10 20:22:41,763 - root - INFO - KG & CF Training: Epoch 0006 Iter 0007 / 0041 | Time 0.1s | Iter Loss 0.7966 | Iter Mean Loss 0.7962
2023-02-10 20:22:41,899 - root - INFO - KG & CF Training: Epoch 0006 Iter 0008 / 0041 | Time 0.1s | Iter Loss 0.7933 | Iter Mean Loss 0.7959
2023-02-10 20:22:42,029 - root - INFO - KG & CF Training: Epoch 0006 Iter 0009 / 0041 | Time 0.1s | Iter Loss 0.7973 | Iter Mean Loss 0.7960
2023-02-10 20:22:42,160 - root - INFO - KG & CF Training: Epoch 0006 Iter 0010 / 0041 | Time 0.1s | Iter Loss 0.7981 | Iter Mean Loss 0.7962
2023-02-10 20:22:42,314 - root - INFO - KG & CF Training: Epoch 0006 Iter 0011 / 0041 | Time 0.1s | Iter Loss 0.7960 | Iter Mean Loss 0.7962
2023-02-10 20:22:42,446 - root - INFO - KG & CF Training: Epoch 0006 Iter 0012 / 0041 | Time 0.1s | Iter Loss 0.7936 | Iter Mean Loss 0.7960
2023-02-10 20:22:42,583 - root - INFO - KG & CF Training: Epoch 0006 Iter 0013 / 0041 | Time 0.1s | Iter Loss 0.7944 | Iter Mean Loss 0.7959
2023-02-10 20:22:42,731 - root - INFO - KG & CF Training: Epoch 0006 Iter 0014 / 0041 | Time 0.1s | Iter Loss 0.7931 | Iter Mean Loss 0.7957
2023-02-10 20:22:42,884 - root - INFO - KG & CF Training: Epoch 0006 Iter 0015 / 0041 | Time 0.1s | Iter Loss 0.7888 | Iter Mean Loss 0.7952
2023-02-10 20:22:43,031 - root - INFO - KG & CF Training: Epoch 0006 Iter 0016 / 0041 | Time 0.1s | Iter Loss 0.7873 | Iter Mean Loss 0.7947
2023-02-10 20:22:43,185 - root - INFO - KG & CF Training: Epoch 0006 Iter 0017 / 0041 | Time 0.2s | Iter Loss 0.7864 | Iter Mean Loss 0.7942
2023-02-10 20:22:43,338 - root - INFO - KG & CF Training: Epoch 0006 Iter 0018 / 0041 | Time 0.2s | Iter Loss 0.7925 | Iter Mean Loss 0.7941
2023-02-10 20:22:43,489 - root - INFO - KG & CF Training: Epoch 0006 Iter 0019 / 0041 | Time 0.2s | Iter Loss 0.7893 | Iter Mean Loss 0.7939
2023-02-10 20:22:43,651 - root - INFO - KG & CF Training: Epoch 0006 Iter 0020 / 0041 | Time 0.2s | Iter Loss 0.7865 | Iter Mean Loss 0.7935
2023-02-10 20:22:43,792 - root - INFO - KG & CF Training: Epoch 0006 Iter 0021 / 0041 | Time 0.1s | Iter Loss 0.7862 | Iter Mean Loss 0.7932
2023-02-10 20:22:43,943 - root - INFO - KG & CF Training: Epoch 0006 Iter 0022 / 0041 | Time 0.2s | Iter Loss 0.7898 | Iter Mean Loss 0.7930
2023-02-10 20:22:44,085 - root - INFO - KG & CF Training: Epoch 0006 Iter 0023 / 0041 | Time 0.1s | Iter Loss 0.7889 | Iter Mean Loss 0.7928
2023-02-10 20:22:44,236 - root - INFO - KG & CF Training: Epoch 0006 Iter 0024 / 0041 | Time 0.2s | Iter Loss 0.7897 | Iter Mean Loss 0.7927
2023-02-10 20:22:44,378 - root - INFO - KG & CF Training: Epoch 0006 Iter 0025 / 0041 | Time 0.1s | Iter Loss 0.7879 | Iter Mean Loss 0.7925
2023-02-10 20:22:44,507 - root - INFO - KG & CF Training: Epoch 0006 Iter 0026 / 0041 | Time 0.1s | Iter Loss 0.7869 | Iter Mean Loss 0.7923
2023-02-10 20:22:44,659 - root - INFO - KG & CF Training: Epoch 0006 Iter 0027 / 0041 | Time 0.2s | Iter Loss 0.7916 | Iter Mean Loss 0.7923
2023-02-10 20:22:44,792 - root - INFO - KG & CF Training: Epoch 0006 Iter 0028 / 0041 | Time 0.1s | Iter Loss 0.7905 | Iter Mean Loss 0.7922
2023-02-10 20:22:44,943 - root - INFO - KG & CF Training: Epoch 0006 Iter 0029 / 0041 | Time 0.2s | Iter Loss 0.7902 | Iter Mean Loss 0.7921
2023-02-10 20:22:45,074 - root - INFO - KG & CF Training: Epoch 0006 Iter 0030 / 0041 | Time 0.1s | Iter Loss 0.7827 | Iter Mean Loss 0.7918
2023-02-10 20:22:45,224 - root - INFO - KG & CF Training: Epoch 0006 Iter 0031 / 0041 | Time 0.1s | Iter Loss 0.7823 | Iter Mean Loss 0.7915
2023-02-10 20:22:45,347 - root - INFO - KG & CF Training: Epoch 0006 Iter 0032 / 0041 | Time 0.1s | Iter Loss 0.7827 | Iter Mean Loss 0.7912
2023-02-10 20:22:45,489 - root - INFO - KG & CF Training: Epoch 0006 Iter 0033 / 0041 | Time 0.1s | Iter Loss 0.7860 | Iter Mean Loss 0.7911
2023-02-10 20:22:45,620 - root - INFO - KG & CF Training: Epoch 0006 Iter 0034 / 0041 | Time 0.1s | Iter Loss 0.7848 | Iter Mean Loss 0.7909
2023-02-10 20:22:45,761 - root - INFO - KG & CF Training: Epoch 0006 Iter 0035 / 0041 | Time 0.1s | Iter Loss 0.7804 | Iter Mean Loss 0.7906
2023-02-10 20:22:45,902 - root - INFO - KG & CF Training: Epoch 0006 Iter 0036 / 0041 | Time 0.1s | Iter Loss 0.7797 | Iter Mean Loss 0.7903
2023-02-10 20:22:46,042 - root - INFO - KG & CF Training: Epoch 0006 Iter 0037 / 0041 | Time 0.1s | Iter Loss 0.7844 | Iter Mean Loss 0.7901
2023-02-10 20:22:46,185 - root - INFO - KG & CF Training: Epoch 0006 Iter 0038 / 0041 | Time 0.1s | Iter Loss 0.7799 | Iter Mean Loss 0.7899
2023-02-10 20:22:46,317 - root - INFO - KG & CF Training: Epoch 0006 Iter 0039 / 0041 | Time 0.1s | Iter Loss 0.7820 | Iter Mean Loss 0.7897
2023-02-10 20:22:46,458 - root - INFO - KG & CF Training: Epoch 0006 Iter 0040 / 0041 | Time 0.1s | Iter Loss 0.7810 | Iter Mean Loss 0.7894
2023-02-10 20:22:46,607 - root - INFO - KG & CF Training: Epoch 0006 Iter 0041 / 0041 | Time 0.1s | Iter Loss 0.7786 | Iter Mean Loss 0.7892
2023-02-10 20:22:46,609 - root - INFO - KG & CF Training: Epoch 0006 Total Iter 0041 | Total Time 5.8s | Iter Mean Loss 0.7892
2023-02-10 20:22:46,741 - root - INFO - KG & CF Training: Epoch 0007 Iter 0001 / 0041 | Time 0.1s | Iter Loss 0.7783 | Iter Mean Loss 0.7783
2023-02-10 20:22:46,882 - root - INFO - KG & CF Training: Epoch 0007 Iter 0002 / 0041 | Time 0.1s | Iter Loss 0.7684 | Iter Mean Loss 0.7734
2023-02-10 20:22:47,023 - root - INFO - KG & CF Training: Epoch 0007 Iter 0003 / 0041 | Time 0.1s | Iter Loss 0.7780 | Iter Mean Loss 0.7749
2023-02-10 20:22:47,155 - root - INFO - KG & CF Training: Epoch 0007 Iter 0004 / 0041 | Time 0.1s | Iter Loss 0.7756 | Iter Mean Loss 0.7751
2023-02-10 20:22:47,296 - root - INFO - KG & CF Training: Epoch 0007 Iter 0005 / 0041 | Time 0.1s | Iter Loss 0.7775 | Iter Mean Loss 0.7756
2023-02-10 20:22:47,455 - root - INFO - KG & CF Training: Epoch 0007 Iter 0006 / 0041 | Time 0.2s | Iter Loss 0.7762 | Iter Mean Loss 0.7757
2023-02-10 20:22:47,587 - root - INFO - KG & CF Training: Epoch 0007 Iter 0007 / 0041 | Time 0.1s | Iter Loss 0.7732 | Iter Mean Loss 0.7753
2023-02-10 20:22:47,730 - root - INFO - KG & CF Training: Epoch 0007 Iter 0008 / 0041 | Time 0.1s | Iter Loss 0.7811 | Iter Mean Loss 0.7760
2023-02-10 20:22:47,872 - root - INFO - KG & CF Training: Epoch 0007 Iter 0009 / 0041 | Time 0.1s | Iter Loss 0.7657 | Iter Mean Loss 0.7749
2023-02-10 20:22:48,011 - root - INFO - KG & CF Training: Epoch 0007 Iter 0010 / 0041 | Time 0.1s | Iter Loss 0.7717 | Iter Mean Loss 0.7746
2023-02-10 20:22:48,154 - root - INFO - KG & CF Training: Epoch 0007 Iter 0011 / 0041 | Time 0.1s | Iter Loss 0.7744 | Iter Mean Loss 0.7746
2023-02-10 20:22:48,305 - root - INFO - KG & CF Training: Epoch 0007 Iter 0012 / 0041 | Time 0.2s | Iter Loss 0.7708 | Iter Mean Loss 0.7742
2023-02-10 20:22:48,437 - root - INFO - KG & CF Training: Epoch 0007 Iter 0013 / 0041 | Time 0.1s | Iter Loss 0.7719 | Iter Mean Loss 0.7741
2023-02-10 20:22:48,588 - root - INFO - KG & CF Training: Epoch 0007 Iter 0014 / 0041 | Time 0.1s | Iter Loss 0.7734 | Iter Mean Loss 0.7740
2023-02-10 20:22:48,727 - root - INFO - KG & CF Training: Epoch 0007 Iter 0015 / 0041 | Time 0.1s | Iter Loss 0.7756 | Iter Mean Loss 0.7741
2023-02-10 20:22:48,860 - root - INFO - KG & CF Training: Epoch 0007 Iter 0016 / 0041 | Time 0.1s | Iter Loss 0.7702 | Iter Mean Loss 0.7739
2023-02-10 20:22:48,992 - root - INFO - KG & CF Training: Epoch 0007 Iter 0017 / 0041 | Time 0.1s | Iter Loss 0.7661 | Iter Mean Loss 0.7734
2023-02-10 20:22:49,144 - root - INFO - KG & CF Training: Epoch 0007 Iter 0018 / 0041 | Time 0.2s | Iter Loss 0.7706 | Iter Mean Loss 0.7733
2023-02-10 20:22:49,295 - root - INFO - KG & CF Training: Epoch 0007 Iter 0019 / 0041 | Time 0.2s | Iter Loss 0.7658 | Iter Mean Loss 0.7729
2023-02-10 20:22:49,427 - root - INFO - KG & CF Training: Epoch 0007 Iter 0020 / 0041 | Time 0.1s | Iter Loss 0.7707 | Iter Mean Loss 0.7728
2023-02-10 20:22:49,548 - root - INFO - KG & CF Training: Epoch 0007 Iter 0021 / 0041 | Time 0.1s | Iter Loss 0.7681 | Iter Mean Loss 0.7725
2023-02-10 20:22:49,689 - root - INFO - KG & CF Training: Epoch 0007 Iter 0022 / 0041 | Time 0.1s | Iter Loss 0.7700 | Iter Mean Loss 0.7724
2023-02-10 20:22:49,838 - root - INFO - KG & CF Training: Epoch 0007 Iter 0023 / 0041 | Time 0.1s | Iter Loss 0.7675 | Iter Mean Loss 0.7722
2023-02-10 20:22:49,971 - root - INFO - KG & CF Training: Epoch 0007 Iter 0024 / 0041 | Time 0.1s | Iter Loss 0.7644 | Iter Mean Loss 0.7719
2023-02-10 20:22:50,100 - root - INFO - KG & CF Training: Epoch 0007 Iter 0025 / 0041 | Time 0.1s | Iter Loss 0.7629 | Iter Mean Loss 0.7715
2023-02-10 20:22:50,232 - root - INFO - KG & CF Training: Epoch 0007 Iter 0026 / 0041 | Time 0.1s | Iter Loss 0.7668 | Iter Mean Loss 0.7713
2023-02-10 20:22:50,379 - root - INFO - KG & CF Training: Epoch 0007 Iter 0027 / 0041 | Time 0.1s | Iter Loss 0.7625 | Iter Mean Loss 0.7710
2023-02-10 20:22:50,517 - root - INFO - KG & CF Training: Epoch 0007 Iter 0028 / 0041 | Time 0.1s | Iter Loss 0.7603 | Iter Mean Loss 0.7706
2023-02-10 20:22:50,649 - root - INFO - KG & CF Training: Epoch 0007 Iter 0029 / 0041 | Time 0.1s | Iter Loss 0.7671 | Iter Mean Loss 0.7705
2023-02-10 20:22:50,812 - root - INFO - KG & CF Training: Epoch 0007 Iter 0030 / 0041 | Time 0.2s | Iter Loss 0.7634 | Iter Mean Loss 0.7703
2023-02-10 20:22:50,956 - root - INFO - KG & CF Training: Epoch 0007 Iter 0031 / 0041 | Time 0.1s | Iter Loss 0.7634 | Iter Mean Loss 0.7701
2023-02-10 20:22:51,097 - root - INFO - KG & CF Training: Epoch 0007 Iter 0032 / 0041 | Time 0.1s | Iter Loss 0.7624 | Iter Mean Loss 0.7698
2023-02-10 20:22:51,239 - root - INFO - KG & CF Training: Epoch 0007 Iter 0033 / 0041 | Time 0.1s | Iter Loss 0.7616 | Iter Mean Loss 0.7696
2023-02-10 20:22:51,390 - root - INFO - KG & CF Training: Epoch 0007 Iter 0034 / 0041 | Time 0.2s | Iter Loss 0.7599 | Iter Mean Loss 0.7693
2023-02-10 20:22:51,521 - root - INFO - KG & CF Training: Epoch 0007 Iter 0035 / 0041 | Time 0.1s | Iter Loss 0.7637 | Iter Mean Loss 0.7691
2023-02-10 20:22:51,651 - root - INFO - KG & CF Training: Epoch 0007 Iter 0036 / 0041 | Time 0.1s | Iter Loss 0.7605 | Iter Mean Loss 0.7689
2023-02-10 20:22:51,812 - root - INFO - KG & CF Training: Epoch 0007 Iter 0037 / 0041 | Time 0.2s | Iter Loss 0.7627 | Iter Mean Loss 0.7687
2023-02-10 20:22:51,955 - root - INFO - KG & CF Training: Epoch 0007 Iter 0038 / 0041 | Time 0.1s | Iter Loss 0.7588 | Iter Mean Loss 0.7685
2023-02-10 20:22:52,087 - root - INFO - KG & CF Training: Epoch 0007 Iter 0039 / 0041 | Time 0.1s | Iter Loss 0.7567 | Iter Mean Loss 0.7682
2023-02-10 20:22:52,228 - root - INFO - KG & CF Training: Epoch 0007 Iter 0040 / 0041 | Time 0.1s | Iter Loss 0.7562 | Iter Mean Loss 0.7679
2023-02-10 20:22:52,369 - root - INFO - KG & CF Training: Epoch 0007 Iter 0041 / 0041 | Time 0.1s | Iter Loss 0.7525 | Iter Mean Loss 0.7675
2023-02-10 20:22:52,377 - root - INFO - KG & CF Training: Epoch 0007 Total Iter 0041 | Total Time 5.8s | Iter Mean Loss 0.7675
2023-02-10 20:22:52,520 - root - INFO - KG & CF Training: Epoch 0008 Iter 0001 / 0041 | Time 0.1s | Iter Loss 0.7533 | Iter Mean Loss 0.7533
2023-02-10 20:22:52,662 - root - INFO - KG & CF Training: Epoch 0008 Iter 0002 / 0041 | Time 0.1s | Iter Loss 0.7487 | Iter Mean Loss 0.7510
2023-02-10 20:22:52,811 - root - INFO - KG & CF Training: Epoch 0008 Iter 0003 / 0041 | Time 0.1s | Iter Loss 0.7544 | Iter Mean Loss 0.7521
2023-02-10 20:22:52,962 - root - INFO - KG & CF Training: Epoch 0008 Iter 0004 / 0041 | Time 0.2s | Iter Loss 0.7620 | Iter Mean Loss 0.7546
2023-02-10 20:22:53,095 - root - INFO - KG & CF Training: Epoch 0008 Iter 0005 / 0041 | Time 0.1s | Iter Loss 0.7572 | Iter Mean Loss 0.7551
2023-02-10 20:22:53,217 - root - INFO - KG & CF Training: Epoch 0008 Iter 0006 / 0041 | Time 0.1s | Iter Loss 0.7558 | Iter Mean Loss 0.7552
2023-02-10 20:22:53,358 - root - INFO - KG & CF Training: Epoch 0008 Iter 0007 / 0041 | Time 0.1s | Iter Loss 0.7514 | Iter Mean Loss 0.7547
2023-02-10 20:22:53,499 - root - INFO - KG & CF Training: Epoch 0008 Iter 0008 / 0041 | Time 0.1s | Iter Loss 0.7544 | Iter Mean Loss 0.7547
2023-02-10 20:22:53,641 - root - INFO - KG & CF Training: Epoch 0008 Iter 0009 / 0041 | Time 0.1s | Iter Loss 0.7439 | Iter Mean Loss 0.7535
2023-02-10 20:22:53,792 - root - INFO - KG & CF Training: Epoch 0008 Iter 0010 / 0041 | Time 0.2s | Iter Loss 0.7476 | Iter Mean Loss 0.7529
2023-02-10 20:22:53,924 - root - INFO - KG & CF Training: Epoch 0008 Iter 0011 / 0041 | Time 0.1s | Iter Loss 0.7481 | Iter Mean Loss 0.7524
2023-02-10 20:22:54,073 - root - INFO - KG & CF Training: Epoch 0008 Iter 0012 / 0041 | Time 0.1s | Iter Loss 0.7521 | Iter Mean Loss 0.7524
2023-02-10 20:22:54,196 - root - INFO - KG & CF Training: Epoch 0008 Iter 0013 / 0041 | Time 0.1s | Iter Loss 0.7507 | Iter Mean Loss 0.7523
2023-02-10 20:22:54,327 - root - INFO - KG & CF Training: Epoch 0008 Iter 0014 / 0041 | Time 0.1s | Iter Loss 0.7431 | Iter Mean Loss 0.7516
2023-02-10 20:22:54,459 - root - INFO - KG & CF Training: Epoch 0008 Iter 0015 / 0041 | Time 0.1s | Iter Loss 0.7423 | Iter Mean Loss 0.7510
2023-02-10 20:22:54,590 - root - INFO - KG & CF Training: Epoch 0008 Iter 0016 / 0041 | Time 0.1s | Iter Loss 0.7492 | Iter Mean Loss 0.7509
2023-02-10 20:22:54,731 - root - INFO - KG & CF Training: Epoch 0008 Iter 0017 / 0041 | Time 0.1s | Iter Loss 0.7478 | Iter Mean Loss 0.7507
2023-02-10 20:22:54,872 - root - INFO - KG & CF Training: Epoch 0008 Iter 0018 / 0041 | Time 0.1s | Iter Loss 0.7398 | Iter Mean Loss 0.7501
2023-02-10 20:22:55,013 - root - INFO - KG & CF Training: Epoch 0008 Iter 0019 / 0041 | Time 0.1s | Iter Loss 0.7459 | Iter Mean Loss 0.7499
2023-02-10 20:22:55,165 - root - INFO - KG & CF Training: Epoch 0008 Iter 0020 / 0041 | Time 0.1s | Iter Loss 0.7450 | Iter Mean Loss 0.7496
2023-02-10 20:22:55,296 - root - INFO - KG & CF Training: Epoch 0008 Iter 0021 / 0041 | Time 0.1s | Iter Loss 0.7462 | Iter Mean Loss 0.7495
2023-02-10 20:22:55,437 - root - INFO - KG & CF Training: Epoch 0008 Iter 0022 / 0041 | Time 0.1s | Iter Loss 0.7414 | Iter Mean Loss 0.7491
2023-02-10 20:22:55,578 - root - INFO - KG & CF Training: Epoch 0008 Iter 0023 / 0041 | Time 0.1s | Iter Loss 0.7482 | Iter Mean Loss 0.7491
2023-02-10 20:22:55,720 - root - INFO - KG & CF Training: Epoch 0008 Iter 0024 / 0041 | Time 0.1s | Iter Loss 0.7415 | Iter Mean Loss 0.7488
2023-02-10 20:22:55,851 - root - INFO - KG & CF Training: Epoch 0008 Iter 0025 / 0041 | Time 0.1s | Iter Loss 0.7397 | Iter Mean Loss 0.7484
2023-02-10 20:22:55,982 - root - INFO - KG & CF Training: Epoch 0008 Iter 0026 / 0041 | Time 0.1s | Iter Loss 0.7388 | Iter Mean Loss 0.7480
2023-02-10 20:22:56,132 - root - INFO - KG & CF Training: Epoch 0008 Iter 0027 / 0041 | Time 0.1s | Iter Loss 0.7393 | Iter Mean Loss 0.7477
2023-02-10 20:22:56,275 - root - INFO - KG & CF Training: Epoch 0008 Iter 0028 / 0041 | Time 0.1s | Iter Loss 0.7370 | Iter Mean Loss 0.7473
2023-02-10 20:22:56,416 - root - INFO - KG & CF Training: Epoch 0008 Iter 0029 / 0041 | Time 0.1s | Iter Loss 0.7381 | Iter Mean Loss 0.7470
2023-02-10 20:22:56,537 - root - INFO - KG & CF Training: Epoch 0008 Iter 0030 / 0041 | Time 0.1s | Iter Loss 0.7363 | Iter Mean Loss 0.7466
2023-02-10 20:22:56,679 - root - INFO - KG & CF Training: Epoch 0008 Iter 0031 / 0041 | Time 0.1s | Iter Loss 0.7391 | Iter Mean Loss 0.7464
2023-02-10 20:22:56,820 - root - INFO - KG & CF Training: Epoch 0008 Iter 0032 / 0041 | Time 0.1s | Iter Loss 0.7424 | Iter Mean Loss 0.7463
2023-02-10 20:22:56,961 - root - INFO - KG & CF Training: Epoch 0008 Iter 0033 / 0041 | Time 0.1s | Iter Loss 0.7355 | Iter Mean Loss 0.7459
2023-02-10 20:22:57,103 - root - INFO - KG & CF Training: Epoch 0008 Iter 0034 / 0041 | Time 0.1s | Iter Loss 0.7298 | Iter Mean Loss 0.7455
2023-02-10 20:22:57,252 - root - INFO - KG & CF Training: Epoch 0008 Iter 0035 / 0041 | Time 0.1s | Iter Loss 0.7405 | Iter Mean Loss 0.7453
2023-02-10 20:22:57,396 - root - INFO - KG & CF Training: Epoch 0008 Iter 0036 / 0041 | Time 0.1s | Iter Loss 0.7336 | Iter Mean Loss 0.7450
2023-02-10 20:22:57,537 - root - INFO - KG & CF Training: Epoch 0008 Iter 0037 / 0041 | Time 0.1s | Iter Loss 0.7379 | Iter Mean Loss 0.7448
2023-02-10 20:22:57,679 - root - INFO - KG & CF Training: Epoch 0008 Iter 0038 / 0041 | Time 0.1s | Iter Loss 0.7281 | Iter Mean Loss 0.7444
2023-02-10 20:22:57,840 - root - INFO - KG & CF Training: Epoch 0008 Iter 0039 / 0041 | Time 0.2s | Iter Loss 0.7364 | Iter Mean Loss 0.7442
2023-02-10 20:22:57,982 - root - INFO - KG & CF Training: Epoch 0008 Iter 0040 / 0041 | Time 0.1s | Iter Loss 0.7331 | Iter Mean Loss 0.7439
2023-02-10 20:22:58,141 - root - INFO - KG & CF Training: Epoch 0008 Iter 0041 / 0041 | Time 0.2s | Iter Loss 0.7270 | Iter Mean Loss 0.7435
2023-02-10 20:22:58,141 - root - INFO - KG & CF Training: Epoch 0008 Total Iter 0041 | Total Time 5.8s | Iter Mean Loss 0.7435
2023-02-10 20:22:58,302 - root - INFO - KG & CF Training: Epoch 0009 Iter 0001 / 0041 | Time 0.2s | Iter Loss 0.7282 | Iter Mean Loss 0.7282
2023-02-10 20:22:58,446 - root - INFO - KG & CF Training: Epoch 0009 Iter 0002 / 0041 | Time 0.1s | Iter Loss 0.7242 | Iter Mean Loss 0.7262
2023-02-10 20:22:58,598 - root - INFO - KG & CF Training: Epoch 0009 Iter 0003 / 0041 | Time 0.2s | Iter Loss 0.7199 | Iter Mean Loss 0.7241
2023-02-10 20:22:58,739 - root - INFO - KG & CF Training: Epoch 0009 Iter 0004 / 0041 | Time 0.1s | Iter Loss 0.7270 | Iter Mean Loss 0.7248
2023-02-10 20:22:58,881 - root - INFO - KG & CF Training: Epoch 0009 Iter 0005 / 0041 | Time 0.1s | Iter Loss 0.7238 | Iter Mean Loss 0.7246
2023-02-10 20:22:59,032 - root - INFO - KG & CF Training: Epoch 0009 Iter 0006 / 0041 | Time 0.2s | Iter Loss 0.7209 | Iter Mean Loss 0.7240
2023-02-10 20:22:59,174 - root - INFO - KG & CF Training: Epoch 0009 Iter 0007 / 0041 | Time 0.1s | Iter Loss 0.7211 | Iter Mean Loss 0.7236
2023-02-10 20:22:59,336 - root - INFO - KG & CF Training: Epoch 0009 Iter 0008 / 0041 | Time 0.2s | Iter Loss 0.7201 | Iter Mean Loss 0.7232
2023-02-10 20:22:59,496 - root - INFO - KG & CF Training: Epoch 0009 Iter 0009 / 0041 | Time 0.2s | Iter Loss 0.7165 | Iter Mean Loss 0.7224
2023-02-10 20:22:59,649 - root - INFO - KG & CF Training: Epoch 0009 Iter 0010 / 0041 | Time 0.2s | Iter Loss 0.7165 | Iter Mean Loss 0.7218
2023-02-10 20:22:59,799 - root - INFO - KG & CF Training: Epoch 0009 Iter 0011 / 0041 | Time 0.1s | Iter Loss 0.7160 | Iter Mean Loss 0.7213
2023-02-10 20:22:59,932 - root - INFO - KG & CF Training: Epoch 0009 Iter 0012 / 0041 | Time 0.1s | Iter Loss 0.7232 | Iter Mean Loss 0.7215
2023-02-10 20:23:00,074 - root - INFO - KG & CF Training: Epoch 0009 Iter 0013 / 0041 | Time 0.1s | Iter Loss 0.7197 | Iter Mean Loss 0.7213
2023-02-10 20:23:00,215 - root - INFO - KG & CF Training: Epoch 0009 Iter 0014 / 0041 | Time 0.1s | Iter Loss 0.7197 | Iter Mean Loss 0.7212
2023-02-10 20:23:00,346 - root - INFO - KG & CF Training: Epoch 0009 Iter 0015 / 0041 | Time 0.1s | Iter Loss 0.7153 | Iter Mean Loss 0.7208
2023-02-10 20:23:00,497 - root - INFO - KG & CF Training: Epoch 0009 Iter 0016 / 0041 | Time 0.1s | Iter Loss 0.7107 | Iter Mean Loss 0.7202
2023-02-10 20:23:00,629 - root - INFO - KG & CF Training: Epoch 0009 Iter 0017 / 0041 | Time 0.1s | Iter Loss 0.7182 | Iter Mean Loss 0.7201
2023-02-10 20:23:00,780 - root - INFO - KG & CF Training: Epoch 0009 Iter 0018 / 0041 | Time 0.2s | Iter Loss 0.7243 | Iter Mean Loss 0.7203
2023-02-10 20:23:00,932 - root - INFO - KG & CF Training: Epoch 0009 Iter 0019 / 0041 | Time 0.2s | Iter Loss 0.7151 | Iter Mean Loss 0.7200
2023-02-10 20:23:01,073 - root - INFO - KG & CF Training: Epoch 0009 Iter 0020 / 0041 | Time 0.1s | Iter Loss 0.7163 | Iter Mean Loss 0.7198
2023-02-10 20:23:01,225 - root - INFO - KG & CF Training: Epoch 0009 Iter 0021 / 0041 | Time 0.2s | Iter Loss 0.7220 | Iter Mean Loss 0.7199
2023-02-10 20:23:01,354 - root - INFO - KG & CF Training: Epoch 0009 Iter 0022 / 0041 | Time 0.1s | Iter Loss 0.7133 | Iter Mean Loss 0.7196
2023-02-10 20:23:01,497 - root - INFO - KG & CF Training: Epoch 0009 Iter 0023 / 0041 | Time 0.1s | Iter Loss 0.7129 | Iter Mean Loss 0.7194
2023-02-10 20:23:01,636 - root - INFO - KG & CF Training: Epoch 0009 Iter 0024 / 0041 | Time 0.1s | Iter Loss 0.7130 | Iter Mean Loss 0.7191
2023-02-10 20:23:01,780 - root - INFO - KG & CF Training: Epoch 0009 Iter 0025 / 0041 | Time 0.1s | Iter Loss 0.7141 | Iter Mean Loss 0.7189
2023-02-10 20:23:01,919 - root - INFO - KG & CF Training: Epoch 0009 Iter 0026 / 0041 | Time 0.1s | Iter Loss 0.7078 | Iter Mean Loss 0.7185
2023-02-10 20:23:02,062 - root - INFO - KG & CF Training: Epoch 0009 Iter 0027 / 0041 | Time 0.1s | Iter Loss 0.7093 | Iter Mean Loss 0.7181
2023-02-10 20:23:02,201 - root - INFO - KG & CF Training: Epoch 0009 Iter 0028 / 0041 | Time 0.1s | Iter Loss 0.7066 | Iter Mean Loss 0.7177
2023-02-10 20:23:02,355 - root - INFO - KG & CF Training: Epoch 0009 Iter 0029 / 0041 | Time 0.2s | Iter Loss 0.7073 | Iter Mean Loss 0.7174
2023-02-10 20:23:02,484 - root - INFO - KG & CF Training: Epoch 0009 Iter 0030 / 0041 | Time 0.1s | Iter Loss 0.7138 | Iter Mean Loss 0.7172
2023-02-10 20:23:02,628 - root - INFO - KG & CF Training: Epoch 0009 Iter 0031 / 0041 | Time 0.1s | Iter Loss 0.7045 | Iter Mean Loss 0.7168
2023-02-10 20:23:02,767 - root - INFO - KG & CF Training: Epoch 0009 Iter 0032 / 0041 | Time 0.1s | Iter Loss 0.7092 | Iter Mean Loss 0.7166
2023-02-10 20:23:02,908 - root - INFO - KG & CF Training: Epoch 0009 Iter 0033 / 0041 | Time 0.1s | Iter Loss 0.7021 | Iter Mean Loss 0.7161
2023-02-10 20:23:03,041 - root - INFO - KG & CF Training: Epoch 0009 Iter 0034 / 0041 | Time 0.1s | Iter Loss 0.7030 | Iter Mean Loss 0.7158
2023-02-10 20:23:03,183 - root - INFO - KG & CF Training: Epoch 0009 Iter 0035 / 0041 | Time 0.1s | Iter Loss 0.6942 | Iter Mean Loss 0.7151
2023-02-10 20:23:03,334 - root - INFO - KG & CF Training: Epoch 0009 Iter 0036 / 0041 | Time 0.2s | Iter Loss 0.7067 | Iter Mean Loss 0.7149
2023-02-10 20:23:03,485 - root - INFO - KG & CF Training: Epoch 0009 Iter 0037 / 0041 | Time 0.1s | Iter Loss 0.7049 | Iter Mean Loss 0.7146
2023-02-10 20:23:03,616 - root - INFO - KG & CF Training: Epoch 0009 Iter 0038 / 0041 | Time 0.1s | Iter Loss 0.6937 | Iter Mean Loss 0.7141
2023-02-10 20:23:03,768 - root - INFO - KG & CF Training: Epoch 0009 Iter 0039 / 0041 | Time 0.2s | Iter Loss 0.6934 | Iter Mean Loss 0.7136
2023-02-10 20:23:03,909 - root - INFO - KG & CF Training: Epoch 0009 Iter 0040 / 0041 | Time 0.1s | Iter Loss 0.6957 | Iter Mean Loss 0.7131
2023-02-10 20:23:04,051 - root - INFO - KG & CF Training: Epoch 0009 Iter 0041 / 0041 | Time 0.1s | Iter Loss 0.6937 | Iter Mean Loss 0.7126
2023-02-10 20:23:04,051 - root - INFO - KG & CF Training: Epoch 0009 Total Iter 0041 | Total Time 5.9s | Iter Mean Loss 0.7126
2023-02-10 20:23:04,202 - root - INFO - KG & CF Training: Epoch 0010 Iter 0001 / 0041 | Time 0.2s | Iter Loss 0.6972 | Iter Mean Loss 0.6972
2023-02-10 20:23:04,334 - root - INFO - KG & CF Training: Epoch 0010 Iter 0002 / 0041 | Time 0.1s | Iter Loss 0.6962 | Iter Mean Loss 0.6967
2023-02-10 20:23:04,463 - root - INFO - KG & CF Training: Epoch 0010 Iter 0003 / 0041 | Time 0.1s | Iter Loss 0.6902 | Iter Mean Loss 0.6945
2023-02-10 20:23:04,596 - root - INFO - KG & CF Training: Epoch 0010 Iter 0004 / 0041 | Time 0.1s | Iter Loss 0.6896 | Iter Mean Loss 0.6933
2023-02-10 20:23:04,737 - root - INFO - KG & CF Training: Epoch 0010 Iter 0005 / 0041 | Time 0.1s | Iter Loss 0.6941 | Iter Mean Loss 0.6935
2023-02-10 20:23:04,889 - root - INFO - KG & CF Training: Epoch 0010 Iter 0006 / 0041 | Time 0.2s | Iter Loss 0.6932 | Iter Mean Loss 0.6934
2023-02-10 20:23:05,028 - root - INFO - KG & CF Training: Epoch 0010 Iter 0007 / 0041 | Time 0.1s | Iter Loss 0.6946 | Iter Mean Loss 0.6936
2023-02-10 20:23:05,172 - root - INFO - KG & CF Training: Epoch 0010 Iter 0008 / 0041 | Time 0.1s | Iter Loss 0.6936 | Iter Mean Loss 0.6936
2023-02-10 20:23:05,313 - root - INFO - KG & CF Training: Epoch 0010 Iter 0009 / 0041 | Time 0.1s | Iter Loss 0.6950 | Iter Mean Loss 0.6937
2023-02-10 20:23:05,455 - root - INFO - KG & CF Training: Epoch 0010 Iter 0010 / 0041 | Time 0.1s | Iter Loss 0.6937 | Iter Mean Loss 0.6937
2023-02-10 20:23:05,585 - root - INFO - KG & CF Training: Epoch 0010 Iter 0011 / 0041 | Time 0.1s | Iter Loss 0.6825 | Iter Mean Loss 0.6927
2023-02-10 20:23:05,723 - root - INFO - KG & CF Training: Epoch 0010 Iter 0012 / 0041 | Time 0.1s | Iter Loss 0.6902 | Iter Mean Loss 0.6925
2023-02-10 20:23:05,855 - root - INFO - KG & CF Training: Epoch 0010 Iter 0013 / 0041 | Time 0.1s | Iter Loss 0.6797 | Iter Mean Loss 0.6915
2023-02-10 20:23:06,002 - root - INFO - KG & CF Training: Epoch 0010 Iter 0014 / 0041 | Time 0.1s | Iter Loss 0.6975 | Iter Mean Loss 0.6920
2023-02-10 20:23:06,140 - root - INFO - KG & CF Training: Epoch 0010 Iter 0015 / 0041 | Time 0.1s | Iter Loss 0.6814 | Iter Mean Loss 0.6913
2023-02-10 20:23:06,271 - root - INFO - KG & CF Training: Epoch 0010 Iter 0016 / 0041 | Time 0.1s | Iter Loss 0.6788 | Iter Mean Loss 0.6905
2023-02-10 20:23:06,419 - root - INFO - KG & CF Training: Epoch 0010 Iter 0017 / 0041 | Time 0.1s | Iter Loss 0.6892 | Iter Mean Loss 0.6904
2023-02-10 20:23:06,558 - root - INFO - KG & CF Training: Epoch 0010 Iter 0018 / 0041 | Time 0.1s | Iter Loss 0.6704 | Iter Mean Loss 0.6893
2023-02-10 20:23:06,707 - root - INFO - KG & CF Training: Epoch 0010 Iter 0019 / 0041 | Time 0.1s | Iter Loss 0.6865 | Iter Mean Loss 0.6891
2023-02-10 20:23:06,841 - root - INFO - KG & CF Training: Epoch 0010 Iter 0020 / 0041 | Time 0.1s | Iter Loss 0.6841 | Iter Mean Loss 0.6889
2023-02-10 20:23:06,982 - root - INFO - KG & CF Training: Epoch 0010 Iter 0021 / 0041 | Time 0.1s | Iter Loss 0.6844 | Iter Mean Loss 0.6887
2023-02-10 20:23:07,121 - root - INFO - KG & CF Training: Epoch 0010 Iter 0022 / 0041 | Time 0.1s | Iter Loss 0.6796 | Iter Mean Loss 0.6883
2023-02-10 20:23:07,254 - root - INFO - KG & CF Training: Epoch 0010 Iter 0023 / 0041 | Time 0.1s | Iter Loss 0.6801 | Iter Mean Loss 0.6879
2023-02-10 20:23:07,396 - root - INFO - KG & CF Training: Epoch 0010 Iter 0024 / 0041 | Time 0.1s | Iter Loss 0.6822 | Iter Mean Loss 0.6877
2023-02-10 20:23:07,547 - root - INFO - KG & CF Training: Epoch 0010 Iter 0025 / 0041 | Time 0.2s | Iter Loss 0.6769 | Iter Mean Loss 0.6872
2023-02-10 20:23:07,678 - root - INFO - KG & CF Training: Epoch 0010 Iter 0026 / 0041 | Time 0.1s | Iter Loss 0.6666 | Iter Mean Loss 0.6864
2023-02-10 20:23:07,830 - root - INFO - KG & CF Training: Epoch 0010 Iter 0027 / 0041 | Time 0.2s | Iter Loss 0.6750 | Iter Mean Loss 0.6860
2023-02-10 20:23:07,971 - root - INFO - KG & CF Training: Epoch 0010 Iter 0028 / 0041 | Time 0.1s | Iter Loss 0.6781 | Iter Mean Loss 0.6857
2023-02-10 20:23:08,122 - root - INFO - KG & CF Training: Epoch 0010 Iter 0029 / 0041 | Time 0.2s | Iter Loss 0.6787 | Iter Mean Loss 0.6855
2023-02-10 20:23:08,264 - root - INFO - KG & CF Training: Epoch 0010 Iter 0030 / 0041 | Time 0.1s | Iter Loss 0.6677 | Iter Mean Loss 0.6849
2023-02-10 20:23:08,385 - root - INFO - KG & CF Training: Epoch 0010 Iter 0031 / 0041 | Time 0.1s | Iter Loss 0.6735 | Iter Mean Loss 0.6845
2023-02-10 20:23:08,525 - root - INFO - KG & CF Training: Epoch 0010 Iter 0032 / 0041 | Time 0.1s | Iter Loss 0.6795 | Iter Mean Loss 0.6844
2023-02-10 20:23:08,668 - root - INFO - KG & CF Training: Epoch 0010 Iter 0033 / 0041 | Time 0.1s | Iter Loss 0.6756 | Iter Mean Loss 0.6841
2023-02-10 20:23:08,807 - root - INFO - KG & CF Training: Epoch 0010 Iter 0034 / 0041 | Time 0.1s | Iter Loss 0.6678 | Iter Mean Loss 0.6836
2023-02-10 20:23:08,951 - root - INFO - KG & CF Training: Epoch 0010 Iter 0035 / 0041 | Time 0.1s | Iter Loss 0.6700 | Iter Mean Loss 0.6832
2023-02-10 20:23:09,092 - root - INFO - KG & CF Training: Epoch 0010 Iter 0036 / 0041 | Time 0.1s | Iter Loss 0.6662 | Iter Mean Loss 0.6828
2023-02-10 20:23:09,234 - root - INFO - KG & CF Training: Epoch 0010 Iter 0037 / 0041 | Time 0.1s | Iter Loss 0.6713 | Iter Mean Loss 0.6825
2023-02-10 20:23:09,375 - root - INFO - KG & CF Training: Epoch 0010 Iter 0038 / 0041 | Time 0.1s | Iter Loss 0.6689 | Iter Mean Loss 0.6821
2023-02-10 20:23:09,516 - root - INFO - KG & CF Training: Epoch 0010 Iter 0039 / 0041 | Time 0.1s | Iter Loss 0.6690 | Iter Mean Loss 0.6818
2023-02-10 20:23:09,658 - root - INFO - KG & CF Training: Epoch 0010 Iter 0040 / 0041 | Time 0.1s | Iter Loss 0.6624 | Iter Mean Loss 0.6813
2023-02-10 20:23:09,799 - root - INFO - KG & CF Training: Epoch 0010 Iter 0041 / 0041 | Time 0.1s | Iter Loss 0.6570 | Iter Mean Loss 0.6807
2023-02-10 20:23:09,799 - root - INFO - KG & CF Training: Epoch 0010 Total Iter 0041 | Total Time 5.7s | Iter Mean Loss 0.6807
2023-02-10 20:23:09,870 - root - INFO - CF Evaluation: Epoch 0010 | Total Time 0.1s | Precision [0.2237, 0.2078], Recall [0.0504, 0.0892], NDCG [0.2309, 0.2235]
2023-02-10 20:23:09,878 - root - INFO - Save model on epoch 0010!
2023-02-10 20:23:09,880 - root - INFO - Best CF Evaluation: Epoch 0010 | Precision [0.2237, 0.2078], Recall [0.0504, 0.0892], NDCG [0.2309, 0.2235]
