2023-02-10 19:15:35,047 - root - INFO - Namespace(KG_embedding_type='TransE', Ks='[5, 10]', cf_batch_size=1024, cf_l2loss_lambda=0.0001, cuda=False, data_dir='data/', data_name='Douban', embed_dim=32, evaluate_every=10, gpu_id=0, kg_batch_size=2048, kg_l2loss_lambda=0.0001, lr=0.001, n_epoch=1000, pretrain_model_path='trained_model/Embedding_based.pth', print_every=1, relation_dim=32, save_dir='trained_model/Douban/Embedding_based/dim32_lr0.001_l20.0001_TransE/', seed=2022, stopping_steps=10, test_batch_size=2048, use_pretrain=0)
2023-02-10 19:16:10,120 - root - INFO - n_users:      447
2023-02-10 19:16:10,120 - root - INFO - n_items:      578
2023-02-10 19:16:10,120 - root - INFO - n_entities:   18134
2023-02-10 19:16:10,120 - root - INFO - n_relations:  448
2023-02-10 19:16:10,129 - root - INFO - n_cf_train:   41830
2023-02-10 19:16:10,129 - root - INFO - n_cf_test:    10840
2023-02-10 19:16:10,129 - root - INFO - n_kg_data:    268326
2023-02-10 19:16:10,133 - root - INFO - Embedding_based(
  (user_embed): Embedding(447, 32)
  (item_embed): Embedding(578, 32)
  (entity_embed): Embedding(18134, 32)
  (relation_embed): Embedding(448, 32)
)
2023-02-10 19:16:10,211 - root - INFO - KG & CF Training: Epoch 0001 Iter 0001 / 0041 | Time 0.1s | Iter Loss 1.4291 | Iter Mean Loss 1.4291
2023-02-10 19:16:10,314 - root - INFO - KG & CF Training: Epoch 0001 Iter 0002 / 0041 | Time 0.1s | Iter Loss 1.4210 | Iter Mean Loss 1.4250
2023-02-10 19:16:10,425 - root - INFO - KG & CF Training: Epoch 0001 Iter 0003 / 0041 | Time 0.1s | Iter Loss 1.4075 | Iter Mean Loss 1.4192
2023-02-10 19:16:10,527 - root - INFO - KG & CF Training: Epoch 0001 Iter 0004 / 0041 | Time 0.1s | Iter Loss 1.3791 | Iter Mean Loss 1.4092
2023-02-10 19:16:10,628 - root - INFO - KG & CF Training: Epoch 0001 Iter 0005 / 0041 | Time 0.1s | Iter Loss 1.3698 | Iter Mean Loss 1.4013
2023-02-10 19:16:10,716 - root - INFO - KG & CF Training: Epoch 0001 Iter 0006 / 0041 | Time 0.1s | Iter Loss 1.3501 | Iter Mean Loss 1.3928
2023-02-10 19:16:10,820 - root - INFO - KG & CF Training: Epoch 0001 Iter 0007 / 0041 | Time 0.1s | Iter Loss 1.3279 | Iter Mean Loss 1.3835
2023-02-10 19:16:10,911 - root - INFO - KG & CF Training: Epoch 0001 Iter 0008 / 0041 | Time 0.1s | Iter Loss 1.3021 | Iter Mean Loss 1.3733
2023-02-10 19:16:10,992 - root - INFO - KG & CF Training: Epoch 0001 Iter 0009 / 0041 | Time 0.1s | Iter Loss 1.2968 | Iter Mean Loss 1.3648
2023-02-10 19:16:11,103 - root - INFO - KG & CF Training: Epoch 0001 Iter 0010 / 0041 | Time 0.1s | Iter Loss 1.2844 | Iter Mean Loss 1.3568
2023-02-10 19:16:11,202 - root - INFO - KG & CF Training: Epoch 0001 Iter 0011 / 0041 | Time 0.1s | Iter Loss 1.2613 | Iter Mean Loss 1.3481
2023-02-10 19:16:11,282 - root - INFO - KG & CF Training: Epoch 0001 Iter 0012 / 0041 | Time 0.1s | Iter Loss 1.2547 | Iter Mean Loss 1.3403
2023-02-10 19:16:11,375 - root - INFO - KG & CF Training: Epoch 0001 Iter 0013 / 0041 | Time 0.1s | Iter Loss 1.2372 | Iter Mean Loss 1.3324
2023-02-10 19:16:11,466 - root - INFO - KG & CF Training: Epoch 0001 Iter 0014 / 0041 | Time 0.1s | Iter Loss 1.2319 | Iter Mean Loss 1.3252
2023-02-10 19:16:11,567 - root - INFO - KG & CF Training: Epoch 0001 Iter 0015 / 0041 | Time 0.1s | Iter Loss 1.2053 | Iter Mean Loss 1.3172
2023-02-10 19:16:11,657 - root - INFO - KG & CF Training: Epoch 0001 Iter 0016 / 0041 | Time 0.1s | Iter Loss 1.1946 | Iter Mean Loss 1.3095
2023-02-10 19:16:11,758 - root - INFO - KG & CF Training: Epoch 0001 Iter 0017 / 0041 | Time 0.1s | Iter Loss 1.1883 | Iter Mean Loss 1.3024
2023-02-10 19:16:11,869 - root - INFO - KG & CF Training: Epoch 0001 Iter 0018 / 0041 | Time 0.1s | Iter Loss 1.1737 | Iter Mean Loss 1.2953
2023-02-10 19:16:11,970 - root - INFO - KG & CF Training: Epoch 0001 Iter 0019 / 0041 | Time 0.1s | Iter Loss 1.1628 | Iter Mean Loss 1.2883
2023-02-10 19:16:12,061 - root - INFO - KG & CF Training: Epoch 0001 Iter 0020 / 0041 | Time 0.1s | Iter Loss 1.1523 | Iter Mean Loss 1.2815
2023-02-10 19:16:12,152 - root - INFO - KG & CF Training: Epoch 0001 Iter 0021 / 0041 | Time 0.1s | Iter Loss 1.1522 | Iter Mean Loss 1.2753
2023-02-10 19:16:12,233 - root - INFO - KG & CF Training: Epoch 0001 Iter 0022 / 0041 | Time 0.1s | Iter Loss 1.1363 | Iter Mean Loss 1.2690
2023-02-10 19:16:12,324 - root - INFO - KG & CF Training: Epoch 0001 Iter 0023 / 0041 | Time 0.1s | Iter Loss 1.1361 | Iter Mean Loss 1.2632
2023-02-10 19:16:12,424 - root - INFO - KG & CF Training: Epoch 0001 Iter 0024 / 0041 | Time 0.1s | Iter Loss 1.1194 | Iter Mean Loss 1.2572
2023-02-10 19:16:12,515 - root - INFO - KG & CF Training: Epoch 0001 Iter 0025 / 0041 | Time 0.1s | Iter Loss 1.1126 | Iter Mean Loss 1.2515
2023-02-10 19:16:12,604 - root - INFO - KG & CF Training: Epoch 0001 Iter 0026 / 0041 | Time 0.1s | Iter Loss 1.1048 | Iter Mean Loss 1.2458
2023-02-10 19:16:12,687 - root - INFO - KG & CF Training: Epoch 0001 Iter 0027 / 0041 | Time 0.1s | Iter Loss 1.1043 | Iter Mean Loss 1.2406
2023-02-10 19:16:12,788 - root - INFO - KG & CF Training: Epoch 0001 Iter 0028 / 0041 | Time 0.1s | Iter Loss 1.0877 | Iter Mean Loss 1.2351
2023-02-10 19:16:12,889 - root - INFO - KG & CF Training: Epoch 0001 Iter 0029 / 0041 | Time 0.1s | Iter Loss 1.0875 | Iter Mean Loss 1.2300
2023-02-10 19:16:12,980 - root - INFO - KG & CF Training: Epoch 0001 Iter 0030 / 0041 | Time 0.1s | Iter Loss 1.0703 | Iter Mean Loss 1.2247
2023-02-10 19:16:13,060 - root - INFO - KG & CF Training: Epoch 0001 Iter 0031 / 0041 | Time 0.1s | Iter Loss 1.0802 | Iter Mean Loss 1.2200
2023-02-10 19:16:13,151 - root - INFO - KG & CF Training: Epoch 0001 Iter 0032 / 0041 | Time 0.1s | Iter Loss 1.0696 | Iter Mean Loss 1.2153
2023-02-10 19:16:13,252 - root - INFO - KG & CF Training: Epoch 0001 Iter 0033 / 0041 | Time 0.1s | Iter Loss 1.0585 | Iter Mean Loss 1.2106
2023-02-10 19:16:13,352 - root - INFO - KG & CF Training: Epoch 0001 Iter 0034 / 0041 | Time 0.1s | Iter Loss 1.0622 | Iter Mean Loss 1.2062
2023-02-10 19:16:13,443 - root - INFO - KG & CF Training: Epoch 0001 Iter 0035 / 0041 | Time 0.1s | Iter Loss 1.0550 | Iter Mean Loss 1.2019
2023-02-10 19:16:13,525 - root - INFO - KG & CF Training: Epoch 0001 Iter 0036 / 0041 | Time 0.1s | Iter Loss 1.0591 | Iter Mean Loss 1.1979
2023-02-10 19:16:13,616 - root - INFO - KG & CF Training: Epoch 0001 Iter 0037 / 0041 | Time 0.1s | Iter Loss 1.0447 | Iter Mean Loss 1.1938
2023-02-10 19:16:13,725 - root - INFO - KG & CF Training: Epoch 0001 Iter 0038 / 0041 | Time 0.1s | Iter Loss 1.0314 | Iter Mean Loss 1.1895
2023-02-10 19:16:13,819 - root - INFO - KG & CF Training: Epoch 0001 Iter 0039 / 0041 | Time 0.1s | Iter Loss 1.0326 | Iter Mean Loss 1.1855
2023-02-10 19:16:13,919 - root - INFO - KG & CF Training: Epoch 0001 Iter 0040 / 0041 | Time 0.1s | Iter Loss 1.0229 | Iter Mean Loss 1.1814
2023-02-10 19:16:14,010 - root - INFO - KG & CF Training: Epoch 0001 Iter 0041 / 0041 | Time 0.1s | Iter Loss 1.0240 | Iter Mean Loss 1.1776
2023-02-10 19:16:14,010 - root - INFO - KG & CF Training: Epoch 0001 Total Iter 0041 | Total Time 3.9s | Iter Mean Loss 1.1776
2023-02-10 19:16:14,101 - root - INFO - KG & CF Training: Epoch 0002 Iter 0001 / 0041 | Time 0.1s | Iter Loss 1.0159 | Iter Mean Loss 1.0159
2023-02-10 19:16:14,200 - root - INFO - KG & CF Training: Epoch 0002 Iter 0002 / 0041 | Time 0.1s | Iter Loss 1.0143 | Iter Mean Loss 1.0151
2023-02-10 19:16:14,301 - root - INFO - KG & CF Training: Epoch 0002 Iter 0003 / 0041 | Time 0.1s | Iter Loss 1.0112 | Iter Mean Loss 1.0138
2023-02-10 19:16:14,383 - root - INFO - KG & CF Training: Epoch 0002 Iter 0004 / 0041 | Time 0.1s | Iter Loss 1.0030 | Iter Mean Loss 1.0111
2023-02-10 19:16:14,485 - root - INFO - KG & CF Training: Epoch 0002 Iter 0005 / 0041 | Time 0.1s | Iter Loss 0.9997 | Iter Mean Loss 1.0088
2023-02-10 19:16:14,576 - root - INFO - KG & CF Training: Epoch 0002 Iter 0006 / 0041 | Time 0.1s | Iter Loss 0.9960 | Iter Mean Loss 1.0067
2023-02-10 19:16:14,666 - root - INFO - KG & CF Training: Epoch 0002 Iter 0007 / 0041 | Time 0.1s | Iter Loss 0.9965 | Iter Mean Loss 1.0052
2023-02-10 19:16:14,758 - root - INFO - KG & CF Training: Epoch 0002 Iter 0008 / 0041 | Time 0.1s | Iter Loss 0.9896 | Iter Mean Loss 1.0033
2023-02-10 19:16:14,836 - root - INFO - KG & CF Training: Epoch 0002 Iter 0009 / 0041 | Time 0.1s | Iter Loss 0.9945 | Iter Mean Loss 1.0023
2023-02-10 19:16:14,919 - root - INFO - KG & CF Training: Epoch 0002 Iter 0010 / 0041 | Time 0.1s | Iter Loss 0.9821 | Iter Mean Loss 1.0003
2023-02-10 19:16:14,999 - root - INFO - KG & CF Training: Epoch 0002 Iter 0011 / 0041 | Time 0.1s | Iter Loss 0.9846 | Iter Mean Loss 0.9989
2023-02-10 19:16:15,090 - root - INFO - KG & CF Training: Epoch 0002 Iter 0012 / 0041 | Time 0.1s | Iter Loss 0.9848 | Iter Mean Loss 0.9977
2023-02-10 19:16:15,171 - root - INFO - KG & CF Training: Epoch 0002 Iter 0013 / 0041 | Time 0.1s | Iter Loss 0.9679 | Iter Mean Loss 0.9954
2023-02-10 19:16:15,272 - root - INFO - KG & CF Training: Epoch 0002 Iter 0014 / 0041 | Time 0.1s | Iter Loss 0.9714 | Iter Mean Loss 0.9937
2023-02-10 19:16:15,361 - root - INFO - KG & CF Training: Epoch 0002 Iter 0015 / 0041 | Time 0.1s | Iter Loss 0.9563 | Iter Mean Loss 0.9912
2023-02-10 19:16:15,454 - root - INFO - KG & CF Training: Epoch 0002 Iter 0016 / 0041 | Time 0.1s | Iter Loss 0.9615 | Iter Mean Loss 0.9893
2023-02-10 19:16:15,544 - root - INFO - KG & CF Training: Epoch 0002 Iter 0017 / 0041 | Time 0.1s | Iter Loss 0.9572 | Iter Mean Loss 0.9874
2023-02-10 19:16:15,625 - root - INFO - KG & CF Training: Epoch 0002 Iter 0018 / 0041 | Time 0.1s | Iter Loss 0.9542 | Iter Mean Loss 0.9856
2023-02-10 19:16:15,716 - root - INFO - KG & CF Training: Epoch 0002 Iter 0019 / 0041 | Time 0.1s | Iter Loss 0.9499 | Iter Mean Loss 0.9837
2023-02-10 19:16:15,807 - root - INFO - KG & CF Training: Epoch 0002 Iter 0020 / 0041 | Time 0.1s | Iter Loss 0.9580 | Iter Mean Loss 0.9824
2023-02-10 19:16:15,888 - root - INFO - KG & CF Training: Epoch 0002 Iter 0021 / 0041 | Time 0.1s | Iter Loss 0.9523 | Iter Mean Loss 0.9810
2023-02-10 19:16:15,979 - root - INFO - KG & CF Training: Epoch 0002 Iter 0022 / 0041 | Time 0.1s | Iter Loss 0.9492 | Iter Mean Loss 0.9795
2023-02-10 19:16:16,060 - root - INFO - KG & CF Training: Epoch 0002 Iter 0023 / 0041 | Time 0.1s | Iter Loss 0.9467 | Iter Mean Loss 0.9781
2023-02-10 19:16:16,148 - root - INFO - KG & CF Training: Epoch 0002 Iter 0024 / 0041 | Time 0.1s | Iter Loss 0.9424 | Iter Mean Loss 0.9766
2023-02-10 19:16:16,241 - root - INFO - KG & CF Training: Epoch 0002 Iter 0025 / 0041 | Time 0.1s | Iter Loss 0.9445 | Iter Mean Loss 0.9753
2023-02-10 19:16:16,340 - root - INFO - KG & CF Training: Epoch 0002 Iter 0026 / 0041 | Time 0.1s | Iter Loss 0.9375 | Iter Mean Loss 0.9739
2023-02-10 19:16:16,441 - root - INFO - KG & CF Training: Epoch 0002 Iter 0027 / 0041 | Time 0.1s | Iter Loss 0.9291 | Iter Mean Loss 0.9722
2023-02-10 19:16:16,532 - root - INFO - KG & CF Training: Epoch 0002 Iter 0028 / 0041 | Time 0.1s | Iter Loss 0.9289 | Iter Mean Loss 0.9707
2023-02-10 19:16:16,633 - root - INFO - KG & CF Training: Epoch 0002 Iter 0029 / 0041 | Time 0.1s | Iter Loss 0.9231 | Iter Mean Loss 0.9690
2023-02-10 19:16:16,716 - root - INFO - KG & CF Training: Epoch 0002 Iter 0030 / 0041 | Time 0.1s | Iter Loss 0.9259 | Iter Mean Loss 0.9676
2023-02-10 19:16:16,827 - root - INFO - KG & CF Training: Epoch 0002 Iter 0031 / 0041 | Time 0.1s | Iter Loss 0.9291 | Iter Mean Loss 0.9664
2023-02-10 19:16:16,918 - root - INFO - KG & CF Training: Epoch 0002 Iter 0032 / 0041 | Time 0.1s | Iter Loss 0.9324 | Iter Mean Loss 0.9653
2023-02-10 19:16:16,998 - root - INFO - KG & CF Training: Epoch 0002 Iter 0033 / 0041 | Time 0.1s | Iter Loss 0.9268 | Iter Mean Loss 0.9641
2023-02-10 19:16:17,099 - root - INFO - KG & CF Training: Epoch 0002 Iter 0034 / 0041 | Time 0.1s | Iter Loss 0.9246 | Iter Mean Loss 0.9630
2023-02-10 19:16:17,190 - root - INFO - KG & CF Training: Epoch 0002 Iter 0035 / 0041 | Time 0.1s | Iter Loss 0.9226 | Iter Mean Loss 0.9618
2023-02-10 19:16:17,291 - root - INFO - KG & CF Training: Epoch 0002 Iter 0036 / 0041 | Time 0.1s | Iter Loss 0.9104 | Iter Mean Loss 0.9604
2023-02-10 19:16:17,390 - root - INFO - KG & CF Training: Epoch 0002 Iter 0037 / 0041 | Time 0.1s | Iter Loss 0.9131 | Iter Mean Loss 0.9591
2023-02-10 19:16:17,481 - root - INFO - KG & CF Training: Epoch 0002 Iter 0038 / 0041 | Time 0.1s | Iter Loss 0.9075 | Iter Mean Loss 0.9578
2023-02-10 19:16:17,561 - root - INFO - KG & CF Training: Epoch 0002 Iter 0039 / 0041 | Time 0.1s | Iter Loss 0.9177 | Iter Mean Loss 0.9567
2023-02-10 19:16:17,663 - root - INFO - KG & CF Training: Epoch 0002 Iter 0040 / 0041 | Time 0.1s | Iter Loss 0.9169 | Iter Mean Loss 0.9557
2023-02-10 19:16:17,745 - root - INFO - KG & CF Training: Epoch 0002 Iter 0041 / 0041 | Time 0.1s | Iter Loss 0.9041 | Iter Mean Loss 0.9545
2023-02-10 19:16:17,745 - root - INFO - KG & CF Training: Epoch 0002 Total Iter 0041 | Total Time 3.7s | Iter Mean Loss 0.9545
2023-02-10 19:16:17,847 - root - INFO - KG & CF Training: Epoch 0003 Iter 0001 / 0041 | Time 0.1s | Iter Loss 0.9090 | Iter Mean Loss 0.9090
2023-02-10 19:16:17,937 - root - INFO - KG & CF Training: Epoch 0003 Iter 0002 / 0041 | Time 0.1s | Iter Loss 0.9073 | Iter Mean Loss 0.9081
2023-02-10 19:16:18,038 - root - INFO - KG & CF Training: Epoch 0003 Iter 0003 / 0041 | Time 0.1s | Iter Loss 0.9051 | Iter Mean Loss 0.9071
2023-02-10 19:16:18,129 - root - INFO - KG & CF Training: Epoch 0003 Iter 0004 / 0041 | Time 0.1s | Iter Loss 0.9064 | Iter Mean Loss 0.9069
2023-02-10 19:16:18,230 - root - INFO - KG & CF Training: Epoch 0003 Iter 0005 / 0041 | Time 0.1s | Iter Loss 0.9041 | Iter Mean Loss 0.9064
2023-02-10 19:16:18,321 - root - INFO - KG & CF Training: Epoch 0003 Iter 0006 / 0041 | Time 0.1s | Iter Loss 0.8932 | Iter Mean Loss 0.9042
2023-02-10 19:16:18,422 - root - INFO - KG & CF Training: Epoch 0003 Iter 0007 / 0041 | Time 0.1s | Iter Loss 0.9026 | Iter Mean Loss 0.9039
2023-02-10 19:16:18,521 - root - INFO - KG & CF Training: Epoch 0003 Iter 0008 / 0041 | Time 0.1s | Iter Loss 0.9005 | Iter Mean Loss 0.9035
2023-02-10 19:16:18,614 - root - INFO - KG & CF Training: Epoch 0003 Iter 0009 / 0041 | Time 0.1s | Iter Loss 0.8984 | Iter Mean Loss 0.9029
2023-02-10 19:16:18,725 - root - INFO - KG & CF Training: Epoch 0003 Iter 0010 / 0041 | Time 0.1s | Iter Loss 0.8892 | Iter Mean Loss 0.9016
2023-02-10 19:16:18,806 - root - INFO - KG & CF Training: Epoch 0003 Iter 0011 / 0041 | Time 0.1s | Iter Loss 0.8963 | Iter Mean Loss 0.9011
2023-02-10 19:16:18,907 - root - INFO - KG & CF Training: Epoch 0003 Iter 0012 / 0041 | Time 0.1s | Iter Loss 0.8877 | Iter Mean Loss 0.9000
2023-02-10 19:16:18,996 - root - INFO - KG & CF Training: Epoch 0003 Iter 0013 / 0041 | Time 0.1s | Iter Loss 0.8893 | Iter Mean Loss 0.8991
2023-02-10 19:16:19,089 - root - INFO - KG & CF Training: Epoch 0003 Iter 0014 / 0041 | Time 0.1s | Iter Loss 0.8911 | Iter Mean Loss 0.8986
2023-02-10 19:16:19,187 - root - INFO - KG & CF Training: Epoch 0003 Iter 0015 / 0041 | Time 0.1s | Iter Loss 0.8798 | Iter Mean Loss 0.8973
2023-02-10 19:16:19,270 - root - INFO - KG & CF Training: Epoch 0003 Iter 0016 / 0041 | Time 0.1s | Iter Loss 0.8784 | Iter Mean Loss 0.8961
2023-02-10 19:16:19,361 - root - INFO - KG & CF Training: Epoch 0003 Iter 0017 / 0041 | Time 0.1s | Iter Loss 0.8856 | Iter Mean Loss 0.8955
2023-02-10 19:16:19,460 - root - INFO - KG & CF Training: Epoch 0003 Iter 0018 / 0041 | Time 0.1s | Iter Loss 0.8780 | Iter Mean Loss 0.8945
2023-02-10 19:16:19,553 - root - INFO - KG & CF Training: Epoch 0003 Iter 0019 / 0041 | Time 0.1s | Iter Loss 0.8834 | Iter Mean Loss 0.8940
2023-02-10 19:16:19,634 - root - INFO - KG & CF Training: Epoch 0003 Iter 0020 / 0041 | Time 0.1s | Iter Loss 0.8780 | Iter Mean Loss 0.8932
2023-02-10 19:16:19,723 - root - INFO - KG & CF Training: Epoch 0003 Iter 0021 / 0041 | Time 0.1s | Iter Loss 0.8773 | Iter Mean Loss 0.8924
2023-02-10 19:16:19,806 - root - INFO - KG & CF Training: Epoch 0003 Iter 0022 / 0041 | Time 0.1s | Iter Loss 0.8750 | Iter Mean Loss 0.8916
2023-02-10 19:16:19,904 - root - INFO - KG & CF Training: Epoch 0003 Iter 0023 / 0041 | Time 0.1s | Iter Loss 0.8773 | Iter Mean Loss 0.8910
2023-02-10 19:16:19,987 - root - INFO - KG & CF Training: Epoch 0003 Iter 0024 / 0041 | Time 0.1s | Iter Loss 0.8789 | Iter Mean Loss 0.8905
2023-02-10 19:16:20,096 - root - INFO - KG & CF Training: Epoch 0003 Iter 0025 / 0041 | Time 0.1s | Iter Loss 0.8748 | Iter Mean Loss 0.8899
2023-02-10 19:16:20,197 - root - INFO - KG & CF Training: Epoch 0003 Iter 0026 / 0041 | Time 0.1s | Iter Loss 0.8674 | Iter Mean Loss 0.8890
2023-02-10 19:16:20,290 - root - INFO - KG & CF Training: Epoch 0003 Iter 0027 / 0041 | Time 0.1s | Iter Loss 0.8693 | Iter Mean Loss 0.8883
2023-02-10 19:16:20,401 - root - INFO - KG & CF Training: Epoch 0003 Iter 0028 / 0041 | Time 0.1s | Iter Loss 0.8760 | Iter Mean Loss 0.8878
2023-02-10 19:16:20,492 - root - INFO - KG & CF Training: Epoch 0003 Iter 0029 / 0041 | Time 0.1s | Iter Loss 0.8695 | Iter Mean Loss 0.8872
2023-02-10 19:16:20,580 - root - INFO - KG & CF Training: Epoch 0003 Iter 0030 / 0041 | Time 0.1s | Iter Loss 0.8588 | Iter Mean Loss 0.8863
2023-02-10 19:16:20,673 - root - INFO - KG & CF Training: Epoch 0003 Iter 0031 / 0041 | Time 0.1s | Iter Loss 0.8628 | Iter Mean Loss 0.8855
2023-02-10 19:16:20,754 - root - INFO - KG & CF Training: Epoch 0003 Iter 0032 / 0041 | Time 0.1s | Iter Loss 0.8635 | Iter Mean Loss 0.8848
2023-02-10 19:16:20,845 - root - INFO - KG & CF Training: Epoch 0003 Iter 0033 / 0041 | Time 0.1s | Iter Loss 0.8695 | Iter Mean Loss 0.8843
2023-02-10 19:16:20,936 - root - INFO - KG & CF Training: Epoch 0003 Iter 0034 / 0041 | Time 0.1s | Iter Loss 0.8617 | Iter Mean Loss 0.8837
2023-02-10 19:16:21,035 - root - INFO - KG & CF Training: Epoch 0003 Iter 0035 / 0041 | Time 0.1s | Iter Loss 0.8598 | Iter Mean Loss 0.8830
2023-02-10 19:16:21,128 - root - INFO - KG & CF Training: Epoch 0003 Iter 0036 / 0041 | Time 0.1s | Iter Loss 0.8582 | Iter Mean Loss 0.8823
2023-02-10 19:16:21,229 - root - INFO - KG & CF Training: Epoch 0003 Iter 0037 / 0041 | Time 0.1s | Iter Loss 0.8583 | Iter Mean Loss 0.8817
2023-02-10 19:16:21,328 - root - INFO - KG & CF Training: Epoch 0003 Iter 0038 / 0041 | Time 0.1s | Iter Loss 0.8581 | Iter Mean Loss 0.8810
2023-02-10 19:16:21,421 - root - INFO - KG & CF Training: Epoch 0003 Iter 0039 / 0041 | Time 0.1s | Iter Loss 0.8539 | Iter Mean Loss 0.8803
2023-02-10 19:16:21,522 - root - INFO - KG & CF Training: Epoch 0003 Iter 0040 / 0041 | Time 0.1s | Iter Loss 0.8541 | Iter Mean Loss 0.8797
2023-02-10 19:16:21,612 - root - INFO - KG & CF Training: Epoch 0003 Iter 0041 / 0041 | Time 0.1s | Iter Loss 0.8555 | Iter Mean Loss 0.8791
2023-02-10 19:16:21,612 - root - INFO - KG & CF Training: Epoch 0003 Total Iter 0041 | Total Time 3.9s | Iter Mean Loss 0.8791
2023-02-10 19:16:21,703 - root - INFO - KG & CF Training: Epoch 0004 Iter 0001 / 0041 | Time 0.1s | Iter Loss 0.8558 | Iter Mean Loss 0.8558
2023-02-10 19:16:21,804 - root - INFO - KG & CF Training: Epoch 0004 Iter 0002 / 0041 | Time 0.1s | Iter Loss 0.8579 | Iter Mean Loss 0.8568
2023-02-10 19:16:21,905 - root - INFO - KG & CF Training: Epoch 0004 Iter 0003 / 0041 | Time 0.1s | Iter Loss 0.8478 | Iter Mean Loss 0.8538
2023-02-10 19:16:22,006 - root - INFO - KG & CF Training: Epoch 0004 Iter 0004 / 0041 | Time 0.1s | Iter Loss 0.8475 | Iter Mean Loss 0.8522
2023-02-10 19:16:22,097 - root - INFO - KG & CF Training: Epoch 0004 Iter 0005 / 0041 | Time 0.1s | Iter Loss 0.8482 | Iter Mean Loss 0.8514
2023-02-10 19:16:22,178 - root - INFO - KG & CF Training: Epoch 0004 Iter 0006 / 0041 | Time 0.1s | Iter Loss 0.8463 | Iter Mean Loss 0.8506
2023-02-10 19:16:22,279 - root - INFO - KG & CF Training: Epoch 0004 Iter 0007 / 0041 | Time 0.1s | Iter Loss 0.8488 | Iter Mean Loss 0.8503
2023-02-10 19:16:22,370 - root - INFO - KG & CF Training: Epoch 0004 Iter 0008 / 0041 | Time 0.1s | Iter Loss 0.8420 | Iter Mean Loss 0.8493
2023-02-10 19:16:22,460 - root - INFO - KG & CF Training: Epoch 0004 Iter 0009 / 0041 | Time 0.1s | Iter Loss 0.8507 | Iter Mean Loss 0.8494
2023-02-10 19:16:22,541 - root - INFO - KG & CF Training: Epoch 0004 Iter 0010 / 0041 | Time 0.1s | Iter Loss 0.8460 | Iter Mean Loss 0.8491
2023-02-10 19:16:22,640 - root - INFO - KG & CF Training: Epoch 0004 Iter 0011 / 0041 | Time 0.1s | Iter Loss 0.8482 | Iter Mean Loss 0.8490
2023-02-10 19:16:22,743 - root - INFO - KG & CF Training: Epoch 0004 Iter 0012 / 0041 | Time 0.1s | Iter Loss 0.8481 | Iter Mean Loss 0.8489
2023-02-10 19:16:22,845 - root - INFO - KG & CF Training: Epoch 0004 Iter 0013 / 0041 | Time 0.1s | Iter Loss 0.8406 | Iter Mean Loss 0.8483
2023-02-10 19:16:22,954 - root - INFO - KG & CF Training: Epoch 0004 Iter 0014 / 0041 | Time 0.1s | Iter Loss 0.8468 | Iter Mean Loss 0.8482
2023-02-10 19:16:23,056 - root - INFO - KG & CF Training: Epoch 0004 Iter 0015 / 0041 | Time 0.1s | Iter Loss 0.8435 | Iter Mean Loss 0.8479
2023-02-10 19:16:23,157 - root - INFO - KG & CF Training: Epoch 0004 Iter 0016 / 0041 | Time 0.1s | Iter Loss 0.8379 | Iter Mean Loss 0.8473
2023-02-10 19:16:23,256 - root - INFO - KG & CF Training: Epoch 0004 Iter 0017 / 0041 | Time 0.1s | Iter Loss 0.8454 | Iter Mean Loss 0.8471
2023-02-10 19:16:23,357 - root - INFO - KG & CF Training: Epoch 0004 Iter 0018 / 0041 | Time 0.1s | Iter Loss 0.8382 | Iter Mean Loss 0.8466
2023-02-10 19:16:23,458 - root - INFO - KG & CF Training: Epoch 0004 Iter 0019 / 0041 | Time 0.1s | Iter Loss 0.8385 | Iter Mean Loss 0.8462
2023-02-10 19:16:23,551 - root - INFO - KG & CF Training: Epoch 0004 Iter 0020 / 0041 | Time 0.1s | Iter Loss 0.8291 | Iter Mean Loss 0.8454
2023-02-10 19:16:23,652 - root - INFO - KG & CF Training: Epoch 0004 Iter 0021 / 0041 | Time 0.1s | Iter Loss 0.8398 | Iter Mean Loss 0.8451
2023-02-10 19:16:23,742 - root - INFO - KG & CF Training: Epoch 0004 Iter 0022 / 0041 | Time 0.1s | Iter Loss 0.8343 | Iter Mean Loss 0.8446
2023-02-10 19:16:23,833 - root - INFO - KG & CF Training: Epoch 0004 Iter 0023 / 0041 | Time 0.1s | Iter Loss 0.8391 | Iter Mean Loss 0.8444
2023-02-10 19:16:23,926 - root - INFO - KG & CF Training: Epoch 0004 Iter 0024 / 0041 | Time 0.1s | Iter Loss 0.8368 | Iter Mean Loss 0.8441
2023-02-10 19:16:24,025 - root - INFO - KG & CF Training: Epoch 0004 Iter 0025 / 0041 | Time 0.1s | Iter Loss 0.8319 | Iter Mean Loss 0.8436
2023-02-10 19:16:24,126 - root - INFO - KG & CF Training: Epoch 0004 Iter 0026 / 0041 | Time 0.1s | Iter Loss 0.8362 | Iter Mean Loss 0.8433
2023-02-10 19:16:24,218 - root - INFO - KG & CF Training: Epoch 0004 Iter 0027 / 0041 | Time 0.1s | Iter Loss 0.8341 | Iter Mean Loss 0.8429
2023-02-10 19:16:24,317 - root - INFO - KG & CF Training: Epoch 0004 Iter 0028 / 0041 | Time 0.1s | Iter Loss 0.8309 | Iter Mean Loss 0.8425
2023-02-10 19:16:24,420 - root - INFO - KG & CF Training: Epoch 0004 Iter 0029 / 0041 | Time 0.1s | Iter Loss 0.8240 | Iter Mean Loss 0.8419
2023-02-10 19:16:24,511 - root - INFO - KG & CF Training: Epoch 0004 Iter 0030 / 0041 | Time 0.1s | Iter Loss 0.8312 | Iter Mean Loss 0.8415
2023-02-10 19:16:24,612 - root - INFO - KG & CF Training: Epoch 0004 Iter 0031 / 0041 | Time 0.1s | Iter Loss 0.8260 | Iter Mean Loss 0.8410
2023-02-10 19:16:24,713 - root - INFO - KG & CF Training: Epoch 0004 Iter 0032 / 0041 | Time 0.1s | Iter Loss 0.8307 | Iter Mean Loss 0.8407
2023-02-10 19:16:24,804 - root - INFO - KG & CF Training: Epoch 0004 Iter 0033 / 0041 | Time 0.1s | Iter Loss 0.8256 | Iter Mean Loss 0.8402
2023-02-10 19:16:24,915 - root - INFO - KG & CF Training: Epoch 0004 Iter 0034 / 0041 | Time 0.1s | Iter Loss 0.8273 | Iter Mean Loss 0.8399
2023-02-10 19:16:25,014 - root - INFO - KG & CF Training: Epoch 0004 Iter 0035 / 0041 | Time 0.1s | Iter Loss 0.8219 | Iter Mean Loss 0.8393
2023-02-10 19:16:25,107 - root - INFO - KG & CF Training: Epoch 0004 Iter 0036 / 0041 | Time 0.1s | Iter Loss 0.8199 | Iter Mean Loss 0.8388
2023-02-10 19:16:25,208 - root - INFO - KG & CF Training: Epoch 0004 Iter 0037 / 0041 | Time 0.1s | Iter Loss 0.8234 | Iter Mean Loss 0.8384
2023-02-10 19:16:25,309 - root - INFO - KG & CF Training: Epoch 0004 Iter 0038 / 0041 | Time 0.1s | Iter Loss 0.8213 | Iter Mean Loss 0.8379
2023-02-10 19:16:25,410 - root - INFO - KG & CF Training: Epoch 0004 Iter 0039 / 0041 | Time 0.1s | Iter Loss 0.8247 | Iter Mean Loss 0.8376
2023-02-10 19:16:25,501 - root - INFO - KG & CF Training: Epoch 0004 Iter 0040 / 0041 | Time 0.1s | Iter Loss 0.8193 | Iter Mean Loss 0.8371
2023-02-10 19:16:25,592 - root - INFO - KG & CF Training: Epoch 0004 Iter 0041 / 0041 | Time 0.1s | Iter Loss 0.8238 | Iter Mean Loss 0.8368
2023-02-10 19:16:25,592 - root - INFO - KG & CF Training: Epoch 0004 Total Iter 0041 | Total Time 4.0s | Iter Mean Loss 0.8368
2023-02-10 19:16:25,683 - root - INFO - KG & CF Training: Epoch 0005 Iter 0001 / 0041 | Time 0.1s | Iter Loss 0.8244 | Iter Mean Loss 0.8244
2023-02-10 19:16:25,779 - root - INFO - KG & CF Training: Epoch 0005 Iter 0002 / 0041 | Time 0.1s | Iter Loss 0.8327 | Iter Mean Loss 0.8286
2023-02-10 19:16:25,865 - root - INFO - KG & CF Training: Epoch 0005 Iter 0003 / 0041 | Time 0.1s | Iter Loss 0.8246 | Iter Mean Loss 0.8272
2023-02-10 19:16:25,956 - root - INFO - KG & CF Training: Epoch 0005 Iter 0004 / 0041 | Time 0.1s | Iter Loss 0.8176 | Iter Mean Loss 0.8248
2023-02-10 19:16:26,047 - root - INFO - KG & CF Training: Epoch 0005 Iter 0005 / 0041 | Time 0.1s | Iter Loss 0.8163 | Iter Mean Loss 0.8231
2023-02-10 19:16:26,127 - root - INFO - KG & CF Training: Epoch 0005 Iter 0006 / 0041 | Time 0.1s | Iter Loss 0.8169 | Iter Mean Loss 0.8221
2023-02-10 19:16:26,218 - root - INFO - KG & CF Training: Epoch 0005 Iter 0007 / 0041 | Time 0.1s | Iter Loss 0.8149 | Iter Mean Loss 0.8211
2023-02-10 19:16:26,319 - root - INFO - KG & CF Training: Epoch 0005 Iter 0008 / 0041 | Time 0.1s | Iter Loss 0.8231 | Iter Mean Loss 0.8213
2023-02-10 19:16:26,418 - root - INFO - KG & CF Training: Epoch 0005 Iter 0009 / 0041 | Time 0.1s | Iter Loss 0.8153 | Iter Mean Loss 0.8206
2023-02-10 19:16:26,521 - root - INFO - KG & CF Training: Epoch 0005 Iter 0010 / 0041 | Time 0.1s | Iter Loss 0.8129 | Iter Mean Loss 0.8199
2023-02-10 19:16:26,612 - root - INFO - KG & CF Training: Epoch 0005 Iter 0011 / 0041 | Time 0.1s | Iter Loss 0.8203 | Iter Mean Loss 0.8199
2023-02-10 19:16:26,721 - root - INFO - KG & CF Training: Epoch 0005 Iter 0012 / 0041 | Time 0.1s | Iter Loss 0.8159 | Iter Mean Loss 0.8196
2023-02-10 19:16:26,814 - root - INFO - KG & CF Training: Epoch 0005 Iter 0013 / 0041 | Time 0.1s | Iter Loss 0.8161 | Iter Mean Loss 0.8193
2023-02-10 19:16:26,894 - root - INFO - KG & CF Training: Epoch 0005 Iter 0014 / 0041 | Time 0.1s | Iter Loss 0.8122 | Iter Mean Loss 0.8188
2023-02-10 19:16:26,975 - root - INFO - KG & CF Training: Epoch 0005 Iter 0015 / 0041 | Time 0.1s | Iter Loss 0.8049 | Iter Mean Loss 0.8179
2023-02-10 19:16:27,076 - root - INFO - KG & CF Training: Epoch 0005 Iter 0016 / 0041 | Time 0.1s | Iter Loss 0.8115 | Iter Mean Loss 0.8175
2023-02-10 19:16:27,167 - root - INFO - KG & CF Training: Epoch 0005 Iter 0017 / 0041 | Time 0.1s | Iter Loss 0.8159 | Iter Mean Loss 0.8174
2023-02-10 19:16:27,256 - root - INFO - KG & CF Training: Epoch 0005 Iter 0018 / 0041 | Time 0.1s | Iter Loss 0.8162 | Iter Mean Loss 0.8173
2023-02-10 19:16:27,338 - root - INFO - KG & CF Training: Epoch 0005 Iter 0019 / 0041 | Time 0.1s | Iter Loss 0.8133 | Iter Mean Loss 0.8171
2023-02-10 19:16:27,439 - root - INFO - KG & CF Training: Epoch 0005 Iter 0020 / 0041 | Time 0.1s | Iter Loss 0.8111 | Iter Mean Loss 0.8168
2023-02-10 19:16:27,530 - root - INFO - KG & CF Training: Epoch 0005 Iter 0021 / 0041 | Time 0.1s | Iter Loss 0.8127 | Iter Mean Loss 0.8166
2023-02-10 19:16:27,629 - root - INFO - KG & CF Training: Epoch 0005 Iter 0022 / 0041 | Time 0.1s | Iter Loss 0.8141 | Iter Mean Loss 0.8165
2023-02-10 19:16:27,712 - root - INFO - KG & CF Training: Epoch 0005 Iter 0023 / 0041 | Time 0.1s | Iter Loss 0.8077 | Iter Mean Loss 0.8161
2023-02-10 19:16:27,793 - root - INFO - KG & CF Training: Epoch 0005 Iter 0024 / 0041 | Time 0.1s | Iter Loss 0.8065 | Iter Mean Loss 0.8157
2023-02-10 19:16:27,884 - root - INFO - KG & CF Training: Epoch 0005 Iter 0025 / 0041 | Time 0.1s | Iter Loss 0.8102 | Iter Mean Loss 0.8155
2023-02-10 19:16:27,972 - root - INFO - KG & CF Training: Epoch 0005 Iter 0026 / 0041 | Time 0.1s | Iter Loss 0.8035 | Iter Mean Loss 0.8150
2023-02-10 19:16:28,055 - root - INFO - KG & CF Training: Epoch 0005 Iter 0027 / 0041 | Time 0.1s | Iter Loss 0.8015 | Iter Mean Loss 0.8145
2023-02-10 19:16:28,156 - root - INFO - KG & CF Training: Epoch 0005 Iter 0028 / 0041 | Time 0.1s | Iter Loss 0.8059 | Iter Mean Loss 0.8142
2023-02-10 19:16:28,257 - root - INFO - KG & CF Training: Epoch 0005 Iter 0029 / 0041 | Time 0.1s | Iter Loss 0.8011 | Iter Mean Loss 0.8138
2023-02-10 19:16:28,348 - root - INFO - KG & CF Training: Epoch 0005 Iter 0030 / 0041 | Time 0.1s | Iter Loss 0.8042 | Iter Mean Loss 0.8135
2023-02-10 19:16:28,449 - root - INFO - KG & CF Training: Epoch 0005 Iter 0031 / 0041 | Time 0.1s | Iter Loss 0.8044 | Iter Mean Loss 0.8132
2023-02-10 19:16:28,539 - root - INFO - KG & CF Training: Epoch 0005 Iter 0032 / 0041 | Time 0.1s | Iter Loss 0.8038 | Iter Mean Loss 0.8129
2023-02-10 19:16:28,630 - root - INFO - KG & CF Training: Epoch 0005 Iter 0033 / 0041 | Time 0.1s | Iter Loss 0.8009 | Iter Mean Loss 0.8125
2023-02-10 19:16:28,731 - root - INFO - KG & CF Training: Epoch 0005 Iter 0034 / 0041 | Time 0.1s | Iter Loss 0.8039 | Iter Mean Loss 0.8123
2023-02-10 19:16:28,832 - root - INFO - KG & CF Training: Epoch 0005 Iter 0035 / 0041 | Time 0.1s | Iter Loss 0.8039 | Iter Mean Loss 0.8120
2023-02-10 19:16:28,923 - root - INFO - KG & CF Training: Epoch 0005 Iter 0036 / 0041 | Time 0.1s | Iter Loss 0.8000 | Iter Mean Loss 0.8117
2023-02-10 19:16:29,014 - root - INFO - KG & CF Training: Epoch 0005 Iter 0037 / 0041 | Time 0.1s | Iter Loss 0.7945 | Iter Mean Loss 0.8112
2023-02-10 19:16:29,105 - root - INFO - KG & CF Training: Epoch 0005 Iter 0038 / 0041 | Time 0.1s | Iter Loss 0.8024 | Iter Mean Loss 0.8110
2023-02-10 19:16:29,196 - root - INFO - KG & CF Training: Epoch 0005 Iter 0039 / 0041 | Time 0.1s | Iter Loss 0.7998 | Iter Mean Loss 0.8107
2023-02-10 19:16:29,276 - root - INFO - KG & CF Training: Epoch 0005 Iter 0040 / 0041 | Time 0.1s | Iter Loss 0.8010 | Iter Mean Loss 0.8105
2023-02-10 19:16:29,367 - root - INFO - KG & CF Training: Epoch 0005 Iter 0041 / 0041 | Time 0.1s | Iter Loss 0.7989 | Iter Mean Loss 0.8102
2023-02-10 19:16:29,367 - root - INFO - KG & CF Training: Epoch 0005 Total Iter 0041 | Total Time 3.8s | Iter Mean Loss 0.8102
2023-02-10 19:16:29,458 - root - INFO - KG & CF Training: Epoch 0006 Iter 0001 / 0041 | Time 0.1s | Iter Loss 0.7972 | Iter Mean Loss 0.7972
2023-02-10 19:16:29,559 - root - INFO - KG & CF Training: Epoch 0006 Iter 0002 / 0041 | Time 0.1s | Iter Loss 0.7957 | Iter Mean Loss 0.7965
2023-02-10 19:16:29,658 - root - INFO - KG & CF Training: Epoch 0006 Iter 0003 / 0041 | Time 0.1s | Iter Loss 0.8018 | Iter Mean Loss 0.7983
2023-02-10 19:16:29,751 - root - INFO - KG & CF Training: Epoch 0006 Iter 0004 / 0041 | Time 0.1s | Iter Loss 0.8008 | Iter Mean Loss 0.7989
2023-02-10 19:16:29,863 - root - INFO - KG & CF Training: Epoch 0006 Iter 0005 / 0041 | Time 0.1s | Iter Loss 0.7903 | Iter Mean Loss 0.7972
2023-02-10 19:16:29,964 - root - INFO - KG & CF Training: Epoch 0006 Iter 0006 / 0041 | Time 0.1s | Iter Loss 0.7913 | Iter Mean Loss 0.7962
2023-02-10 19:16:30,065 - root - INFO - KG & CF Training: Epoch 0006 Iter 0007 / 0041 | Time 0.1s | Iter Loss 0.7966 | Iter Mean Loss 0.7962
2023-02-10 19:16:30,156 - root - INFO - KG & CF Training: Epoch 0006 Iter 0008 / 0041 | Time 0.1s | Iter Loss 0.7933 | Iter Mean Loss 0.7959
2023-02-10 19:16:30,267 - root - INFO - KG & CF Training: Epoch 0006 Iter 0009 / 0041 | Time 0.1s | Iter Loss 0.7973 | Iter Mean Loss 0.7960
2023-02-10 19:16:30,368 - root - INFO - KG & CF Training: Epoch 0006 Iter 0010 / 0041 | Time 0.1s | Iter Loss 0.7981 | Iter Mean Loss 0.7962
2023-02-10 19:16:30,469 - root - INFO - KG & CF Training: Epoch 0006 Iter 0011 / 0041 | Time 0.1s | Iter Loss 0.7960 | Iter Mean Loss 0.7962
2023-02-10 19:16:30,580 - root - INFO - KG & CF Training: Epoch 0006 Iter 0012 / 0041 | Time 0.1s | Iter Loss 0.7936 | Iter Mean Loss 0.7960
2023-02-10 19:16:30,720 - root - INFO - KG & CF Training: Epoch 0006 Iter 0013 / 0041 | Time 0.1s | Iter Loss 0.7944 | Iter Mean Loss 0.7959
2023-02-10 19:16:30,841 - root - INFO - KG & CF Training: Epoch 0006 Iter 0014 / 0041 | Time 0.1s | Iter Loss 0.7931 | Iter Mean Loss 0.7957
2023-02-10 19:16:30,981 - root - INFO - KG & CF Training: Epoch 0006 Iter 0015 / 0041 | Time 0.1s | Iter Loss 0.7888 | Iter Mean Loss 0.7952
2023-02-10 19:16:31,114 - root - INFO - KG & CF Training: Epoch 0006 Iter 0016 / 0041 | Time 0.1s | Iter Loss 0.7873 | Iter Mean Loss 0.7947
2023-02-10 19:16:31,233 - root - INFO - KG & CF Training: Epoch 0006 Iter 0017 / 0041 | Time 0.1s | Iter Loss 0.7864 | Iter Mean Loss 0.7942
2023-02-10 19:16:31,326 - root - INFO - KG & CF Training: Epoch 0006 Iter 0018 / 0041 | Time 0.1s | Iter Loss 0.7925 | Iter Mean Loss 0.7941
2023-02-10 19:16:31,426 - root - INFO - KG & CF Training: Epoch 0006 Iter 0019 / 0041 | Time 0.1s | Iter Loss 0.7893 | Iter Mean Loss 0.7939
2023-02-10 19:16:31,525 - root - INFO - KG & CF Training: Epoch 0006 Iter 0020 / 0041 | Time 0.1s | Iter Loss 0.7865 | Iter Mean Loss 0.7935
2023-02-10 19:16:31,628 - root - INFO - KG & CF Training: Epoch 0006 Iter 0021 / 0041 | Time 0.1s | Iter Loss 0.7862 | Iter Mean Loss 0.7932
2023-02-10 19:16:31,749 - root - INFO - KG & CF Training: Epoch 0006 Iter 0022 / 0041 | Time 0.1s | Iter Loss 0.7898 | Iter Mean Loss 0.7930
2023-02-10 19:16:31,849 - root - INFO - KG & CF Training: Epoch 0006 Iter 0023 / 0041 | Time 0.1s | Iter Loss 0.7889 | Iter Mean Loss 0.7928
2023-02-10 19:16:31,950 - root - INFO - KG & CF Training: Epoch 0006 Iter 0024 / 0041 | Time 0.1s | Iter Loss 0.7897 | Iter Mean Loss 0.7927
2023-02-10 19:16:32,041 - root - INFO - KG & CF Training: Epoch 0006 Iter 0025 / 0041 | Time 0.1s | Iter Loss 0.7879 | Iter Mean Loss 0.7925
2023-02-10 19:16:32,132 - root - INFO - KG & CF Training: Epoch 0006 Iter 0026 / 0041 | Time 0.1s | Iter Loss 0.7869 | Iter Mean Loss 0.7923
2023-02-10 19:16:32,233 - root - INFO - KG & CF Training: Epoch 0006 Iter 0027 / 0041 | Time 0.1s | Iter Loss 0.7916 | Iter Mean Loss 0.7923
2023-02-10 19:16:32,322 - root - INFO - KG & CF Training: Epoch 0006 Iter 0028 / 0041 | Time 0.1s | Iter Loss 0.7905 | Iter Mean Loss 0.7922
2023-02-10 19:16:32,405 - root - INFO - KG & CF Training: Epoch 0006 Iter 0029 / 0041 | Time 0.1s | Iter Loss 0.7902 | Iter Mean Loss 0.7921
2023-02-10 19:16:32,495 - root - INFO - KG & CF Training: Epoch 0006 Iter 0030 / 0041 | Time 0.1s | Iter Loss 0.7827 | Iter Mean Loss 0.7918
2023-02-10 19:16:32,584 - root - INFO - KG & CF Training: Epoch 0006 Iter 0031 / 0041 | Time 0.1s | Iter Loss 0.7823 | Iter Mean Loss 0.7915
2023-02-10 19:16:32,667 - root - INFO - KG & CF Training: Epoch 0006 Iter 0032 / 0041 | Time 0.1s | Iter Loss 0.7827 | Iter Mean Loss 0.7912
2023-02-10 19:16:32,766 - root - INFO - KG & CF Training: Epoch 0006 Iter 0033 / 0041 | Time 0.1s | Iter Loss 0.7860 | Iter Mean Loss 0.7911
2023-02-10 19:16:32,859 - root - INFO - KG & CF Training: Epoch 0006 Iter 0034 / 0041 | Time 0.1s | Iter Loss 0.7848 | Iter Mean Loss 0.7909
2023-02-10 19:16:32,958 - root - INFO - KG & CF Training: Epoch 0006 Iter 0035 / 0041 | Time 0.1s | Iter Loss 0.7804 | Iter Mean Loss 0.7906
2023-02-10 19:16:33,039 - root - INFO - KG & CF Training: Epoch 0006 Iter 0036 / 0041 | Time 0.1s | Iter Loss 0.7797 | Iter Mean Loss 0.7903
2023-02-10 19:16:33,139 - root - INFO - KG & CF Training: Epoch 0006 Iter 0037 / 0041 | Time 0.1s | Iter Loss 0.7844 | Iter Mean Loss 0.7901
2023-02-10 19:16:33,232 - root - INFO - KG & CF Training: Epoch 0006 Iter 0038 / 0041 | Time 0.1s | Iter Loss 0.7799 | Iter Mean Loss 0.7899
2023-02-10 19:16:33,323 - root - INFO - KG & CF Training: Epoch 0006 Iter 0039 / 0041 | Time 0.1s | Iter Loss 0.7820 | Iter Mean Loss 0.7897
2023-02-10 19:16:33,424 - root - INFO - KG & CF Training: Epoch 0006 Iter 0040 / 0041 | Time 0.1s | Iter Loss 0.7810 | Iter Mean Loss 0.7894
2023-02-10 19:16:33,515 - root - INFO - KG & CF Training: Epoch 0006 Iter 0041 / 0041 | Time 0.1s | Iter Loss 0.7786 | Iter Mean Loss 0.7892
2023-02-10 19:16:33,515 - root - INFO - KG & CF Training: Epoch 0006 Total Iter 0041 | Total Time 4.1s | Iter Mean Loss 0.7892
2023-02-10 19:16:33,604 - root - INFO - KG & CF Training: Epoch 0007 Iter 0001 / 0041 | Time 0.1s | Iter Loss 0.7783 | Iter Mean Loss 0.7783
2023-02-10 19:16:33,696 - root - INFO - KG & CF Training: Epoch 0007 Iter 0002 / 0041 | Time 0.1s | Iter Loss 0.7684 | Iter Mean Loss 0.7734
2023-02-10 19:16:33,807 - root - INFO - KG & CF Training: Epoch 0007 Iter 0003 / 0041 | Time 0.1s | Iter Loss 0.7780 | Iter Mean Loss 0.7749
2023-02-10 19:16:33,908 - root - INFO - KG & CF Training: Epoch 0007 Iter 0004 / 0041 | Time 0.1s | Iter Loss 0.7756 | Iter Mean Loss 0.7751
2023-02-10 19:16:33,989 - root - INFO - KG & CF Training: Epoch 0007 Iter 0005 / 0041 | Time 0.1s | Iter Loss 0.7775 | Iter Mean Loss 0.7756
2023-02-10 19:16:34,090 - root - INFO - KG & CF Training: Epoch 0007 Iter 0006 / 0041 | Time 0.1s | Iter Loss 0.7762 | Iter Mean Loss 0.7757
2023-02-10 19:16:34,191 - root - INFO - KG & CF Training: Epoch 0007 Iter 0007 / 0041 | Time 0.1s | Iter Loss 0.7732 | Iter Mean Loss 0.7753
2023-02-10 19:16:34,290 - root - INFO - KG & CF Training: Epoch 0007 Iter 0008 / 0041 | Time 0.1s | Iter Loss 0.7811 | Iter Mean Loss 0.7760
2023-02-10 19:16:34,383 - root - INFO - KG & CF Training: Epoch 0007 Iter 0009 / 0041 | Time 0.1s | Iter Loss 0.7657 | Iter Mean Loss 0.7749
2023-02-10 19:16:34,474 - root - INFO - KG & CF Training: Epoch 0007 Iter 0010 / 0041 | Time 0.1s | Iter Loss 0.7717 | Iter Mean Loss 0.7746
2023-02-10 19:16:34,575 - root - INFO - KG & CF Training: Epoch 0007 Iter 0011 / 0041 | Time 0.1s | Iter Loss 0.7744 | Iter Mean Loss 0.7746
2023-02-10 19:16:34,694 - root - INFO - KG & CF Training: Epoch 0007 Iter 0012 / 0041 | Time 0.1s | Iter Loss 0.7708 | Iter Mean Loss 0.7742
2023-02-10 19:16:34,788 - root - INFO - KG & CF Training: Epoch 0007 Iter 0013 / 0041 | Time 0.1s | Iter Loss 0.7719 | Iter Mean Loss 0.7741
2023-02-10 19:16:34,868 - root - INFO - KG & CF Training: Epoch 0007 Iter 0014 / 0041 | Time 0.1s | Iter Loss 0.7734 | Iter Mean Loss 0.7740
2023-02-10 19:16:34,969 - root - INFO - KG & CF Training: Epoch 0007 Iter 0015 / 0041 | Time 0.1s | Iter Loss 0.7756 | Iter Mean Loss 0.7741
2023-02-10 19:16:35,069 - root - INFO - KG & CF Training: Epoch 0007 Iter 0016 / 0041 | Time 0.1s | Iter Loss 0.7702 | Iter Mean Loss 0.7739
2023-02-10 19:16:35,150 - root - INFO - KG & CF Training: Epoch 0007 Iter 0017 / 0041 | Time 0.1s | Iter Loss 0.7661 | Iter Mean Loss 0.7734
2023-02-10 19:16:35,231 - root - INFO - KG & CF Training: Epoch 0007 Iter 0018 / 0041 | Time 0.1s | Iter Loss 0.7706 | Iter Mean Loss 0.7733
2023-02-10 19:16:35,340 - root - INFO - KG & CF Training: Epoch 0007 Iter 0019 / 0041 | Time 0.1s | Iter Loss 0.7658 | Iter Mean Loss 0.7729
2023-02-10 19:16:35,441 - root - INFO - KG & CF Training: Epoch 0007 Iter 0020 / 0041 | Time 0.1s | Iter Loss 0.7707 | Iter Mean Loss 0.7728
2023-02-10 19:16:35,524 - root - INFO - KG & CF Training: Epoch 0007 Iter 0021 / 0041 | Time 0.1s | Iter Loss 0.7681 | Iter Mean Loss 0.7725
2023-02-10 19:16:35,615 - root - INFO - KG & CF Training: Epoch 0007 Iter 0022 / 0041 | Time 0.1s | Iter Loss 0.7700 | Iter Mean Loss 0.7724
2023-02-10 19:16:35,716 - root - INFO - KG & CF Training: Epoch 0007 Iter 0023 / 0041 | Time 0.1s | Iter Loss 0.7675 | Iter Mean Loss 0.7722
2023-02-10 19:16:35,817 - root - INFO - KG & CF Training: Epoch 0007 Iter 0024 / 0041 | Time 0.1s | Iter Loss 0.7644 | Iter Mean Loss 0.7719
2023-02-10 19:16:35,908 - root - INFO - KG & CF Training: Epoch 0007 Iter 0025 / 0041 | Time 0.1s | Iter Loss 0.7629 | Iter Mean Loss 0.7715
2023-02-10 19:16:35,999 - root - INFO - KG & CF Training: Epoch 0007 Iter 0026 / 0041 | Time 0.1s | Iter Loss 0.7668 | Iter Mean Loss 0.7713
2023-02-10 19:16:36,090 - root - INFO - KG & CF Training: Epoch 0007 Iter 0027 / 0041 | Time 0.1s | Iter Loss 0.7625 | Iter Mean Loss 0.7710
2023-02-10 19:16:36,170 - root - INFO - KG & CF Training: Epoch 0007 Iter 0028 / 0041 | Time 0.1s | Iter Loss 0.7603 | Iter Mean Loss 0.7706
2023-02-10 19:16:36,271 - root - INFO - KG & CF Training: Epoch 0007 Iter 0029 / 0041 | Time 0.1s | Iter Loss 0.7671 | Iter Mean Loss 0.7705
2023-02-10 19:16:36,352 - root - INFO - KG & CF Training: Epoch 0007 Iter 0030 / 0041 | Time 0.1s | Iter Loss 0.7634 | Iter Mean Loss 0.7703
2023-02-10 19:16:36,453 - root - INFO - KG & CF Training: Epoch 0007 Iter 0031 / 0041 | Time 0.1s | Iter Loss 0.7634 | Iter Mean Loss 0.7701
2023-02-10 19:16:36,542 - root - INFO - KG & CF Training: Epoch 0007 Iter 0032 / 0041 | Time 0.1s | Iter Loss 0.7624 | Iter Mean Loss 0.7698
2023-02-10 19:16:36,625 - root - INFO - KG & CF Training: Epoch 0007 Iter 0033 / 0041 | Time 0.1s | Iter Loss 0.7616 | Iter Mean Loss 0.7696
2023-02-10 19:16:36,715 - root - INFO - KG & CF Training: Epoch 0007 Iter 0034 / 0041 | Time 0.1s | Iter Loss 0.7599 | Iter Mean Loss 0.7693
2023-02-10 19:16:36,793 - root - INFO - KG & CF Training: Epoch 0007 Iter 0035 / 0041 | Time 0.1s | Iter Loss 0.7637 | Iter Mean Loss 0.7691
2023-02-10 19:16:36,877 - root - INFO - KG & CF Training: Epoch 0007 Iter 0036 / 0041 | Time 0.1s | Iter Loss 0.7605 | Iter Mean Loss 0.7689
2023-02-10 19:16:36,968 - root - INFO - KG & CF Training: Epoch 0007 Iter 0037 / 0041 | Time 0.1s | Iter Loss 0.7627 | Iter Mean Loss 0.7687
2023-02-10 19:16:37,059 - root - INFO - KG & CF Training: Epoch 0007 Iter 0038 / 0041 | Time 0.1s | Iter Loss 0.7588 | Iter Mean Loss 0.7685
2023-02-10 19:16:37,168 - root - INFO - KG & CF Training: Epoch 0007 Iter 0039 / 0041 | Time 0.1s | Iter Loss 0.7567 | Iter Mean Loss 0.7682
2023-02-10 19:16:37,261 - root - INFO - KG & CF Training: Epoch 0007 Iter 0040 / 0041 | Time 0.1s | Iter Loss 0.7562 | Iter Mean Loss 0.7679
2023-02-10 19:16:37,362 - root - INFO - KG & CF Training: Epoch 0007 Iter 0041 / 0041 | Time 0.1s | Iter Loss 0.7525 | Iter Mean Loss 0.7675
2023-02-10 19:16:37,362 - root - INFO - KG & CF Training: Epoch 0007 Total Iter 0041 | Total Time 3.8s | Iter Mean Loss 0.7675
2023-02-10 19:16:37,461 - root - INFO - KG & CF Training: Epoch 0008 Iter 0001 / 0041 | Time 0.1s | Iter Loss 0.7533 | Iter Mean Loss 0.7533
2023-02-10 19:16:37,542 - root - INFO - KG & CF Training: Epoch 0008 Iter 0002 / 0041 | Time 0.1s | Iter Loss 0.7487 | Iter Mean Loss 0.7510
2023-02-10 19:16:37,635 - root - INFO - KG & CF Training: Epoch 0008 Iter 0003 / 0041 | Time 0.1s | Iter Loss 0.7544 | Iter Mean Loss 0.7521
2023-02-10 19:16:37,736 - root - INFO - KG & CF Training: Epoch 0008 Iter 0004 / 0041 | Time 0.1s | Iter Loss 0.7620 | Iter Mean Loss 0.7546
2023-02-10 19:16:37,837 - root - INFO - KG & CF Training: Epoch 0008 Iter 0005 / 0041 | Time 0.1s | Iter Loss 0.7572 | Iter Mean Loss 0.7551
2023-02-10 19:16:37,928 - root - INFO - KG & CF Training: Epoch 0008 Iter 0006 / 0041 | Time 0.1s | Iter Loss 0.7558 | Iter Mean Loss 0.7552
2023-02-10 19:16:38,019 - root - INFO - KG & CF Training: Epoch 0008 Iter 0007 / 0041 | Time 0.1s | Iter Loss 0.7514 | Iter Mean Loss 0.7547
2023-02-10 19:16:38,110 - root - INFO - KG & CF Training: Epoch 0008 Iter 0008 / 0041 | Time 0.1s | Iter Loss 0.7544 | Iter Mean Loss 0.7547
2023-02-10 19:16:38,190 - root - INFO - KG & CF Training: Epoch 0008 Iter 0009 / 0041 | Time 0.1s | Iter Loss 0.7439 | Iter Mean Loss 0.7535
2023-02-10 19:16:38,281 - root - INFO - KG & CF Training: Epoch 0008 Iter 0010 / 0041 | Time 0.1s | Iter Loss 0.7476 | Iter Mean Loss 0.7529
2023-02-10 19:16:38,372 - root - INFO - KG & CF Training: Epoch 0008 Iter 0011 / 0041 | Time 0.1s | Iter Loss 0.7481 | Iter Mean Loss 0.7524
2023-02-10 19:16:38,463 - root - INFO - KG & CF Training: Epoch 0008 Iter 0012 / 0041 | Time 0.1s | Iter Loss 0.7521 | Iter Mean Loss 0.7524
2023-02-10 19:16:38,544 - root - INFO - KG & CF Training: Epoch 0008 Iter 0013 / 0041 | Time 0.1s | Iter Loss 0.7507 | Iter Mean Loss 0.7523
2023-02-10 19:16:38,635 - root - INFO - KG & CF Training: Epoch 0008 Iter 0014 / 0041 | Time 0.1s | Iter Loss 0.7431 | Iter Mean Loss 0.7516
2023-02-10 19:16:38,716 - root - INFO - KG & CF Training: Epoch 0008 Iter 0015 / 0041 | Time 0.1s | Iter Loss 0.7423 | Iter Mean Loss 0.7510
2023-02-10 19:16:38,817 - root - INFO - KG & CF Training: Epoch 0008 Iter 0016 / 0041 | Time 0.1s | Iter Loss 0.7492 | Iter Mean Loss 0.7509
2023-02-10 19:16:38,906 - root - INFO - KG & CF Training: Epoch 0008 Iter 0017 / 0041 | Time 0.1s | Iter Loss 0.7478 | Iter Mean Loss 0.7507
2023-02-10 19:16:38,989 - root - INFO - KG & CF Training: Epoch 0008 Iter 0018 / 0041 | Time 0.1s | Iter Loss 0.7398 | Iter Mean Loss 0.7501
2023-02-10 19:16:39,100 - root - INFO - KG & CF Training: Epoch 0008 Iter 0019 / 0041 | Time 0.1s | Iter Loss 0.7459 | Iter Mean Loss 0.7499
2023-02-10 19:16:39,191 - root - INFO - KG & CF Training: Epoch 0008 Iter 0020 / 0041 | Time 0.1s | Iter Loss 0.7450 | Iter Mean Loss 0.7496
2023-02-10 19:16:39,282 - root - INFO - KG & CF Training: Epoch 0008 Iter 0021 / 0041 | Time 0.1s | Iter Loss 0.7462 | Iter Mean Loss 0.7495
2023-02-10 19:16:39,383 - root - INFO - KG & CF Training: Epoch 0008 Iter 0022 / 0041 | Time 0.1s | Iter Loss 0.7414 | Iter Mean Loss 0.7491
2023-02-10 19:16:39,492 - root - INFO - KG & CF Training: Epoch 0008 Iter 0023 / 0041 | Time 0.1s | Iter Loss 0.7482 | Iter Mean Loss 0.7491
2023-02-10 19:16:39,574 - root - INFO - KG & CF Training: Epoch 0008 Iter 0024 / 0041 | Time 0.1s | Iter Loss 0.7415 | Iter Mean Loss 0.7488
2023-02-10 19:16:39,665 - root - INFO - KG & CF Training: Epoch 0008 Iter 0025 / 0041 | Time 0.1s | Iter Loss 0.7397 | Iter Mean Loss 0.7484
2023-02-10 19:16:39,761 - root - INFO - KG & CF Training: Epoch 0008 Iter 0026 / 0041 | Time 0.1s | Iter Loss 0.7388 | Iter Mean Loss 0.7480
2023-02-10 19:16:39,857 - root - INFO - KG & CF Training: Epoch 0008 Iter 0027 / 0041 | Time 0.1s | Iter Loss 0.7393 | Iter Mean Loss 0.7477
2023-02-10 19:16:39,946 - root - INFO - KG & CF Training: Epoch 0008 Iter 0028 / 0041 | Time 0.1s | Iter Loss 0.7370 | Iter Mean Loss 0.7473
2023-02-10 19:16:40,039 - root - INFO - KG & CF Training: Epoch 0008 Iter 0029 / 0041 | Time 0.1s | Iter Loss 0.7381 | Iter Mean Loss 0.7470
2023-02-10 19:16:40,130 - root - INFO - KG & CF Training: Epoch 0008 Iter 0030 / 0041 | Time 0.1s | Iter Loss 0.7363 | Iter Mean Loss 0.7466
2023-02-10 19:16:40,221 - root - INFO - KG & CF Training: Epoch 0008 Iter 0031 / 0041 | Time 0.1s | Iter Loss 0.7391 | Iter Mean Loss 0.7464
2023-02-10 19:16:40,312 - root - INFO - KG & CF Training: Epoch 0008 Iter 0032 / 0041 | Time 0.1s | Iter Loss 0.7424 | Iter Mean Loss 0.7463
2023-02-10 19:16:40,413 - root - INFO - KG & CF Training: Epoch 0008 Iter 0033 / 0041 | Time 0.1s | Iter Loss 0.7355 | Iter Mean Loss 0.7459
2023-02-10 19:16:40,514 - root - INFO - KG & CF Training: Epoch 0008 Iter 0034 / 0041 | Time 0.1s | Iter Loss 0.7298 | Iter Mean Loss 0.7455
2023-02-10 19:16:40,604 - root - INFO - KG & CF Training: Epoch 0008 Iter 0035 / 0041 | Time 0.1s | Iter Loss 0.7405 | Iter Mean Loss 0.7453
2023-02-10 19:16:40,695 - root - INFO - KG & CF Training: Epoch 0008 Iter 0036 / 0041 | Time 0.1s | Iter Loss 0.7336 | Iter Mean Loss 0.7450
2023-02-10 19:16:40,807 - root - INFO - KG & CF Training: Epoch 0008 Iter 0037 / 0041 | Time 0.1s | Iter Loss 0.7379 | Iter Mean Loss 0.7448
2023-02-10 19:16:40,888 - root - INFO - KG & CF Training: Epoch 0008 Iter 0038 / 0041 | Time 0.1s | Iter Loss 0.7281 | Iter Mean Loss 0.7444
2023-02-10 19:16:40,969 - root - INFO - KG & CF Training: Epoch 0008 Iter 0039 / 0041 | Time 0.1s | Iter Loss 0.7364 | Iter Mean Loss 0.7442
2023-02-10 19:16:41,060 - root - INFO - KG & CF Training: Epoch 0008 Iter 0040 / 0041 | Time 0.1s | Iter Loss 0.7331 | Iter Mean Loss 0.7439
2023-02-10 19:16:41,151 - root - INFO - KG & CF Training: Epoch 0008 Iter 0041 / 0041 | Time 0.1s | Iter Loss 0.7270 | Iter Mean Loss 0.7435
2023-02-10 19:16:41,151 - root - INFO - KG & CF Training: Epoch 0008 Total Iter 0041 | Total Time 3.8s | Iter Mean Loss 0.7435
2023-02-10 19:16:41,231 - root - INFO - KG & CF Training: Epoch 0009 Iter 0001 / 0041 | Time 0.1s | Iter Loss 0.7282 | Iter Mean Loss 0.7282
2023-02-10 19:16:41,321 - root - INFO - KG & CF Training: Epoch 0009 Iter 0002 / 0041 | Time 0.1s | Iter Loss 0.7242 | Iter Mean Loss 0.7262
2023-02-10 19:16:41,413 - root - INFO - KG & CF Training: Epoch 0009 Iter 0003 / 0041 | Time 0.1s | Iter Loss 0.7199 | Iter Mean Loss 0.7241
2023-02-10 19:16:41,504 - root - INFO - KG & CF Training: Epoch 0009 Iter 0004 / 0041 | Time 0.1s | Iter Loss 0.7270 | Iter Mean Loss 0.7248
2023-02-10 19:16:41,595 - root - INFO - KG & CF Training: Epoch 0009 Iter 0005 / 0041 | Time 0.1s | Iter Loss 0.7238 | Iter Mean Loss 0.7246
2023-02-10 19:16:41,694 - root - INFO - KG & CF Training: Epoch 0009 Iter 0006 / 0041 | Time 0.1s | Iter Loss 0.7209 | Iter Mean Loss 0.7240
2023-02-10 19:16:41,785 - root - INFO - KG & CF Training: Epoch 0009 Iter 0007 / 0041 | Time 0.1s | Iter Loss 0.7211 | Iter Mean Loss 0.7236
2023-02-10 19:16:41,878 - root - INFO - KG & CF Training: Epoch 0009 Iter 0008 / 0041 | Time 0.1s | Iter Loss 0.7201 | Iter Mean Loss 0.7232
2023-02-10 19:16:41,969 - root - INFO - KG & CF Training: Epoch 0009 Iter 0009 / 0041 | Time 0.1s | Iter Loss 0.7165 | Iter Mean Loss 0.7224
2023-02-10 19:16:42,070 - root - INFO - KG & CF Training: Epoch 0009 Iter 0010 / 0041 | Time 0.1s | Iter Loss 0.7165 | Iter Mean Loss 0.7218
2023-02-10 19:16:42,159 - root - INFO - KG & CF Training: Epoch 0009 Iter 0011 / 0041 | Time 0.1s | Iter Loss 0.7160 | Iter Mean Loss 0.7213
2023-02-10 19:16:42,252 - root - INFO - KG & CF Training: Epoch 0009 Iter 0012 / 0041 | Time 0.1s | Iter Loss 0.7232 | Iter Mean Loss 0.7215
2023-02-10 19:16:42,343 - root - INFO - KG & CF Training: Epoch 0009 Iter 0013 / 0041 | Time 0.1s | Iter Loss 0.7197 | Iter Mean Loss 0.7213
2023-02-10 19:16:42,434 - root - INFO - KG & CF Training: Epoch 0009 Iter 0014 / 0041 | Time 0.1s | Iter Loss 0.7197 | Iter Mean Loss 0.7212
2023-02-10 19:16:42,525 - root - INFO - KG & CF Training: Epoch 0009 Iter 0015 / 0041 | Time 0.1s | Iter Loss 0.7153 | Iter Mean Loss 0.7208
2023-02-10 19:16:42,623 - root - INFO - KG & CF Training: Epoch 0009 Iter 0016 / 0041 | Time 0.1s | Iter Loss 0.7107 | Iter Mean Loss 0.7202
2023-02-10 19:16:42,717 - root - INFO - KG & CF Training: Epoch 0009 Iter 0017 / 0041 | Time 0.1s | Iter Loss 0.7182 | Iter Mean Loss 0.7201
2023-02-10 19:16:42,808 - root - INFO - KG & CF Training: Epoch 0009 Iter 0018 / 0041 | Time 0.1s | Iter Loss 0.7243 | Iter Mean Loss 0.7203
2023-02-10 19:16:42,908 - root - INFO - KG & CF Training: Epoch 0009 Iter 0019 / 0041 | Time 0.1s | Iter Loss 0.7151 | Iter Mean Loss 0.7200
2023-02-10 19:16:43,007 - root - INFO - KG & CF Training: Epoch 0009 Iter 0020 / 0041 | Time 0.1s | Iter Loss 0.7163 | Iter Mean Loss 0.7198
2023-02-10 19:16:43,100 - root - INFO - KG & CF Training: Epoch 0009 Iter 0021 / 0041 | Time 0.1s | Iter Loss 0.7220 | Iter Mean Loss 0.7199
2023-02-10 19:16:43,191 - root - INFO - KG & CF Training: Epoch 0009 Iter 0022 / 0041 | Time 0.1s | Iter Loss 0.7133 | Iter Mean Loss 0.7196
2023-02-10 19:16:43,292 - root - INFO - KG & CF Training: Epoch 0009 Iter 0023 / 0041 | Time 0.1s | Iter Loss 0.7129 | Iter Mean Loss 0.7194
2023-02-10 19:16:43,391 - root - INFO - KG & CF Training: Epoch 0009 Iter 0024 / 0041 | Time 0.1s | Iter Loss 0.7130 | Iter Mean Loss 0.7191
2023-02-10 19:16:43,488 - root - INFO - KG & CF Training: Epoch 0009 Iter 0025 / 0041 | Time 0.1s | Iter Loss 0.7141 | Iter Mean Loss 0.7189
2023-02-10 19:16:43,593 - root - INFO - KG & CF Training: Epoch 0009 Iter 0026 / 0041 | Time 0.1s | Iter Loss 0.7078 | Iter Mean Loss 0.7185
2023-02-10 19:16:43,676 - root - INFO - KG & CF Training: Epoch 0009 Iter 0027 / 0041 | Time 0.1s | Iter Loss 0.7093 | Iter Mean Loss 0.7181
2023-02-10 19:16:43,787 - root - INFO - KG & CF Training: Epoch 0009 Iter 0028 / 0041 | Time 0.1s | Iter Loss 0.7066 | Iter Mean Loss 0.7177
2023-02-10 19:16:43,878 - root - INFO - KG & CF Training: Epoch 0009 Iter 0029 / 0041 | Time 0.1s | Iter Loss 0.7073 | Iter Mean Loss 0.7174
2023-02-10 19:16:43,969 - root - INFO - KG & CF Training: Epoch 0009 Iter 0030 / 0041 | Time 0.1s | Iter Loss 0.7138 | Iter Mean Loss 0.7172
2023-02-10 19:16:44,060 - root - INFO - KG & CF Training: Epoch 0009 Iter 0031 / 0041 | Time 0.1s | Iter Loss 0.7045 | Iter Mean Loss 0.7168
2023-02-10 19:16:44,151 - root - INFO - KG & CF Training: Epoch 0009 Iter 0032 / 0041 | Time 0.1s | Iter Loss 0.7092 | Iter Mean Loss 0.7166
2023-02-10 19:16:44,241 - root - INFO - KG & CF Training: Epoch 0009 Iter 0033 / 0041 | Time 0.1s | Iter Loss 0.7021 | Iter Mean Loss 0.7161
2023-02-10 19:16:44,332 - root - INFO - KG & CF Training: Epoch 0009 Iter 0034 / 0041 | Time 0.1s | Iter Loss 0.7030 | Iter Mean Loss 0.7158
2023-02-10 19:16:44,433 - root - INFO - KG & CF Training: Epoch 0009 Iter 0035 / 0041 | Time 0.1s | Iter Loss 0.6942 | Iter Mean Loss 0.7151
2023-02-10 19:16:44,534 - root - INFO - KG & CF Training: Epoch 0009 Iter 0036 / 0041 | Time 0.1s | Iter Loss 0.7067 | Iter Mean Loss 0.7149
2023-02-10 19:16:44,615 - root - INFO - KG & CF Training: Epoch 0009 Iter 0037 / 0041 | Time 0.1s | Iter Loss 0.7049 | Iter Mean Loss 0.7146
2023-02-10 19:16:44,705 - root - INFO - KG & CF Training: Epoch 0009 Iter 0038 / 0041 | Time 0.1s | Iter Loss 0.6937 | Iter Mean Loss 0.7141
2023-02-10 19:16:44,788 - root - INFO - KG & CF Training: Epoch 0009 Iter 0039 / 0041 | Time 0.1s | Iter Loss 0.6934 | Iter Mean Loss 0.7136
2023-02-10 19:16:44,867 - root - INFO - KG & CF Training: Epoch 0009 Iter 0040 / 0041 | Time 0.1s | Iter Loss 0.6957 | Iter Mean Loss 0.7131
2023-02-10 19:16:44,948 - root - INFO - KG & CF Training: Epoch 0009 Iter 0041 / 0041 | Time 0.1s | Iter Loss 0.6937 | Iter Mean Loss 0.7126
2023-02-10 19:16:44,948 - root - INFO - KG & CF Training: Epoch 0009 Total Iter 0041 | Total Time 3.8s | Iter Mean Loss 0.7126
2023-02-10 19:16:45,039 - root - INFO - KG & CF Training: Epoch 0010 Iter 0001 / 0041 | Time 0.1s | Iter Loss 0.6972 | Iter Mean Loss 0.6972
2023-02-10 19:16:45,130 - root - INFO - KG & CF Training: Epoch 0010 Iter 0002 / 0041 | Time 0.1s | Iter Loss 0.6962 | Iter Mean Loss 0.6967
2023-02-10 19:16:45,210 - root - INFO - KG & CF Training: Epoch 0010 Iter 0003 / 0041 | Time 0.1s | Iter Loss 0.6902 | Iter Mean Loss 0.6945
2023-02-10 19:16:45,311 - root - INFO - KG & CF Training: Epoch 0010 Iter 0004 / 0041 | Time 0.1s | Iter Loss 0.6896 | Iter Mean Loss 0.6933
2023-02-10 19:16:45,420 - root - INFO - KG & CF Training: Epoch 0010 Iter 0005 / 0041 | Time 0.1s | Iter Loss 0.6941 | Iter Mean Loss 0.6935
2023-02-10 19:16:45,503 - root - INFO - KG & CF Training: Epoch 0010 Iter 0006 / 0041 | Time 0.1s | Iter Loss 0.6932 | Iter Mean Loss 0.6934
2023-02-10 19:16:45,584 - root - INFO - KG & CF Training: Epoch 0010 Iter 0007 / 0041 | Time 0.1s | Iter Loss 0.6946 | Iter Mean Loss 0.6936
2023-02-10 19:16:45,694 - root - INFO - KG & CF Training: Epoch 0010 Iter 0008 / 0041 | Time 0.1s | Iter Loss 0.6936 | Iter Mean Loss 0.6936
2023-02-10 19:16:45,785 - root - INFO - KG & CF Training: Epoch 0010 Iter 0009 / 0041 | Time 0.1s | Iter Loss 0.6950 | Iter Mean Loss 0.6937
2023-02-10 19:16:45,874 - root - INFO - KG & CF Training: Epoch 0010 Iter 0010 / 0041 | Time 0.1s | Iter Loss 0.6937 | Iter Mean Loss 0.6937
2023-02-10 19:16:45,957 - root - INFO - KG & CF Training: Epoch 0010 Iter 0011 / 0041 | Time 0.1s | Iter Loss 0.6825 | Iter Mean Loss 0.6927
2023-02-10 19:16:46,048 - root - INFO - KG & CF Training: Epoch 0010 Iter 0012 / 0041 | Time 0.1s | Iter Loss 0.6902 | Iter Mean Loss 0.6925
2023-02-10 19:16:46,149 - root - INFO - KG & CF Training: Epoch 0010 Iter 0013 / 0041 | Time 0.1s | Iter Loss 0.6797 | Iter Mean Loss 0.6915
2023-02-10 19:16:46,239 - root - INFO - KG & CF Training: Epoch 0010 Iter 0014 / 0041 | Time 0.1s | Iter Loss 0.6975 | Iter Mean Loss 0.6920
2023-02-10 19:16:46,340 - root - INFO - KG & CF Training: Epoch 0010 Iter 0015 / 0041 | Time 0.1s | Iter Loss 0.6814 | Iter Mean Loss 0.6913
2023-02-10 19:16:46,439 - root - INFO - KG & CF Training: Epoch 0010 Iter 0016 / 0041 | Time 0.1s | Iter Loss 0.6788 | Iter Mean Loss 0.6905
2023-02-10 19:16:46,522 - root - INFO - KG & CF Training: Epoch 0010 Iter 0017 / 0041 | Time 0.1s | Iter Loss 0.6892 | Iter Mean Loss 0.6904
2023-02-10 19:16:46,611 - root - INFO - KG & CF Training: Epoch 0010 Iter 0018 / 0041 | Time 0.1s | Iter Loss 0.6704 | Iter Mean Loss 0.6893
2023-02-10 19:16:46,692 - root - INFO - KG & CF Training: Epoch 0010 Iter 0019 / 0041 | Time 0.1s | Iter Loss 0.6865 | Iter Mean Loss 0.6891
2023-02-10 19:16:46,774 - root - INFO - KG & CF Training: Epoch 0010 Iter 0020 / 0041 | Time 0.1s | Iter Loss 0.6841 | Iter Mean Loss 0.6889
2023-02-10 19:16:46,873 - root - INFO - KG & CF Training: Epoch 0010 Iter 0021 / 0041 | Time 0.1s | Iter Loss 0.6844 | Iter Mean Loss 0.6887
2023-02-10 19:16:46,956 - root - INFO - KG & CF Training: Epoch 0010 Iter 0022 / 0041 | Time 0.1s | Iter Loss 0.6796 | Iter Mean Loss 0.6883
2023-02-10 19:16:47,057 - root - INFO - KG & CF Training: Epoch 0010 Iter 0023 / 0041 | Time 0.1s | Iter Loss 0.6801 | Iter Mean Loss 0.6879
2023-02-10 19:16:47,146 - root - INFO - KG & CF Training: Epoch 0010 Iter 0024 / 0041 | Time 0.1s | Iter Loss 0.6822 | Iter Mean Loss 0.6877
2023-02-10 19:16:47,229 - root - INFO - KG & CF Training: Epoch 0010 Iter 0025 / 0041 | Time 0.1s | Iter Loss 0.6769 | Iter Mean Loss 0.6872
2023-02-10 19:16:47,320 - root - INFO - KG & CF Training: Epoch 0010 Iter 0026 / 0041 | Time 0.1s | Iter Loss 0.6666 | Iter Mean Loss 0.6864
2023-02-10 19:16:47,428 - root - INFO - KG & CF Training: Epoch 0010 Iter 0027 / 0041 | Time 0.1s | Iter Loss 0.6750 | Iter Mean Loss 0.6860
2023-02-10 19:16:47,521 - root - INFO - KG & CF Training: Epoch 0010 Iter 0028 / 0041 | Time 0.1s | Iter Loss 0.6781 | Iter Mean Loss 0.6857
2023-02-10 19:16:47,612 - root - INFO - KG & CF Training: Epoch 0010 Iter 0029 / 0041 | Time 0.1s | Iter Loss 0.6787 | Iter Mean Loss 0.6855
2023-02-10 19:16:47,714 - root - INFO - KG & CF Training: Epoch 0010 Iter 0030 / 0041 | Time 0.1s | Iter Loss 0.6677 | Iter Mean Loss 0.6849
2023-02-10 19:16:47,811 - root - INFO - KG & CF Training: Epoch 0010 Iter 0031 / 0041 | Time 0.1s | Iter Loss 0.6735 | Iter Mean Loss 0.6845
2023-02-10 19:16:47,905 - root - INFO - KG & CF Training: Epoch 0010 Iter 0032 / 0041 | Time 0.1s | Iter Loss 0.6795 | Iter Mean Loss 0.6844
2023-02-10 19:16:48,006 - root - INFO - KG & CF Training: Epoch 0010 Iter 0033 / 0041 | Time 0.1s | Iter Loss 0.6756 | Iter Mean Loss 0.6841
2023-02-10 19:16:48,097 - root - INFO - KG & CF Training: Epoch 0010 Iter 0034 / 0041 | Time 0.1s | Iter Loss 0.6678 | Iter Mean Loss 0.6836
2023-02-10 19:16:48,188 - root - INFO - KG & CF Training: Epoch 0010 Iter 0035 / 0041 | Time 0.1s | Iter Loss 0.6700 | Iter Mean Loss 0.6832
2023-02-10 19:16:48,279 - root - INFO - KG & CF Training: Epoch 0010 Iter 0036 / 0041 | Time 0.1s | Iter Loss 0.6662 | Iter Mean Loss 0.6828
2023-02-10 19:16:48,380 - root - INFO - KG & CF Training: Epoch 0010 Iter 0037 / 0041 | Time 0.1s | Iter Loss 0.6713 | Iter Mean Loss 0.6825
2023-02-10 19:16:48,479 - root - INFO - KG & CF Training: Epoch 0010 Iter 0038 / 0041 | Time 0.1s | Iter Loss 0.6689 | Iter Mean Loss 0.6821
2023-02-10 19:16:48,570 - root - INFO - KG & CF Training: Epoch 0010 Iter 0039 / 0041 | Time 0.1s | Iter Loss 0.6690 | Iter Mean Loss 0.6818
2023-02-10 19:16:48,662 - root - INFO - KG & CF Training: Epoch 0010 Iter 0040 / 0041 | Time 0.1s | Iter Loss 0.6624 | Iter Mean Loss 0.6813
2023-02-10 19:16:48,743 - root - INFO - KG & CF Training: Epoch 0010 Iter 0041 / 0041 | Time 0.1s | Iter Loss 0.6570 | Iter Mean Loss 0.6807
2023-02-10 19:16:48,743 - root - INFO - KG & CF Training: Epoch 0010 Total Iter 0041 | Total Time 3.8s | Iter Mean Loss 0.6807
2023-02-10 19:16:48,809 - root - INFO - CF Evaluation: Epoch 0010 | Total Time 0.1s | Precision [0.2237, 0.2078], Recall [0.0504, 0.0892], NDCG [0.2309, 0.2235]
2023-02-10 19:16:48,815 - root - INFO - Save model on epoch 0010!
2023-02-10 19:16:48,906 - root - INFO - KG & CF Training: Epoch 0011 Iter 0001 / 0041 | Time 0.1s | Iter Loss 0.6584 | Iter Mean Loss 0.6584
2023-02-10 19:16:48,987 - root - INFO - KG & CF Training: Epoch 0011 Iter 0002 / 0041 | Time 0.1s | Iter Loss 0.6645 | Iter Mean Loss 0.6614
2023-02-10 19:16:49,085 - root - INFO - KG & CF Training: Epoch 0011 Iter 0003 / 0041 | Time 0.1s | Iter Loss 0.6659 | Iter Mean Loss 0.6629
2023-02-10 19:16:49,177 - root - INFO - KG & CF Training: Epoch 0011 Iter 0004 / 0041 | Time 0.1s | Iter Loss 0.6644 | Iter Mean Loss 0.6633
2023-02-10 19:16:49,269 - root - INFO - KG & CF Training: Epoch 0011 Iter 0005 / 0041 | Time 0.1s | Iter Loss 0.6594 | Iter Mean Loss 0.6625
2023-02-10 19:16:49,360 - root - INFO - KG & CF Training: Epoch 0011 Iter 0006 / 0041 | Time 0.1s | Iter Loss 0.6512 | Iter Mean Loss 0.6606
2023-02-10 19:16:49,451 - root - INFO - KG & CF Training: Epoch 0011 Iter 0007 / 0041 | Time 0.1s | Iter Loss 0.6693 | Iter Mean Loss 0.6619
2023-02-10 19:16:49,552 - root - INFO - KG & CF Training: Epoch 0011 Iter 0008 / 0041 | Time 0.1s | Iter Loss 0.6565 | Iter Mean Loss 0.6612
2023-02-10 19:16:49,633 - root - INFO - KG & CF Training: Epoch 0011 Iter 0009 / 0041 | Time 0.1s | Iter Loss 0.6652 | Iter Mean Loss 0.6616
2023-02-10 19:16:49,722 - root - INFO - KG & CF Training: Epoch 0011 Iter 0010 / 0041 | Time 0.1s | Iter Loss 0.6623 | Iter Mean Loss 0.6617
2023-02-10 19:16:49,807 - root - INFO - KG & CF Training: Epoch 0011 Iter 0011 / 0041 | Time 0.1s | Iter Loss 0.6567 | Iter Mean Loss 0.6612
2023-02-10 19:16:49,895 - root - INFO - KG & CF Training: Epoch 0011 Iter 0012 / 0041 | Time 0.1s | Iter Loss 0.6611 | Iter Mean Loss 0.6612
2023-02-10 19:16:49,986 - root - INFO - KG & CF Training: Epoch 0011 Iter 0013 / 0041 | Time 0.1s | Iter Loss 0.6579 | Iter Mean Loss 0.6610
2023-02-10 19:16:50,077 - root - INFO - KG & CF Training: Epoch 0011 Iter 0014 / 0041 | Time 0.1s | Iter Loss 0.6586 | Iter Mean Loss 0.6608
2023-02-10 19:16:50,168 - root - INFO - KG & CF Training: Epoch 0011 Iter 0015 / 0041 | Time 0.1s | Iter Loss 0.6420 | Iter Mean Loss 0.6596
2023-02-10 19:16:50,269 - root - INFO - KG & CF Training: Epoch 0011 Iter 0016 / 0041 | Time 0.1s | Iter Loss 0.6478 | Iter Mean Loss 0.6588
2023-02-10 19:16:50,368 - root - INFO - KG & CF Training: Epoch 0011 Iter 0017 / 0041 | Time 0.1s | Iter Loss 0.6429 | Iter Mean Loss 0.6579
2023-02-10 19:16:50,469 - root - INFO - KG & CF Training: Epoch 0011 Iter 0018 / 0041 | Time 0.1s | Iter Loss 0.6571 | Iter Mean Loss 0.6578
2023-02-10 19:16:50,570 - root - INFO - KG & CF Training: Epoch 0011 Iter 0019 / 0041 | Time 0.1s | Iter Loss 0.6609 | Iter Mean Loss 0.6580
2023-02-10 19:16:50,663 - root - INFO - KG & CF Training: Epoch 0011 Iter 0020 / 0041 | Time 0.1s | Iter Loss 0.6410 | Iter Mean Loss 0.6571
2023-02-10 19:16:50,762 - root - INFO - KG & CF Training: Epoch 0011 Iter 0021 / 0041 | Time 0.1s | Iter Loss 0.6476 | Iter Mean Loss 0.6567
2023-02-10 19:16:50,853 - root - INFO - KG & CF Training: Epoch 0011 Iter 0022 / 0041 | Time 0.1s | Iter Loss 0.6505 | Iter Mean Loss 0.6564
2023-02-10 19:16:50,925 - root - INFO - KG & CF Training: Epoch 0011 Iter 0023 / 0041 | Time 0.1s | Iter Loss 0.6528 | Iter Mean Loss 0.6563
2023-02-10 19:16:51,026 - root - INFO - KG & CF Training: Epoch 0011 Iter 0024 / 0041 | Time 0.1s | Iter Loss 0.6438 | Iter Mean Loss 0.6557
2023-02-10 19:16:51,127 - root - INFO - KG & CF Training: Epoch 0011 Iter 0025 / 0041 | Time 0.1s | Iter Loss 0.6487 | Iter Mean Loss 0.6555
2023-02-10 19:16:51,208 - root - INFO - KG & CF Training: Epoch 0011 Iter 0026 / 0041 | Time 0.1s | Iter Loss 0.6402 | Iter Mean Loss 0.6549
2023-02-10 19:16:51,299 - root - INFO - KG & CF Training: Epoch 0011 Iter 0027 / 0041 | Time 0.1s | Iter Loss 0.6495 | Iter Mean Loss 0.6547
2023-02-10 19:16:51,390 - root - INFO - KG & CF Training: Epoch 0011 Iter 0028 / 0041 | Time 0.1s | Iter Loss 0.6370 | Iter Mean Loss 0.6540
2023-02-10 19:16:51,499 - root - INFO - KG & CF Training: Epoch 0011 Iter 0029 / 0041 | Time 0.1s | Iter Loss 0.6387 | Iter Mean Loss 0.6535
2023-02-10 19:16:51,582 - root - INFO - KG & CF Training: Epoch 0011 Iter 0030 / 0041 | Time 0.1s | Iter Loss 0.6338 | Iter Mean Loss 0.6529
2023-02-10 19:16:51,693 - root - INFO - KG & CF Training: Epoch 0011 Iter 0031 / 0041 | Time 0.1s | Iter Loss 0.6473 | Iter Mean Loss 0.6527
2023-02-10 19:16:51,794 - root - INFO - KG & CF Training: Epoch 0011 Iter 0032 / 0041 | Time 0.1s | Iter Loss 0.6360 | Iter Mean Loss 0.6522
2023-02-10 19:16:51,895 - root - INFO - KG & CF Training: Epoch 0011 Iter 0033 / 0041 | Time 0.1s | Iter Loss 0.6378 | Iter Mean Loss 0.6517
2023-02-10 19:16:52,006 - root - INFO - KG & CF Training: Epoch 0011 Iter 0034 / 0041 | Time 0.1s | Iter Loss 0.6347 | Iter Mean Loss 0.6512
2023-02-10 19:16:52,117 - root - INFO - KG & CF Training: Epoch 0011 Iter 0035 / 0041 | Time 0.1s | Iter Loss 0.6370 | Iter Mean Loss 0.6508
2023-02-10 19:16:52,218 - root - INFO - KG & CF Training: Epoch 0011 Iter 0036 / 0041 | Time 0.1s | Iter Loss 0.6343 | Iter Mean Loss 0.6504
2023-02-10 19:16:52,309 - root - INFO - KG & CF Training: Epoch 0011 Iter 0037 / 0041 | Time 0.1s | Iter Loss 0.6392 | Iter Mean Loss 0.6501
2023-02-10 19:16:52,418 - root - INFO - KG & CF Training: Epoch 0011 Iter 0038 / 0041 | Time 0.1s | Iter Loss 0.6417 | Iter Mean Loss 0.6498
2023-02-10 19:16:52,519 - root - INFO - KG & CF Training: Epoch 0011 Iter 0039 / 0041 | Time 0.1s | Iter Loss 0.6369 | Iter Mean Loss 0.6495
2023-02-10 19:16:52,622 - root - INFO - KG & CF Training: Epoch 0011 Iter 0040 / 0041 | Time 0.1s | Iter Loss 0.6373 | Iter Mean Loss 0.6492
2023-02-10 19:16:52,732 - root - INFO - KG & CF Training: Epoch 0011 Iter 0041 / 0041 | Time 0.1s | Iter Loss 0.6436 | Iter Mean Loss 0.6491
2023-02-10 19:16:52,732 - root - INFO - KG & CF Training: Epoch 0011 Total Iter 0041 | Total Time 3.9s | Iter Mean Loss 0.6491
2023-02-10 19:16:52,854 - root - INFO - KG & CF Training: Epoch 0012 Iter 0001 / 0041 | Time 0.1s | Iter Loss 0.6378 | Iter Mean Loss 0.6378
2023-02-10 19:16:52,965 - root - INFO - KG & CF Training: Epoch 0012 Iter 0002 / 0041 | Time 0.1s | Iter Loss 0.6224 | Iter Mean Loss 0.6301
2023-02-10 19:16:53,064 - root - INFO - KG & CF Training: Epoch 0012 Iter 0003 / 0041 | Time 0.1s | Iter Loss 0.6267 | Iter Mean Loss 0.6290
2023-02-10 19:16:53,164 - root - INFO - KG & CF Training: Epoch 0012 Iter 0004 / 0041 | Time 0.1s | Iter Loss 0.6351 | Iter Mean Loss 0.6305
2023-02-10 19:16:53,265 - root - INFO - KG & CF Training: Epoch 0012 Iter 0005 / 0041 | Time 0.1s | Iter Loss 0.6330 | Iter Mean Loss 0.6310
2023-02-10 19:16:53,356 - root - INFO - KG & CF Training: Epoch 0012 Iter 0006 / 0041 | Time 0.1s | Iter Loss 0.6249 | Iter Mean Loss 0.6300
2023-02-10 19:16:53,466 - root - INFO - KG & CF Training: Epoch 0012 Iter 0007 / 0041 | Time 0.1s | Iter Loss 0.6288 | Iter Mean Loss 0.6298
2023-02-10 19:16:53,569 - root - INFO - KG & CF Training: Epoch 0012 Iter 0008 / 0041 | Time 0.1s | Iter Loss 0.6432 | Iter Mean Loss 0.6315
2023-02-10 19:16:53,670 - root - INFO - KG & CF Training: Epoch 0012 Iter 0009 / 0041 | Time 0.1s | Iter Loss 0.6356 | Iter Mean Loss 0.6319
2023-02-10 19:16:53,781 - root - INFO - KG & CF Training: Epoch 0012 Iter 0010 / 0041 | Time 0.1s | Iter Loss 0.6204 | Iter Mean Loss 0.6308
2023-02-10 19:16:53,882 - root - INFO - KG & CF Training: Epoch 0012 Iter 0011 / 0041 | Time 0.1s | Iter Loss 0.6168 | Iter Mean Loss 0.6295
2023-02-10 19:16:53,982 - root - INFO - KG & CF Training: Epoch 0012 Iter 0012 / 0041 | Time 0.1s | Iter Loss 0.6381 | Iter Mean Loss 0.6302
2023-02-10 19:16:54,083 - root - INFO - KG & CF Training: Epoch 0012 Iter 0013 / 0041 | Time 0.1s | Iter Loss 0.6208 | Iter Mean Loss 0.6295
2023-02-10 19:16:54,184 - root - INFO - KG & CF Training: Epoch 0012 Iter 0014 / 0041 | Time 0.1s | Iter Loss 0.6219 | Iter Mean Loss 0.6290
2023-02-10 19:16:54,295 - root - INFO - KG & CF Training: Epoch 0012 Iter 0015 / 0041 | Time 0.1s | Iter Loss 0.6223 | Iter Mean Loss 0.6285
2023-02-10 19:16:54,414 - root - INFO - KG & CF Training: Epoch 0012 Iter 0016 / 0041 | Time 0.1s | Iter Loss 0.6289 | Iter Mean Loss 0.6285
2023-02-10 19:16:54,516 - root - INFO - KG & CF Training: Epoch 0012 Iter 0017 / 0041 | Time 0.1s | Iter Loss 0.6294 | Iter Mean Loss 0.6286
2023-02-10 19:16:54,617 - root - INFO - KG & CF Training: Epoch 0012 Iter 0018 / 0041 | Time 0.1s | Iter Loss 0.6264 | Iter Mean Loss 0.6285
2023-02-10 19:16:54,708 - root - INFO - KG & CF Training: Epoch 0012 Iter 0019 / 0041 | Time 0.1s | Iter Loss 0.6169 | Iter Mean Loss 0.6279
2023-02-10 19:16:54,799 - root - INFO - KG & CF Training: Epoch 0012 Iter 0020 / 0041 | Time 0.1s | Iter Loss 0.6354 | Iter Mean Loss 0.6282
2023-02-10 19:16:54,910 - root - INFO - KG & CF Training: Epoch 0012 Iter 0021 / 0041 | Time 0.1s | Iter Loss 0.6188 | Iter Mean Loss 0.6278
2023-02-10 19:16:54,991 - root - INFO - KG & CF Training: Epoch 0012 Iter 0022 / 0041 | Time 0.1s | Iter Loss 0.6081 | Iter Mean Loss 0.6269
2023-02-10 19:16:55,081 - root - INFO - KG & CF Training: Epoch 0012 Iter 0023 / 0041 | Time 0.1s | Iter Loss 0.6279 | Iter Mean Loss 0.6269
2023-02-10 19:16:55,192 - root - INFO - KG & CF Training: Epoch 0012 Iter 0024 / 0041 | Time 0.1s | Iter Loss 0.6130 | Iter Mean Loss 0.6263
2023-02-10 19:16:55,273 - root - INFO - KG & CF Training: Epoch 0012 Iter 0025 / 0041 | Time 0.1s | Iter Loss 0.6093 | Iter Mean Loss 0.6257
2023-02-10 19:16:55,384 - root - INFO - KG & CF Training: Epoch 0012 Iter 0026 / 0041 | Time 0.1s | Iter Loss 0.6197 | Iter Mean Loss 0.6254
2023-02-10 19:16:55,483 - root - INFO - KG & CF Training: Epoch 0012 Iter 0027 / 0041 | Time 0.1s | Iter Loss 0.6176 | Iter Mean Loss 0.6252
2023-02-10 19:16:55,576 - root - INFO - KG & CF Training: Epoch 0012 Iter 0028 / 0041 | Time 0.1s | Iter Loss 0.6149 | Iter Mean Loss 0.6248
2023-02-10 19:16:55,677 - root - INFO - KG & CF Training: Epoch 0012 Iter 0029 / 0041 | Time 0.1s | Iter Loss 0.6077 | Iter Mean Loss 0.6242
2023-02-10 19:16:55,778 - root - INFO - KG & CF Training: Epoch 0012 Iter 0030 / 0041 | Time 0.1s | Iter Loss 0.6199 | Iter Mean Loss 0.6241
2023-02-10 19:16:55,869 - root - INFO - KG & CF Training: Epoch 0012 Iter 0031 / 0041 | Time 0.1s | Iter Loss 0.6160 | Iter Mean Loss 0.6238
2023-02-10 19:16:55,959 - root - INFO - KG & CF Training: Epoch 0012 Iter 0032 / 0041 | Time 0.1s | Iter Loss 0.6224 | Iter Mean Loss 0.6237
2023-02-10 19:16:56,050 - root - INFO - KG & CF Training: Epoch 0012 Iter 0033 / 0041 | Time 0.1s | Iter Loss 0.6064 | Iter Mean Loss 0.6232
2023-02-10 19:16:56,151 - root - INFO - KG & CF Training: Epoch 0012 Iter 0034 / 0041 | Time 0.1s | Iter Loss 0.6133 | Iter Mean Loss 0.6229
2023-02-10 19:16:56,242 - root - INFO - KG & CF Training: Epoch 0012 Iter 0035 / 0041 | Time 0.1s | Iter Loss 0.6099 | Iter Mean Loss 0.6226
2023-02-10 19:16:56,333 - root - INFO - KG & CF Training: Epoch 0012 Iter 0036 / 0041 | Time 0.1s | Iter Loss 0.6160 | Iter Mean Loss 0.6224
2023-02-10 19:16:56,444 - root - INFO - KG & CF Training: Epoch 0012 Iter 0037 / 0041 | Time 0.1s | Iter Loss 0.6078 | Iter Mean Loss 0.6220
2023-02-10 19:16:56,545 - root - INFO - KG & CF Training: Epoch 0012 Iter 0038 / 0041 | Time 0.1s | Iter Loss 0.6070 | Iter Mean Loss 0.6216
2023-02-10 19:16:56,656 - root - INFO - KG & CF Training: Epoch 0012 Iter 0039 / 0041 | Time 0.1s | Iter Loss 0.6104 | Iter Mean Loss 0.6213
2023-02-10 19:16:56,755 - root - INFO - KG & CF Training: Epoch 0012 Iter 0040 / 0041 | Time 0.1s | Iter Loss 0.6206 | Iter Mean Loss 0.6213
2023-02-10 19:16:56,846 - root - INFO - KG & CF Training: Epoch 0012 Iter 0041 / 0041 | Time 0.1s | Iter Loss 0.6043 | Iter Mean Loss 0.6209
2023-02-10 19:16:56,846 - root - INFO - KG & CF Training: Epoch 0012 Total Iter 0041 | Total Time 4.1s | Iter Mean Loss 0.6209
2023-02-10 19:16:56,939 - root - INFO - KG & CF Training: Epoch 0013 Iter 0001 / 0041 | Time 0.1s | Iter Loss 0.5931 | Iter Mean Loss 0.5931
2023-02-10 19:16:57,040 - root - INFO - KG & CF Training: Epoch 0013 Iter 0002 / 0041 | Time 0.1s | Iter Loss 0.6043 | Iter Mean Loss 0.5987
2023-02-10 19:16:57,149 - root - INFO - KG & CF Training: Epoch 0013 Iter 0003 / 0041 | Time 0.1s | Iter Loss 0.6116 | Iter Mean Loss 0.6030
2023-02-10 19:16:57,239 - root - INFO - KG & CF Training: Epoch 0013 Iter 0004 / 0041 | Time 0.1s | Iter Loss 0.6070 | Iter Mean Loss 0.6040
2023-02-10 19:16:57,353 - root - INFO - KG & CF Training: Epoch 0013 Iter 0005 / 0041 | Time 0.1s | Iter Loss 0.6211 | Iter Mean Loss 0.6074
2023-02-10 19:16:57,453 - root - INFO - KG & CF Training: Epoch 0013 Iter 0006 / 0041 | Time 0.1s | Iter Loss 0.6085 | Iter Mean Loss 0.6076
