2023-02-10 20:51:17,560 - root - INFO - Namespace(KG_embedding_type='TransR', Ks='[5, 10]', aggregation_type='lightgcn', cf_batch_size=1024, cf_l2loss_lambda=0.0001, cf_print_every=1, cuda=False, data_dir='data/', data_name='Douban', embed_dim=32, evaluate_every=10, gpu_id=0, kg_batch_size=2048, kg_l2loss_lambda=1e-05, kg_print_every=1, laplacian_type='random-walk', lr=0.001, mess_dropout=0.1, n_epoch=10, n_layers=2, pretrain_model_path='trained_model/GNN_based.pth', relation_dim=32, save_dir='trained_model/Douban/GNN_based/nlayer2_dim32_TransR_lightgcn', seed=2022, stopping_steps=10, test_batch_size=2048, use_pretrain=0)
2023-02-10 20:51:17,560 - root - INFO - Running on cpu
2023-02-10 20:51:40,985 - root - INFO - n_users:           447
2023-02-10 20:51:40,989 - root - INFO - n_items:           578
2023-02-10 20:51:40,989 - root - INFO - n_entities:        18134
2023-02-10 20:51:40,989 - root - INFO - n_users_entities:  18581
2023-02-10 20:51:40,989 - root - INFO - n_relations:       450
2023-02-10 20:51:40,989 - root - INFO - n_cf_train:        41830
2023-02-10 20:51:40,989 - root - INFO - n_cf_test:         10840
2023-02-10 20:51:40,989 - root - INFO - n_kg_train:        351986
2023-02-10 20:51:42,030 - root - INFO - GNN_based(
  (entity_user_embed): Embedding(18581, 32)
  (relation_embed): Embedding(450, 32)
  (aggregator_layers): ModuleList(
    (0): Aggregator(
      (message_dropout): Dropout(p=0.1, inplace=False)
      (activation): LeakyReLU(negative_slope=0.01)
    )
    (1): Aggregator(
      (message_dropout): Dropout(p=0.1, inplace=False)
      (activation): LeakyReLU(negative_slope=0.01)
    )
  )
)
2023-02-10 20:51:42,159 - root - INFO - CF Training: Epoch 0001 Iter 0001 / 0041 | Time 0.1s | Iter Loss 0.6710 | Iter Mean Loss 0.6710
2023-02-10 20:51:42,273 - root - INFO - CF Training: Epoch 0001 Iter 0002 / 0041 | Time 0.1s | Iter Loss 0.6439 | Iter Mean Loss 0.6575
2023-02-10 20:51:42,412 - root - INFO - CF Training: Epoch 0001 Iter 0003 / 0041 | Time 0.1s | Iter Loss 0.6344 | Iter Mean Loss 0.6498
2023-02-10 20:51:42,535 - root - INFO - CF Training: Epoch 0001 Iter 0004 / 0041 | Time 0.1s | Iter Loss 0.6171 | Iter Mean Loss 0.6416
2023-02-10 20:51:42,657 - root - INFO - CF Training: Epoch 0001 Iter 0005 / 0041 | Time 0.1s | Iter Loss 0.6101 | Iter Mean Loss 0.6353
2023-02-10 20:51:42,776 - root - INFO - CF Training: Epoch 0001 Iter 0006 / 0041 | Time 0.1s | Iter Loss 0.5738 | Iter Mean Loss 0.6251
2023-02-10 20:51:42,889 - root - INFO - CF Training: Epoch 0001 Iter 0007 / 0041 | Time 0.1s | Iter Loss 0.5534 | Iter Mean Loss 0.6148
2023-02-10 20:51:43,019 - root - INFO - CF Training: Epoch 0001 Iter 0008 / 0041 | Time 0.1s | Iter Loss 0.5392 | Iter Mean Loss 0.6054
2023-02-10 20:51:43,142 - root - INFO - CF Training: Epoch 0001 Iter 0009 / 0041 | Time 0.1s | Iter Loss 0.5664 | Iter Mean Loss 0.6011
2023-02-10 20:51:43,274 - root - INFO - CF Training: Epoch 0001 Iter 0010 / 0041 | Time 0.1s | Iter Loss 0.5517 | Iter Mean Loss 0.5961
2023-02-10 20:51:43,405 - root - INFO - CF Training: Epoch 0001 Iter 0011 / 0041 | Time 0.1s | Iter Loss 0.5435 | Iter Mean Loss 0.5913
2023-02-10 20:51:43,547 - root - INFO - CF Training: Epoch 0001 Iter 0012 / 0041 | Time 0.1s | Iter Loss 0.5336 | Iter Mean Loss 0.5865
2023-02-10 20:51:43,668 - root - INFO - CF Training: Epoch 0001 Iter 0013 / 0041 | Time 0.1s | Iter Loss 0.5229 | Iter Mean Loss 0.5816
2023-02-10 20:51:43,800 - root - INFO - CF Training: Epoch 0001 Iter 0014 / 0041 | Time 0.1s | Iter Loss 0.5207 | Iter Mean Loss 0.5773
2023-02-10 20:51:43,921 - root - INFO - CF Training: Epoch 0001 Iter 0015 / 0041 | Time 0.1s | Iter Loss 0.5066 | Iter Mean Loss 0.5726
2023-02-10 20:51:44,063 - root - INFO - CF Training: Epoch 0001 Iter 0016 / 0041 | Time 0.1s | Iter Loss 0.5086 | Iter Mean Loss 0.5686
2023-02-10 20:51:44,173 - root - INFO - CF Training: Epoch 0001 Iter 0017 / 0041 | Time 0.1s | Iter Loss 0.5156 | Iter Mean Loss 0.5655
2023-02-10 20:51:44,305 - root - INFO - CF Training: Epoch 0001 Iter 0018 / 0041 | Time 0.1s | Iter Loss 0.5173 | Iter Mean Loss 0.5628
2023-02-10 20:51:44,444 - root - INFO - CF Training: Epoch 0001 Iter 0019 / 0041 | Time 0.1s | Iter Loss 0.4979 | Iter Mean Loss 0.5594
2023-02-10 20:51:44,568 - root - INFO - CF Training: Epoch 0001 Iter 0020 / 0041 | Time 0.1s | Iter Loss 0.4957 | Iter Mean Loss 0.5562
2023-02-10 20:51:44,699 - root - INFO - CF Training: Epoch 0001 Iter 0021 / 0041 | Time 0.1s | Iter Loss 0.4693 | Iter Mean Loss 0.5520
2023-02-10 20:51:44,821 - root - INFO - CF Training: Epoch 0001 Iter 0022 / 0041 | Time 0.1s | Iter Loss 0.4902 | Iter Mean Loss 0.5492
2023-02-10 20:51:44,942 - root - INFO - CF Training: Epoch 0001 Iter 0023 / 0041 | Time 0.1s | Iter Loss 0.4602 | Iter Mean Loss 0.5454
2023-02-10 20:51:45,063 - root - INFO - CF Training: Epoch 0001 Iter 0024 / 0041 | Time 0.1s | Iter Loss 0.4840 | Iter Mean Loss 0.5428
2023-02-10 20:51:45,205 - root - INFO - CF Training: Epoch 0001 Iter 0025 / 0041 | Time 0.1s | Iter Loss 0.4628 | Iter Mean Loss 0.5396
2023-02-10 20:51:45,325 - root - INFO - CF Training: Epoch 0001 Iter 0026 / 0041 | Time 0.1s | Iter Loss 0.4588 | Iter Mean Loss 0.5365
2023-02-10 20:51:45,458 - root - INFO - CF Training: Epoch 0001 Iter 0027 / 0041 | Time 0.1s | Iter Loss 0.4842 | Iter Mean Loss 0.5346
2023-02-10 20:51:45,608 - root - INFO - CF Training: Epoch 0001 Iter 0028 / 0041 | Time 0.1s | Iter Loss 0.4512 | Iter Mean Loss 0.5316
2023-02-10 20:51:45,741 - root - INFO - CF Training: Epoch 0001 Iter 0029 / 0041 | Time 0.1s | Iter Loss 0.4404 | Iter Mean Loss 0.5284
2023-02-10 20:51:45,873 - root - INFO - CF Training: Epoch 0001 Iter 0030 / 0041 | Time 0.1s | Iter Loss 0.4668 | Iter Mean Loss 0.5264
2023-02-10 20:51:45,994 - root - INFO - CF Training: Epoch 0001 Iter 0031 / 0041 | Time 0.1s | Iter Loss 0.4622 | Iter Mean Loss 0.5243
2023-02-10 20:51:46,134 - root - INFO - CF Training: Epoch 0001 Iter 0032 / 0041 | Time 0.1s | Iter Loss 0.4596 | Iter Mean Loss 0.5223
2023-02-10 20:51:46,276 - root - INFO - CF Training: Epoch 0001 Iter 0033 / 0041 | Time 0.1s | Iter Loss 0.4578 | Iter Mean Loss 0.5203
2023-02-10 20:51:46,409 - root - INFO - CF Training: Epoch 0001 Iter 0034 / 0041 | Time 0.1s | Iter Loss 0.4547 | Iter Mean Loss 0.5184
2023-02-10 20:51:46,551 - root - INFO - CF Training: Epoch 0001 Iter 0035 / 0041 | Time 0.1s | Iter Loss 0.4534 | Iter Mean Loss 0.5165
2023-02-10 20:51:46,681 - root - INFO - CF Training: Epoch 0001 Iter 0036 / 0041 | Time 0.1s | Iter Loss 0.4543 | Iter Mean Loss 0.5148
2023-02-10 20:51:46,824 - root - INFO - CF Training: Epoch 0001 Iter 0037 / 0041 | Time 0.1s | Iter Loss 0.4357 | Iter Mean Loss 0.5127
2023-02-10 20:51:46,956 - root - INFO - CF Training: Epoch 0001 Iter 0038 / 0041 | Time 0.1s | Iter Loss 0.4469 | Iter Mean Loss 0.5109
2023-02-10 20:51:47,098 - root - INFO - CF Training: Epoch 0001 Iter 0039 / 0041 | Time 0.1s | Iter Loss 0.4655 | Iter Mean Loss 0.5098
2023-02-10 20:51:47,239 - root - INFO - CF Training: Epoch 0001 Iter 0040 / 0041 | Time 0.1s | Iter Loss 0.4053 | Iter Mean Loss 0.5072
2023-02-10 20:51:47,359 - root - INFO - CF Training: Epoch 0001 Iter 0041 / 0041 | Time 0.1s | Iter Loss 0.4347 | Iter Mean Loss 0.5054
2023-02-10 20:51:47,359 - root - INFO - CF Training: Epoch 0001 Total Iter 0041 | Total Time 5.3s | Iter Mean Loss 0.5054
2023-02-10 20:51:47,538 - root - INFO - KG Training: Epoch 0001 Iter 0001 / 0172 | Time 0.2s | Iter Loss 706.3340 | Iter Mean Loss 706.3340
2023-02-10 20:51:47,713 - root - INFO - KG Training: Epoch 0001 Iter 0002 / 0172 | Time 0.2s | Iter Loss 532.4980 | Iter Mean Loss 619.4160
2023-02-10 20:51:47,896 - root - INFO - KG Training: Epoch 0001 Iter 0003 / 0172 | Time 0.2s | Iter Loss 443.9292 | Iter Mean Loss 560.9204
2023-02-10 20:51:48,086 - root - INFO - KG Training: Epoch 0001 Iter 0004 / 0172 | Time 0.2s | Iter Loss 297.5274 | Iter Mean Loss 495.0722
2023-02-10 20:51:48,259 - root - INFO - KG Training: Epoch 0001 Iter 0005 / 0172 | Time 0.2s | Iter Loss 38.3360 | Iter Mean Loss 403.7249
2023-02-10 20:51:48,451 - root - INFO - KG Training: Epoch 0001 Iter 0006 / 0172 | Time 0.2s | Iter Loss 0.0000 | Iter Mean Loss 336.4374
2023-02-10 20:51:48,613 - root - INFO - KG Training: Epoch 0001 Iter 0007 / 0172 | Time 0.2s | Iter Loss 0.0000 | Iter Mean Loss 288.3749
2023-02-10 20:51:48,785 - root - INFO - KG Training: Epoch 0001 Iter 0008 / 0172 | Time 0.2s | Iter Loss 0.0000 | Iter Mean Loss 252.3281
2023-02-10 20:51:48,964 - root - INFO - KG Training: Epoch 0001 Iter 0009 / 0172 | Time 0.2s | Iter Loss 0.0000 | Iter Mean Loss 224.2916
2023-02-10 20:51:49,138 - root - INFO - KG Training: Epoch 0001 Iter 0010 / 0172 | Time 0.2s | Iter Loss 0.0000 | Iter Mean Loss 201.8625
2023-02-10 20:51:49,319 - root - INFO - KG Training: Epoch 0001 Iter 0011 / 0172 | Time 0.2s | Iter Loss 0.0000 | Iter Mean Loss 183.5113
2023-02-10 20:51:49,503 - root - INFO - KG Training: Epoch 0001 Iter 0012 / 0172 | Time 0.2s | Iter Loss 0.0000 | Iter Mean Loss 168.2187
2023-02-10 20:51:49,674 - root - INFO - KG Training: Epoch 0001 Iter 0013 / 0172 | Time 0.2s | Iter Loss 0.0000 | Iter Mean Loss 155.2788
2023-02-10 20:51:49,877 - root - INFO - KG Training: Epoch 0001 Iter 0014 / 0172 | Time 0.2s | Iter Loss 0.0000 | Iter Mean Loss 144.1875
2023-02-10 20:51:50,058 - root - INFO - KG Training: Epoch 0001 Iter 0015 / 0172 | Time 0.2s | Iter Loss 0.0000 | Iter Mean Loss 134.5750
2023-02-10 20:51:50,230 - root - INFO - KG Training: Epoch 0001 Iter 0016 / 0172 | Time 0.2s | Iter Loss 0.0000 | Iter Mean Loss 126.1641
2023-02-10 20:51:50,412 - root - INFO - KG Training: Epoch 0001 Iter 0017 / 0172 | Time 0.2s | Iter Loss 0.0000 | Iter Mean Loss 118.7426
2023-02-10 20:51:50,593 - root - INFO - KG Training: Epoch 0001 Iter 0018 / 0172 | Time 0.2s | Iter Loss 0.0000 | Iter Mean Loss 112.1458
2023-02-10 20:51:50,755 - root - INFO - KG Training: Epoch 0001 Iter 0019 / 0172 | Time 0.2s | Iter Loss 0.0000 | Iter Mean Loss 106.2434
2023-02-10 20:51:50,935 - root - INFO - KG Training: Epoch 0001 Iter 0020 / 0172 | Time 0.2s | Iter Loss 0.0000 | Iter Mean Loss 100.9312
2023-02-10 20:51:51,119 - root - INFO - KG Training: Epoch 0001 Iter 0021 / 0172 | Time 0.2s | Iter Loss 0.0000 | Iter Mean Loss 96.1250
2023-02-10 20:51:51,291 - root - INFO - KG Training: Epoch 0001 Iter 0022 / 0172 | Time 0.2s | Iter Loss 0.0000 | Iter Mean Loss 91.7557
2023-02-10 20:51:51,472 - root - INFO - KG Training: Epoch 0001 Iter 0023 / 0172 | Time 0.2s | Iter Loss 0.0000 | Iter Mean Loss 87.7663
2023-02-10 20:51:51,652 - root - INFO - KG Training: Epoch 0001 Iter 0024 / 0172 | Time 0.2s | Iter Loss 0.0000 | Iter Mean Loss 84.1094
2023-02-10 20:51:51,834 - root - INFO - KG Training: Epoch 0001 Iter 0025 / 0172 | Time 0.2s | Iter Loss 0.0000 | Iter Mean Loss 80.7450
2023-02-10 20:51:51,998 - root - INFO - KG Training: Epoch 0001 Iter 0026 / 0172 | Time 0.2s | Iter Loss 0.0000 | Iter Mean Loss 77.6394
2023-02-10 20:51:52,169 - root - INFO - KG Training: Epoch 0001 Iter 0027 / 0172 | Time 0.2s | Iter Loss 0.0000 | Iter Mean Loss 74.7639
2023-02-10 20:51:52,331 - root - INFO - KG Training: Epoch 0001 Iter 0028 / 0172 | Time 0.2s | Iter Loss 0.0000 | Iter Mean Loss 72.0938
2023-02-10 20:51:52,512 - root - INFO - KG Training: Epoch 0001 Iter 0029 / 0172 | Time 0.2s | Iter Loss 0.0000 | Iter Mean Loss 69.6078
2023-02-10 20:51:52,684 - root - INFO - KG Training: Epoch 0001 Iter 0030 / 0172 | Time 0.2s | Iter Loss 0.0000 | Iter Mean Loss 67.2875
2023-02-10 20:51:52,856 - root - INFO - KG Training: Epoch 0001 Iter 0031 / 0172 | Time 0.2s | Iter Loss 0.0000 | Iter Mean Loss 65.1169
2023-02-10 20:51:53,017 - root - INFO - KG Training: Epoch 0001 Iter 0032 / 0172 | Time 0.2s | Iter Loss 0.0000 | Iter Mean Loss 63.0820
2023-02-10 20:51:53,199 - root - INFO - KG Training: Epoch 0001 Iter 0033 / 0172 | Time 0.2s | Iter Loss 0.0000 | Iter Mean Loss 61.1705
2023-02-10 20:51:53,381 - root - INFO - KG Training: Epoch 0001 Iter 0034 / 0172 | Time 0.2s | Iter Loss 0.0000 | Iter Mean Loss 59.3713
2023-02-10 20:51:53,563 - root - INFO - KG Training: Epoch 0001 Iter 0035 / 0172 | Time 0.2s | Iter Loss 0.0000 | Iter Mean Loss 57.6750
2023-02-10 20:51:53,752 - root - INFO - KG Training: Epoch 0001 Iter 0036 / 0172 | Time 0.2s | Iter Loss 0.0000 | Iter Mean Loss 56.0729
2023-02-10 20:51:53,916 - root - INFO - KG Training: Epoch 0001 Iter 0037 / 0172 | Time 0.2s | Iter Loss 0.0000 | Iter Mean Loss 54.5574
2023-02-10 20:51:54,098 - root - INFO - KG Training: Epoch 0001 Iter 0038 / 0172 | Time 0.2s | Iter Loss 0.0000 | Iter Mean Loss 53.1217
2023-02-10 20:51:54,259 - root - INFO - KG Training: Epoch 0001 Iter 0039 / 0172 | Time 0.2s | Iter Loss 0.0000 | Iter Mean Loss 51.7596
2023-02-10 20:51:54,441 - root - INFO - KG Training: Epoch 0001 Iter 0040 / 0172 | Time 0.2s | Iter Loss 0.0000 | Iter Mean Loss 50.4656
2023-02-10 20:51:54,603 - root - INFO - KG Training: Epoch 0001 Iter 0041 / 0172 | Time 0.2s | Iter Loss 0.0000 | Iter Mean Loss 49.2348
2023-02-10 20:51:54,774 - root - INFO - KG Training: Epoch 0001 Iter 0042 / 0172 | Time 0.2s | Iter Loss 0.0000 | Iter Mean Loss 48.0625
2023-02-10 20:51:54,953 - root - INFO - KG Training: Epoch 0001 Iter 0043 / 0172 | Time 0.2s | Iter Loss 0.0000 | Iter Mean Loss 46.9448
2023-02-10 20:51:55,138 - root - INFO - KG Training: Epoch 0001 Iter 0044 / 0172 | Time 0.2s | Iter Loss 0.0000 | Iter Mean Loss 45.8778
2023-02-10 20:51:55,299 - root - INFO - KG Training: Epoch 0001 Iter 0045 / 0172 | Time 0.2s | Iter Loss 0.0000 | Iter Mean Loss 44.8583
2023-02-10 20:51:55,481 - root - INFO - KG Training: Epoch 0001 Iter 0046 / 0172 | Time 0.2s | Iter Loss 0.0000 | Iter Mean Loss 43.8832
2023-02-10 20:51:55,643 - root - INFO - KG Training: Epoch 0001 Iter 0047 / 0172 | Time 0.2s | Iter Loss 0.0000 | Iter Mean Loss 42.9495
2023-02-10 20:51:55,814 - root - INFO - KG Training: Epoch 0001 Iter 0048 / 0172 | Time 0.2s | Iter Loss 0.0000 | Iter Mean Loss 42.0547
2023-02-10 20:51:55,986 - root - INFO - KG Training: Epoch 0001 Iter 0049 / 0172 | Time 0.2s | Iter Loss 0.0000 | Iter Mean Loss 41.1964
2023-02-10 20:51:56,168 - root - INFO - KG Training: Epoch 0001 Iter 0050 / 0172 | Time 0.2s | Iter Loss 0.0000 | Iter Mean Loss 40.3725
2023-02-10 20:51:56,340 - root - INFO - KG Training: Epoch 0001 Iter 0051 / 0172 | Time 0.2s | Iter Loss 0.0000 | Iter Mean Loss 39.5809
2023-02-10 20:51:56,502 - root - INFO - KG Training: Epoch 0001 Iter 0052 / 0172 | Time 0.2s | Iter Loss 0.0000 | Iter Mean Loss 38.8197
2023-02-10 20:51:56,694 - root - INFO - KG Training: Epoch 0001 Iter 0053 / 0172 | Time 0.2s | Iter Loss 0.0000 | Iter Mean Loss 38.0873
2023-02-10 20:51:56,863 - root - INFO - KG Training: Epoch 0001 Iter 0054 / 0172 | Time 0.2s | Iter Loss 0.0000 | Iter Mean Loss 37.3820
2023-02-10 20:51:57,045 - root - INFO - KG Training: Epoch 0001 Iter 0055 / 0172 | Time 0.2s | Iter Loss 0.0000 | Iter Mean Loss 36.7023
2023-02-10 20:51:57,229 - root - INFO - KG Training: Epoch 0001 Iter 0056 / 0172 | Time 0.2s | Iter Loss 0.0000 | Iter Mean Loss 36.0469
2023-02-10 20:51:57,421 - root - INFO - KG Training: Epoch 0001 Iter 0057 / 0172 | Time 0.2s | Iter Loss 0.0000 | Iter Mean Loss 35.4145
2023-02-10 20:51:57,593 - root - INFO - KG Training: Epoch 0001 Iter 0058 / 0172 | Time 0.2s | Iter Loss 0.0000 | Iter Mean Loss 34.8039
2023-02-10 20:51:57,773 - root - INFO - KG Training: Epoch 0001 Iter 0059 / 0172 | Time 0.2s | Iter Loss 0.0000 | Iter Mean Loss 34.2140
2023-02-10 20:51:57,947 - root - INFO - KG Training: Epoch 0001 Iter 0060 / 0172 | Time 0.2s | Iter Loss 0.0000 | Iter Mean Loss 33.6438
2023-02-10 20:51:58,113 - root - INFO - KG Training: Epoch 0001 Iter 0061 / 0172 | Time 0.2s | Iter Loss 0.0000 | Iter Mean Loss 33.0922
2023-02-10 20:51:58,310 - root - INFO - KG Training: Epoch 0001 Iter 0062 / 0172 | Time 0.2s | Iter Loss 0.0000 | Iter Mean Loss 32.5585
2023-02-10 20:51:58,502 - root - INFO - KG Training: Epoch 0001 Iter 0063 / 0172 | Time 0.2s | Iter Loss 0.0000 | Iter Mean Loss 32.0417
2023-02-10 20:51:58,683 - root - INFO - KG Training: Epoch 0001 Iter 0064 / 0172 | Time 0.2s | Iter Loss 0.0000 | Iter Mean Loss 31.5410
2023-02-10 20:51:58,865 - root - INFO - KG Training: Epoch 0001 Iter 0065 / 0172 | Time 0.2s | Iter Loss 0.0000 | Iter Mean Loss 31.0558
2023-02-10 20:51:59,046 - root - INFO - KG Training: Epoch 0001 Iter 0066 / 0172 | Time 0.2s | Iter Loss 0.0000 | Iter Mean Loss 30.5852
2023-02-10 20:51:59,228 - root - INFO - KG Training: Epoch 0001 Iter 0067 / 0172 | Time 0.2s | Iter Loss 0.0000 | Iter Mean Loss 30.1287
2023-02-10 20:51:59,430 - root - INFO - KG Training: Epoch 0001 Iter 0068 / 0172 | Time 0.2s | Iter Loss 0.0000 | Iter Mean Loss 29.6857
2023-02-10 20:51:59,642 - root - INFO - KG Training: Epoch 0001 Iter 0069 / 0172 | Time 0.2s | Iter Loss 0.0000 | Iter Mean Loss 29.2554
2023-02-10 20:51:59,833 - root - INFO - KG Training: Epoch 0001 Iter 0070 / 0172 | Time 0.2s | Iter Loss 0.0000 | Iter Mean Loss 28.8375
2023-02-10 20:52:00,016 - root - INFO - KG Training: Epoch 0001 Iter 0071 / 0172 | Time 0.2s | Iter Loss 0.0000 | Iter Mean Loss 28.4314
2023-02-10 20:52:00,187 - root - INFO - KG Training: Epoch 0001 Iter 0072 / 0172 | Time 0.2s | Iter Loss 0.0000 | Iter Mean Loss 28.0365
2023-02-10 20:52:00,359 - root - INFO - KG Training: Epoch 0001 Iter 0073 / 0172 | Time 0.2s | Iter Loss 0.0000 | Iter Mean Loss 27.6524
2023-02-10 20:52:00,544 - root - INFO - KG Training: Epoch 0001 Iter 0074 / 0172 | Time 0.2s | Iter Loss 0.0000 | Iter Mean Loss 27.2787
2023-02-10 20:52:00,713 - root - INFO - KG Training: Epoch 0001 Iter 0075 / 0172 | Time 0.2s | Iter Loss 0.0000 | Iter Mean Loss 26.9150
2023-02-10 20:52:00,898 - root - INFO - KG Training: Epoch 0001 Iter 0076 / 0172 | Time 0.2s | Iter Loss 0.0000 | Iter Mean Loss 26.5609
2023-02-10 20:52:01,076 - root - INFO - KG Training: Epoch 0001 Iter 0077 / 0172 | Time 0.2s | Iter Loss 0.0000 | Iter Mean Loss 26.2159
2023-02-10 20:52:01,261 - root - INFO - KG Training: Epoch 0001 Iter 0078 / 0172 | Time 0.2s | Iter Loss 0.0000 | Iter Mean Loss 25.8798
2023-02-10 20:52:01,446 - root - INFO - KG Training: Epoch 0001 Iter 0079 / 0172 | Time 0.2s | Iter Loss 0.0000 | Iter Mean Loss 25.5522
2023-02-10 20:52:01,632 - root - INFO - KG Training: Epoch 0001 Iter 0080 / 0172 | Time 0.2s | Iter Loss 0.0000 | Iter Mean Loss 25.2328
2023-02-10 20:52:01,804 - root - INFO - KG Training: Epoch 0001 Iter 0081 / 0172 | Time 0.2s | Iter Loss 0.0000 | Iter Mean Loss 24.9213
2023-02-10 20:52:01,986 - root - INFO - KG Training: Epoch 0001 Iter 0082 / 0172 | Time 0.2s | Iter Loss 0.0000 | Iter Mean Loss 24.6174
2023-02-10 20:52:02,166 - root - INFO - KG Training: Epoch 0001 Iter 0083 / 0172 | Time 0.2s | Iter Loss 0.0000 | Iter Mean Loss 24.3208
2023-02-10 20:52:02,350 - root - INFO - KG Training: Epoch 0001 Iter 0084 / 0172 | Time 0.2s | Iter Loss 0.0000 | Iter Mean Loss 24.0313
2023-02-10 20:52:02,532 - root - INFO - KG Training: Epoch 0001 Iter 0085 / 0172 | Time 0.2s | Iter Loss 0.0000 | Iter Mean Loss 23.7485
2023-02-10 20:52:02,704 - root - INFO - KG Training: Epoch 0001 Iter 0086 / 0172 | Time 0.2s | Iter Loss 0.0000 | Iter Mean Loss 23.4724
2023-02-10 20:52:02,886 - root - INFO - KG Training: Epoch 0001 Iter 0087 / 0172 | Time 0.2s | Iter Loss 0.0000 | Iter Mean Loss 23.2026
2023-02-10 20:52:03,068 - root - INFO - KG Training: Epoch 0001 Iter 0088 / 0172 | Time 0.2s | Iter Loss 0.0000 | Iter Mean Loss 22.9389
2023-02-10 20:52:03,240 - root - INFO - KG Training: Epoch 0001 Iter 0089 / 0172 | Time 0.2s | Iter Loss 0.0000 | Iter Mean Loss 22.6812
2023-02-10 20:52:03,432 - root - INFO - KG Training: Epoch 0001 Iter 0090 / 0172 | Time 0.2s | Iter Loss 0.0000 | Iter Mean Loss 22.4292
2023-02-10 20:52:03,604 - root - INFO - KG Training: Epoch 0001 Iter 0091 / 0172 | Time 0.2s | Iter Loss 0.0000 | Iter Mean Loss 22.1827
2023-02-10 20:52:03,786 - root - INFO - KG Training: Epoch 0001 Iter 0092 / 0172 | Time 0.2s | Iter Loss 0.0000 | Iter Mean Loss 21.9416
2023-02-10 20:52:03,968 - root - INFO - KG Training: Epoch 0001 Iter 0093 / 0172 | Time 0.2s | Iter Loss 0.0000 | Iter Mean Loss 21.7057
2023-02-10 20:52:04,160 - root - INFO - KG Training: Epoch 0001 Iter 0094 / 0172 | Time 0.2s | Iter Loss 0.0000 | Iter Mean Loss 21.4747
2023-02-10 20:52:04,321 - root - INFO - KG Training: Epoch 0001 Iter 0095 / 0172 | Time 0.2s | Iter Loss 0.0000 | Iter Mean Loss 21.2487
2023-02-10 20:52:04,493 - root - INFO - KG Training: Epoch 0001 Iter 0096 / 0172 | Time 0.2s | Iter Loss 0.0000 | Iter Mean Loss 21.0274
2023-02-10 20:52:04,675 - root - INFO - KG Training: Epoch 0001 Iter 0097 / 0172 | Time 0.2s | Iter Loss 0.0000 | Iter Mean Loss 20.8106
2023-02-10 20:52:04,847 - root - INFO - KG Training: Epoch 0001 Iter 0098 / 0172 | Time 0.2s | Iter Loss 0.0000 | Iter Mean Loss 20.5982
2023-02-10 20:52:05,009 - root - INFO - KG Training: Epoch 0001 Iter 0099 / 0172 | Time 0.2s | Iter Loss 0.0000 | Iter Mean Loss 20.3902
2023-02-10 20:52:05,191 - root - INFO - KG Training: Epoch 0001 Iter 0100 / 0172 | Time 0.2s | Iter Loss 0.0000 | Iter Mean Loss 20.1863
2023-02-10 20:52:05,363 - root - INFO - KG Training: Epoch 0001 Iter 0101 / 0172 | Time 0.2s | Iter Loss 0.0000 | Iter Mean Loss 19.9864
2023-02-10 20:52:05,535 - root - INFO - KG Training: Epoch 0001 Iter 0102 / 0172 | Time 0.2s | Iter Loss 0.0000 | Iter Mean Loss 19.7905
2023-02-10 20:52:05,716 - root - INFO - KG Training: Epoch 0001 Iter 0103 / 0172 | Time 0.2s | Iter Loss 0.0000 | Iter Mean Loss 19.5983
2023-02-10 20:52:05,898 - root - INFO - KG Training: Epoch 0001 Iter 0104 / 0172 | Time 0.2s | Iter Loss 0.0000 | Iter Mean Loss 19.4099
2023-02-10 20:52:06,080 - root - INFO - KG Training: Epoch 0001 Iter 0105 / 0172 | Time 0.2s | Iter Loss 0.0000 | Iter Mean Loss 19.2250
2023-02-10 20:52:06,232 - root - INFO - KG Training: Epoch 0001 Iter 0106 / 0172 | Time 0.2s | Iter Loss 0.0000 | Iter Mean Loss 19.0436
2023-02-10 20:52:06,423 - root - INFO - KG Training: Epoch 0001 Iter 0107 / 0172 | Time 0.2s | Iter Loss 0.0000 | Iter Mean Loss 18.8657
2023-02-10 20:52:06,595 - root - INFO - KG Training: Epoch 0001 Iter 0108 / 0172 | Time 0.2s | Iter Loss 0.0000 | Iter Mean Loss 18.6910
2023-02-10 20:52:06,775 - root - INFO - KG Training: Epoch 0001 Iter 0109 / 0172 | Time 0.2s | Iter Loss 0.0000 | Iter Mean Loss 18.5195
2023-02-10 20:52:06,948 - root - INFO - KG Training: Epoch 0001 Iter 0110 / 0172 | Time 0.2s | Iter Loss 0.0000 | Iter Mean Loss 18.3512
2023-02-10 20:52:07,128 - root - INFO - KG Training: Epoch 0001 Iter 0111 / 0172 | Time 0.2s | Iter Loss 0.0000 | Iter Mean Loss 18.1858
2023-02-10 20:52:07,302 - root - INFO - KG Training: Epoch 0001 Iter 0112 / 0172 | Time 0.2s | Iter Loss 0.0000 | Iter Mean Loss 18.0235
2023-02-10 20:52:07,492 - root - INFO - KG Training: Epoch 0001 Iter 0113 / 0172 | Time 0.2s | Iter Loss 0.0000 | Iter Mean Loss 17.8640
2023-02-10 20:52:07,676 - root - INFO - KG Training: Epoch 0001 Iter 0114 / 0172 | Time 0.2s | Iter Loss 0.0000 | Iter Mean Loss 17.7073
2023-02-10 20:52:07,868 - root - INFO - KG Training: Epoch 0001 Iter 0115 / 0172 | Time 0.2s | Iter Loss 0.0000 | Iter Mean Loss 17.5533
2023-02-10 20:52:08,039 - root - INFO - KG Training: Epoch 0001 Iter 0116 / 0172 | Time 0.2s | Iter Loss 0.0000 | Iter Mean Loss 17.4020
2023-02-10 20:52:08,229 - root - INFO - KG Training: Epoch 0001 Iter 0117 / 0172 | Time 0.2s | Iter Loss 0.0000 | Iter Mean Loss 17.2532
2023-02-10 20:52:08,413 - root - INFO - KG Training: Epoch 0001 Iter 0118 / 0172 | Time 0.2s | Iter Loss 0.0000 | Iter Mean Loss 17.1070
2023-02-10 20:52:08,585 - root - INFO - KG Training: Epoch 0001 Iter 0119 / 0172 | Time 0.2s | Iter Loss 0.0000 | Iter Mean Loss 16.9633
2023-02-10 20:52:08,776 - root - INFO - KG Training: Epoch 0001 Iter 0120 / 0172 | Time 0.2s | Iter Loss 0.0000 | Iter Mean Loss 16.8219
2023-02-10 20:52:08,938 - root - INFO - KG Training: Epoch 0001 Iter 0121 / 0172 | Time 0.2s | Iter Loss 0.0000 | Iter Mean Loss 16.6829
2023-02-10 20:52:09,099 - root - INFO - KG Training: Epoch 0001 Iter 0122 / 0172 | Time 0.2s | Iter Loss 0.0000 | Iter Mean Loss 16.5461
2023-02-10 20:52:09,282 - root - INFO - KG Training: Epoch 0001 Iter 0123 / 0172 | Time 0.2s | Iter Loss 0.0000 | Iter Mean Loss 16.4116
2023-02-10 20:52:09,463 - root - INFO - KG Training: Epoch 0001 Iter 0124 / 0172 | Time 0.2s | Iter Loss 0.0000 | Iter Mean Loss 16.2792
2023-02-10 20:52:09,646 - root - INFO - KG Training: Epoch 0001 Iter 0125 / 0172 | Time 0.2s | Iter Loss 0.0000 | Iter Mean Loss 16.1490
2023-02-10 20:52:09,807 - root - INFO - KG Training: Epoch 0001 Iter 0126 / 0172 | Time 0.2s | Iter Loss 0.0000 | Iter Mean Loss 16.0208
2023-02-10 20:52:09,959 - root - INFO - KG Training: Epoch 0001 Iter 0127 / 0172 | Time 0.2s | Iter Loss 0.0000 | Iter Mean Loss 15.8947
2023-02-10 20:52:10,140 - root - INFO - KG Training: Epoch 0001 Iter 0128 / 0172 | Time 0.2s | Iter Loss 0.0000 | Iter Mean Loss 15.7705
2023-02-10 20:52:10,322 - root - INFO - KG Training: Epoch 0001 Iter 0129 / 0172 | Time 0.2s | Iter Loss 0.0000 | Iter Mean Loss 15.6483
2023-02-10 20:52:10,484 - root - INFO - KG Training: Epoch 0001 Iter 0130 / 0172 | Time 0.2s | Iter Loss 0.0000 | Iter Mean Loss 15.5279
2023-02-10 20:52:10,645 - root - INFO - KG Training: Epoch 0001 Iter 0131 / 0172 | Time 0.2s | Iter Loss 0.0000 | Iter Mean Loss 15.4094
2023-02-10 20:52:10,807 - root - INFO - KG Training: Epoch 0001 Iter 0132 / 0172 | Time 0.2s | Iter Loss 0.0000 | Iter Mean Loss 15.2926
2023-02-10 20:52:10,979 - root - INFO - KG Training: Epoch 0001 Iter 0133 / 0172 | Time 0.2s | Iter Loss 0.0000 | Iter Mean Loss 15.1776
2023-02-10 20:52:11,151 - root - INFO - KG Training: Epoch 0001 Iter 0134 / 0172 | Time 0.2s | Iter Loss 0.0000 | Iter Mean Loss 15.0644
2023-02-10 20:52:11,323 - root - INFO - KG Training: Epoch 0001 Iter 0135 / 0172 | Time 0.2s | Iter Loss 0.0000 | Iter Mean Loss 14.9528
2023-02-10 20:52:11,495 - root - INFO - KG Training: Epoch 0001 Iter 0136 / 0172 | Time 0.2s | Iter Loss 0.0000 | Iter Mean Loss 14.8428
2023-02-10 20:52:11,666 - root - INFO - KG Training: Epoch 0001 Iter 0137 / 0172 | Time 0.2s | Iter Loss 0.0000 | Iter Mean Loss 14.7345
2023-02-10 20:52:11,847 - root - INFO - KG Training: Epoch 0001 Iter 0138 / 0172 | Time 0.2s | Iter Loss 0.0000 | Iter Mean Loss 14.6277
2023-02-10 20:52:12,019 - root - INFO - KG Training: Epoch 0001 Iter 0139 / 0172 | Time 0.2s | Iter Loss 0.0000 | Iter Mean Loss 14.5225
2023-02-10 20:52:12,201 - root - INFO - KG Training: Epoch 0001 Iter 0140 / 0172 | Time 0.2s | Iter Loss 0.0000 | Iter Mean Loss 14.4188
2023-02-10 20:52:12,371 - root - INFO - KG Training: Epoch 0001 Iter 0141 / 0172 | Time 0.2s | Iter Loss 0.0000 | Iter Mean Loss 14.3165
2023-02-10 20:52:12,544 - root - INFO - KG Training: Epoch 0001 Iter 0142 / 0172 | Time 0.2s | Iter Loss 0.0000 | Iter Mean Loss 14.2157
2023-02-10 20:52:12,724 - root - INFO - KG Training: Epoch 0001 Iter 0143 / 0172 | Time 0.2s | Iter Loss 0.0000 | Iter Mean Loss 14.1163
2023-02-10 20:52:12,906 - root - INFO - KG Training: Epoch 0001 Iter 0144 / 0172 | Time 0.2s | Iter Loss 0.0000 | Iter Mean Loss 14.0182
2023-02-10 20:52:13,088 - root - INFO - KG Training: Epoch 0001 Iter 0145 / 0172 | Time 0.2s | Iter Loss 0.0000 | Iter Mean Loss 13.9216
2023-02-10 20:52:13,239 - root - INFO - KG Training: Epoch 0001 Iter 0146 / 0172 | Time 0.2s | Iter Loss 0.0000 | Iter Mean Loss 13.8262
2023-02-10 20:52:13,413 - root - INFO - KG Training: Epoch 0001 Iter 0147 / 0172 | Time 0.2s | Iter Loss 0.0000 | Iter Mean Loss 13.7322
2023-02-10 20:52:13,605 - root - INFO - KG Training: Epoch 0001 Iter 0148 / 0172 | Time 0.2s | Iter Loss 0.0000 | Iter Mean Loss 13.6394
2023-02-10 20:52:13,776 - root - INFO - KG Training: Epoch 0001 Iter 0149 / 0172 | Time 0.2s | Iter Loss 0.0000 | Iter Mean Loss 13.5478
2023-02-10 20:52:13,969 - root - INFO - KG Training: Epoch 0001 Iter 0150 / 0172 | Time 0.2s | Iter Loss 0.0000 | Iter Mean Loss 13.4575
2023-02-10 20:52:14,141 - root - INFO - KG Training: Epoch 0001 Iter 0151 / 0172 | Time 0.2s | Iter Loss 0.0000 | Iter Mean Loss 13.3684
2023-02-10 20:52:14,313 - root - INFO - KG Training: Epoch 0001 Iter 0152 / 0172 | Time 0.2s | Iter Loss 0.0000 | Iter Mean Loss 13.2804
2023-02-10 20:52:14,495 - root - INFO - KG Training: Epoch 0001 Iter 0153 / 0172 | Time 0.2s | Iter Loss 0.0000 | Iter Mean Loss 13.1936
2023-02-10 20:52:14,677 - root - INFO - KG Training: Epoch 0001 Iter 0154 / 0172 | Time 0.2s | Iter Loss 0.0000 | Iter Mean Loss 13.1080
2023-02-10 20:52:14,849 - root - INFO - KG Training: Epoch 0001 Iter 0155 / 0172 | Time 0.2s | Iter Loss 0.0000 | Iter Mean Loss 13.0234
2023-02-10 20:52:15,030 - root - INFO - KG Training: Epoch 0001 Iter 0156 / 0172 | Time 0.2s | Iter Loss 0.0000 | Iter Mean Loss 12.9399
2023-02-10 20:52:15,192 - root - INFO - KG Training: Epoch 0001 Iter 0157 / 0172 | Time 0.2s | Iter Loss 0.0000 | Iter Mean Loss 12.8575
2023-02-10 20:52:15,375 - root - INFO - KG Training: Epoch 0001 Iter 0158 / 0172 | Time 0.2s | Iter Loss 0.0000 | Iter Mean Loss 12.7761
2023-02-10 20:52:15,546 - root - INFO - KG Training: Epoch 0001 Iter 0159 / 0172 | Time 0.2s | Iter Loss 0.0000 | Iter Mean Loss 12.6958
2023-02-10 20:52:15,729 - root - INFO - KG Training: Epoch 0001 Iter 0160 / 0172 | Time 0.2s | Iter Loss 0.0000 | Iter Mean Loss 12.6164
2023-02-10 20:52:15,919 - root - INFO - KG Training: Epoch 0001 Iter 0161 / 0172 | Time 0.2s | Iter Loss 0.0000 | Iter Mean Loss 12.5381
2023-02-10 20:52:16,082 - root - INFO - KG Training: Epoch 0001 Iter 0162 / 0172 | Time 0.2s | Iter Loss 0.0000 | Iter Mean Loss 12.4607
2023-02-10 20:52:16,252 - root - INFO - KG Training: Epoch 0001 Iter 0163 / 0172 | Time 0.2s | Iter Loss 0.0000 | Iter Mean Loss 12.3842
2023-02-10 20:52:16,434 - root - INFO - KG Training: Epoch 0001 Iter 0164 / 0172 | Time 0.2s | Iter Loss 0.0000 | Iter Mean Loss 12.3087
2023-02-10 20:52:16,608 - root - INFO - KG Training: Epoch 0001 Iter 0165 / 0172 | Time 0.2s | Iter Loss 0.0000 | Iter Mean Loss 12.2341
2023-02-10 20:52:16,788 - root - INFO - KG Training: Epoch 0001 Iter 0166 / 0172 | Time 0.2s | Iter Loss 0.0000 | Iter Mean Loss 12.1604
2023-02-10 20:52:16,983 - root - INFO - KG Training: Epoch 0001 Iter 0167 / 0172 | Time 0.2s | Iter Loss 0.0000 | Iter Mean Loss 12.0876
2023-02-10 20:52:17,155 - root - INFO - KG Training: Epoch 0001 Iter 0168 / 0172 | Time 0.2s | Iter Loss 0.0000 | Iter Mean Loss 12.0156
2023-02-10 20:52:17,336 - root - INFO - KG Training: Epoch 0001 Iter 0169 / 0172 | Time 0.2s | Iter Loss 0.0000 | Iter Mean Loss 11.9445
2023-02-10 20:52:17,526 - root - INFO - KG Training: Epoch 0001 Iter 0170 / 0172 | Time 0.2s | Iter Loss 0.0000 | Iter Mean Loss 11.8743
2023-02-10 20:52:17,710 - root - INFO - KG Training: Epoch 0001 Iter 0171 / 0172 | Time 0.2s | Iter Loss 0.0000 | Iter Mean Loss 11.8048
2023-02-10 20:52:17,892 - root - INFO - KG Training: Epoch 0001 Iter 0172 / 0172 | Time 0.2s | Iter Loss 0.0000 | Iter Mean Loss 11.7362
2023-02-10 20:52:17,892 - root - INFO - KG Training: Epoch 0001 Total Iter 0172 | Total Time 30.5s | Iter Mean Loss 11.7362
2023-02-10 20:52:18,024 - root - INFO - CF Training: Epoch 0002 Iter 0001 / 0041 | Time 0.1s | Iter Loss 0.4575 | Iter Mean Loss 0.4575
2023-02-10 20:52:18,156 - root - INFO - CF Training: Epoch 0002 Iter 0002 / 0041 | Time 0.1s | Iter Loss 0.4593 | Iter Mean Loss 0.4584
2023-02-10 20:52:18,287 - root - INFO - CF Training: Epoch 0002 Iter 0003 / 0041 | Time 0.1s | Iter Loss 0.4269 | Iter Mean Loss 0.4479
2023-02-10 20:52:18,398 - root - INFO - CF Training: Epoch 0002 Iter 0004 / 0041 | Time 0.1s | Iter Loss 0.4580 | Iter Mean Loss 0.4504
2023-02-10 20:52:18,540 - root - INFO - CF Training: Epoch 0002 Iter 0005 / 0041 | Time 0.1s | Iter Loss 0.4529 | Iter Mean Loss 0.4509
2023-02-10 20:52:18,670 - root - INFO - CF Training: Epoch 0002 Iter 0006 / 0041 | Time 0.1s | Iter Loss 0.4396 | Iter Mean Loss 0.4490
2023-02-10 20:52:18,794 - root - INFO - CF Training: Epoch 0002 Iter 0007 / 0041 | Time 0.1s | Iter Loss 0.4517 | Iter Mean Loss 0.4494
2023-02-10 20:52:18,915 - root - INFO - CF Training: Epoch 0002 Iter 0008 / 0041 | Time 0.1s | Iter Loss 0.4300 | Iter Mean Loss 0.4470
2023-02-10 20:52:19,047 - root - INFO - CF Training: Epoch 0002 Iter 0009 / 0041 | Time 0.1s | Iter Loss 0.4462 | Iter Mean Loss 0.4469
2023-02-10 20:52:19,176 - root - INFO - CF Training: Epoch 0002 Iter 0010 / 0041 | Time 0.1s | Iter Loss 0.4328 | Iter Mean Loss 0.4455
2023-02-10 20:52:19,299 - root - INFO - CF Training: Epoch 0002 Iter 0011 / 0041 | Time 0.1s | Iter Loss 0.4450 | Iter Mean Loss 0.4454
2023-02-10 20:52:19,451 - root - INFO - CF Training: Epoch 0002 Iter 0012 / 0041 | Time 0.2s | Iter Loss 0.3904 | Iter Mean Loss 0.4409
2023-02-10 20:52:19,573 - root - INFO - CF Training: Epoch 0002 Iter 0013 / 0041 | Time 0.1s | Iter Loss 0.4382 | Iter Mean Loss 0.4406
2023-02-10 20:52:19,702 - root - INFO - CF Training: Epoch 0002 Iter 0014 / 0041 | Time 0.1s | Iter Loss 0.4255 | Iter Mean Loss 0.4396
2023-02-10 20:52:19,836 - root - INFO - CF Training: Epoch 0002 Iter 0015 / 0041 | Time 0.1s | Iter Loss 0.4005 | Iter Mean Loss 0.4370
2023-02-10 20:52:19,957 - root - INFO - CF Training: Epoch 0002 Iter 0016 / 0041 | Time 0.1s | Iter Loss 0.3961 | Iter Mean Loss 0.4344
2023-02-10 20:52:20,078 - root - INFO - CF Training: Epoch 0002 Iter 0017 / 0041 | Time 0.1s | Iter Loss 0.4159 | Iter Mean Loss 0.4333
2023-02-10 20:52:20,190 - root - INFO - CF Training: Epoch 0002 Iter 0018 / 0041 | Time 0.1s | Iter Loss 0.4131 | Iter Mean Loss 0.4322
2023-02-10 20:52:20,331 - root - INFO - CF Training: Epoch 0002 Iter 0019 / 0041 | Time 0.1s | Iter Loss 0.4144 | Iter Mean Loss 0.4313
2023-02-10 20:52:20,482 - root - INFO - CF Training: Epoch 0002 Iter 0020 / 0041 | Time 0.2s | Iter Loss 0.4239 | Iter Mean Loss 0.4309
2023-02-10 20:52:20,604 - root - INFO - CF Training: Epoch 0002 Iter 0021 / 0041 | Time 0.1s | Iter Loss 0.4116 | Iter Mean Loss 0.4300
2023-02-10 20:52:20,744 - root - INFO - CF Training: Epoch 0002 Iter 0022 / 0041 | Time 0.1s | Iter Loss 0.4563 | Iter Mean Loss 0.4312
2023-02-10 20:52:20,885 - root - INFO - CF Training: Epoch 0002 Iter 0023 / 0041 | Time 0.1s | Iter Loss 0.4248 | Iter Mean Loss 0.4309
2023-02-10 20:52:20,999 - root - INFO - CF Training: Epoch 0002 Iter 0024 / 0041 | Time 0.1s | Iter Loss 0.4323 | Iter Mean Loss 0.4310
2023-02-10 20:52:21,128 - root - INFO - CF Training: Epoch 0002 Iter 0025 / 0041 | Time 0.1s | Iter Loss 0.4105 | Iter Mean Loss 0.4301
2023-02-10 20:52:21,251 - root - INFO - CF Training: Epoch 0002 Iter 0026 / 0041 | Time 0.1s | Iter Loss 0.4008 | Iter Mean Loss 0.4290
2023-02-10 20:52:21,362 - root - INFO - CF Training: Epoch 0002 Iter 0027 / 0041 | Time 0.1s | Iter Loss 0.4139 | Iter Mean Loss 0.4284
2023-02-10 20:52:21,514 - root - INFO - CF Training: Epoch 0002 Iter 0028 / 0041 | Time 0.2s | Iter Loss 0.4085 | Iter Mean Loss 0.4277
2023-02-10 20:52:21,645 - root - INFO - CF Training: Epoch 0002 Iter 0029 / 0041 | Time 0.1s | Iter Loss 0.4175 | Iter Mean Loss 0.4274
2023-02-10 20:52:21,785 - root - INFO - CF Training: Epoch 0002 Iter 0030 / 0041 | Time 0.1s | Iter Loss 0.4069 | Iter Mean Loss 0.4267
2023-02-10 20:52:21,909 - root - INFO - CF Training: Epoch 0002 Iter 0031 / 0041 | Time 0.1s | Iter Loss 0.4226 | Iter Mean Loss 0.4266
2023-02-10 20:52:22,020 - root - INFO - CF Training: Epoch 0002 Iter 0032 / 0041 | Time 0.1s | Iter Loss 0.4185 | Iter Mean Loss 0.4263
2023-02-10 20:52:22,151 - root - INFO - CF Training: Epoch 0002 Iter 0033 / 0041 | Time 0.1s | Iter Loss 0.4043 | Iter Mean Loss 0.4256
2023-02-10 20:52:22,293 - root - INFO - CF Training: Epoch 0002 Iter 0034 / 0041 | Time 0.1s | Iter Loss 0.3912 | Iter Mean Loss 0.4246
2023-02-10 20:52:22,425 - root - INFO - CF Training: Epoch 0002 Iter 0035 / 0041 | Time 0.1s | Iter Loss 0.4238 | Iter Mean Loss 0.4246
2023-02-10 20:52:22,556 - root - INFO - CF Training: Epoch 0002 Iter 0036 / 0041 | Time 0.1s | Iter Loss 0.3857 | Iter Mean Loss 0.4235
2023-02-10 20:52:22,698 - root - INFO - CF Training: Epoch 0002 Iter 0037 / 0041 | Time 0.1s | Iter Loss 0.4045 | Iter Mean Loss 0.4230
2023-02-10 20:52:22,809 - root - INFO - CF Training: Epoch 0002 Iter 0038 / 0041 | Time 0.1s | Iter Loss 0.3966 | Iter Mean Loss 0.4223
2023-02-10 20:52:22,931 - root - INFO - CF Training: Epoch 0002 Iter 0039 / 0041 | Time 0.1s | Iter Loss 0.3855 | Iter Mean Loss 0.4214
2023-02-10 20:52:23,052 - root - INFO - CF Training: Epoch 0002 Iter 0040 / 0041 | Time 0.1s | Iter Loss 0.4109 | Iter Mean Loss 0.4211
2023-02-10 20:52:23,174 - root - INFO - CF Training: Epoch 0002 Iter 0041 / 0041 | Time 0.1s | Iter Loss 0.4093 | Iter Mean Loss 0.4208
2023-02-10 20:52:23,174 - root - INFO - CF Training: Epoch 0002 Total Iter 0041 | Total Time 5.3s | Iter Mean Loss 0.4208
2023-02-10 20:52:23,354 - root - INFO - KG Training: Epoch 0002 Iter 0001 / 0172 | Time 0.2s | Iter Loss 0.0000 | Iter Mean Loss 0.0000
2023-02-10 20:52:23,538 - root - INFO - KG Training: Epoch 0002 Iter 0002 / 0172 | Time 0.2s | Iter Loss 0.0000 | Iter Mean Loss 0.0000
2023-02-10 20:52:23,700 - root - INFO - KG Training: Epoch 0002 Iter 0003 / 0172 | Time 0.2s | Iter Loss 0.0000 | Iter Mean Loss 0.0000
2023-02-10 20:52:23,861 - root - INFO - KG Training: Epoch 0002 Iter 0004 / 0172 | Time 0.2s | Iter Loss 0.0000 | Iter Mean Loss 0.0000
2023-02-10 20:52:24,043 - root - INFO - KG Training: Epoch 0002 Iter 0005 / 0172 | Time 0.2s | Iter Loss 0.0000 | Iter Mean Loss 0.0000
2023-02-10 20:52:24,226 - root - INFO - KG Training: Epoch 0002 Iter 0006 / 0172 | Time 0.2s | Iter Loss 0.0000 | Iter Mean Loss 0.0000
2023-02-10 20:52:24,388 - root - INFO - KG Training: Epoch 0002 Iter 0007 / 0172 | Time 0.2s | Iter Loss 0.0000 | Iter Mean Loss 0.0000
2023-02-10 20:52:24,549 - root - INFO - KG Training: Epoch 0002 Iter 0008 / 0172 | Time 0.2s | Iter Loss 0.0000 | Iter Mean Loss 0.0000
2023-02-10 20:52:24,720 - root - INFO - KG Training: Epoch 0002 Iter 0009 / 0172 | Time 0.2s | Iter Loss 0.0000 | Iter Mean Loss 0.0000
2023-02-10 20:52:24,882 - root - INFO - KG Training: Epoch 0002 Iter 0010 / 0172 | Time 0.2s | Iter Loss 0.0000 | Iter Mean Loss 0.0000
2023-02-10 20:52:25,054 - root - INFO - KG Training: Epoch 0002 Iter 0011 / 0172 | Time 0.2s | Iter Loss 0.0000 | Iter Mean Loss 0.0000
2023-02-10 20:52:25,215 - root - INFO - KG Training: Epoch 0002 Iter 0012 / 0172 | Time 0.2s | Iter Loss 0.0000 | Iter Mean Loss 0.0000
2023-02-10 20:52:25,407 - root - INFO - KG Training: Epoch 0002 Iter 0013 / 0172 | Time 0.2s | Iter Loss 0.0000 | Iter Mean Loss 0.0000
2023-02-10 20:52:25,599 - root - INFO - KG Training: Epoch 0002 Iter 0014 / 0172 | Time 0.2s | Iter Loss 0.0000 | Iter Mean Loss 0.0000
2023-02-10 20:52:25,781 - root - INFO - KG Training: Epoch 0002 Iter 0015 / 0172 | Time 0.2s | Iter Loss 0.0000 | Iter Mean Loss 0.0000
2023-02-10 20:52:25,951 - root - INFO - KG Training: Epoch 0002 Iter 0016 / 0172 | Time 0.2s | Iter Loss 0.0000 | Iter Mean Loss 0.0000
2023-02-10 20:52:26,125 - root - INFO - KG Training: Epoch 0002 Iter 0017 / 0172 | Time 0.2s | Iter Loss 0.0000 | Iter Mean Loss 0.0000
2023-02-10 20:52:26,296 - root - INFO - KG Training: Epoch 0002 Iter 0018 / 0172 | Time 0.2s | Iter Loss 0.0000 | Iter Mean Loss 0.0000
2023-02-10 20:52:26,468 - root - INFO - KG Training: Epoch 0002 Iter 0019 / 0172 | Time 0.2s | Iter Loss 0.0000 | Iter Mean Loss 0.0000
2023-02-10 20:52:26,640 - root - INFO - KG Training: Epoch 0002 Iter 0020 / 0172 | Time 0.2s | Iter Loss 0.0000 | Iter Mean Loss 0.0000
2023-02-10 20:52:26,812 - root - INFO - KG Training: Epoch 0002 Iter 0021 / 0172 | Time 0.2s | Iter Loss 0.0000 | Iter Mean Loss 0.0000
2023-02-10 20:52:26,982 - root - INFO - KG Training: Epoch 0002 Iter 0022 / 0172 | Time 0.2s | Iter Loss 0.0000 | Iter Mean Loss 0.0000
2023-02-10 20:52:27,156 - root - INFO - KG Training: Epoch 0002 Iter 0023 / 0172 | Time 0.2s | Iter Loss 0.0000 | Iter Mean Loss 0.0000
2023-02-10 20:52:27,317 - root - INFO - KG Training: Epoch 0002 Iter 0024 / 0172 | Time 0.2s | Iter Loss 0.0000 | Iter Mean Loss 0.0000
2023-02-10 20:52:27,489 - root - INFO - KG Training: Epoch 0002 Iter 0025 / 0172 | Time 0.2s | Iter Loss 0.0000 | Iter Mean Loss 0.0000
2023-02-10 20:52:27,671 - root - INFO - KG Training: Epoch 0002 Iter 0026 / 0172 | Time 0.2s | Iter Loss 0.0000 | Iter Mean Loss 0.0000
2023-02-10 20:52:27,832 - root - INFO - KG Training: Epoch 0002 Iter 0027 / 0172 | Time 0.2s | Iter Loss 0.0000 | Iter Mean Loss 0.0000
2023-02-10 20:52:28,014 - root - INFO - KG Training: Epoch 0002 Iter 0028 / 0172 | Time 0.2s | Iter Loss 0.0000 | Iter Mean Loss 0.0000
2023-02-10 20:52:28,197 - root - INFO - KG Training: Epoch 0002 Iter 0029 / 0172 | Time 0.2s | Iter Loss 0.0000 | Iter Mean Loss 0.0000
2023-02-10 20:52:28,369 - root - INFO - KG Training: Epoch 0002 Iter 0030 / 0172 | Time 0.2s | Iter Loss 0.0000 | Iter Mean Loss 0.0000
2023-02-10 20:52:28,551 - root - INFO - KG Training: Epoch 0002 Iter 0031 / 0172 | Time 0.2s | Iter Loss 0.0000 | Iter Mean Loss 0.0000
2023-02-10 20:52:28,733 - root - INFO - KG Training: Epoch 0002 Iter 0032 / 0172 | Time 0.2s | Iter Loss 0.0000 | Iter Mean Loss 0.0000
2023-02-10 20:52:28,902 - root - INFO - KG Training: Epoch 0002 Iter 0033 / 0172 | Time 0.2s | Iter Loss 0.0000 | Iter Mean Loss 0.0000
2023-02-10 20:52:29,076 - root - INFO - KG Training: Epoch 0002 Iter 0034 / 0172 | Time 0.2s | Iter Loss 0.0000 | Iter Mean Loss 0.0000
2023-02-10 20:52:29,258 - root - INFO - KG Training: Epoch 0002 Iter 0035 / 0172 | Time 0.2s | Iter Loss 0.0000 | Iter Mean Loss 0.0000
2023-02-10 20:52:29,440 - root - INFO - KG Training: Epoch 0002 Iter 0036 / 0172 | Time 0.2s | Iter Loss 0.0000 | Iter Mean Loss 0.0000
2023-02-10 20:52:29,611 - root - INFO - KG Training: Epoch 0002 Iter 0037 / 0172 | Time 0.2s | Iter Loss 0.0000 | Iter Mean Loss 0.0000
2023-02-10 20:52:29,799 - root - INFO - KG Training: Epoch 0002 Iter 0038 / 0172 | Time 0.2s | Iter Loss 0.0000 | Iter Mean Loss 0.0000
2023-02-10 20:52:29,984 - root - INFO - KG Training: Epoch 0002 Iter 0039 / 0172 | Time 0.2s | Iter Loss 0.0000 | Iter Mean Loss 0.0000
2023-02-10 20:52:30,165 - root - INFO - KG Training: Epoch 0002 Iter 0040 / 0172 | Time 0.2s | Iter Loss 0.0000 | Iter Mean Loss 0.0000
2023-02-10 20:52:30,327 - root - INFO - KG Training: Epoch 0002 Iter 0041 / 0172 | Time 0.2s | Iter Loss 0.0000 | Iter Mean Loss 0.0000
2023-02-10 20:52:30,499 - root - INFO - KG Training: Epoch 0002 Iter 0042 / 0172 | Time 0.2s | Iter Loss 0.0000 | Iter Mean Loss 0.0000
2023-02-10 20:52:30,680 - root - INFO - KG Training: Epoch 0002 Iter 0043 / 0172 | Time 0.2s | Iter Loss 0.0000 | Iter Mean Loss 0.0000
2023-02-10 20:52:30,871 - root - INFO - KG Training: Epoch 0002 Iter 0044 / 0172 | Time 0.2s | Iter Loss 0.0000 | Iter Mean Loss 0.0000
2023-02-10 20:52:31,042 - root - INFO - KG Training: Epoch 0002 Iter 0045 / 0172 | Time 0.2s | Iter Loss 0.0000 | Iter Mean Loss 0.0000
2023-02-10 20:52:31,206 - root - INFO - KG Training: Epoch 0002 Iter 0046 / 0172 | Time 0.2s | Iter Loss 0.0000 | Iter Mean Loss 0.0000
2023-02-10 20:52:31,386 - root - INFO - KG Training: Epoch 0002 Iter 0047 / 0172 | Time 0.2s | Iter Loss 0.0000 | Iter Mean Loss 0.0000
2023-02-10 20:52:31,560 - root - INFO - KG Training: Epoch 0002 Iter 0048 / 0172 | Time 0.2s | Iter Loss 0.0000 | Iter Mean Loss 0.0000
2023-02-10 20:52:31,742 - root - INFO - KG Training: Epoch 0002 Iter 0049 / 0172 | Time 0.2s | Iter Loss 0.0000 | Iter Mean Loss 0.0000
2023-02-10 20:52:31,932 - root - INFO - KG Training: Epoch 0002 Iter 0050 / 0172 | Time 0.2s | Iter Loss 0.0000 | Iter Mean Loss 0.0000
2023-02-10 20:52:32,096 - root - INFO - KG Training: Epoch 0002 Iter 0051 / 0172 | Time 0.2s | Iter Loss 0.0000 | Iter Mean Loss 0.0000
2023-02-10 20:52:32,267 - root - INFO - KG Training: Epoch 0002 Iter 0052 / 0172 | Time 0.2s | Iter Loss 0.0000 | Iter Mean Loss 0.0000
2023-02-10 20:52:32,439 - root - INFO - KG Training: Epoch 0002 Iter 0053 / 0172 | Time 0.2s | Iter Loss 0.0000 | Iter Mean Loss 0.0000
2023-02-10 20:52:32,609 - root - INFO - KG Training: Epoch 0002 Iter 0054 / 0172 | Time 0.2s | Iter Loss 0.0000 | Iter Mean Loss 0.0000
2023-02-10 20:52:32,793 - root - INFO - KG Training: Epoch 0002 Iter 0055 / 0172 | Time 0.2s | Iter Loss 0.0000 | Iter Mean Loss 0.0000
2023-02-10 20:52:32,964 - root - INFO - KG Training: Epoch 0002 Iter 0056 / 0172 | Time 0.2s | Iter Loss 0.0000 | Iter Mean Loss 0.0000
2023-02-10 20:52:33,146 - root - INFO - KG Training: Epoch 0002 Iter 0057 / 0172 | Time 0.2s | Iter Loss 0.0000 | Iter Mean Loss 0.0000
2023-02-10 20:52:33,326 - root - INFO - KG Training: Epoch 0002 Iter 0058 / 0172 | Time 0.2s | Iter Loss 0.0000 | Iter Mean Loss 0.0000
2023-02-10 20:52:33,498 - root - INFO - KG Training: Epoch 0002 Iter 0059 / 0172 | Time 0.2s | Iter Loss 0.0000 | Iter Mean Loss 0.0000
2023-02-10 20:52:33,672 - root - INFO - KG Training: Epoch 0002 Iter 0060 / 0172 | Time 0.2s | Iter Loss 0.0000 | Iter Mean Loss 0.0000
2023-02-10 20:52:33,844 - root - INFO - KG Training: Epoch 0002 Iter 0061 / 0172 | Time 0.2s | Iter Loss 0.0000 | Iter Mean Loss 0.0000
2023-02-10 20:52:34,016 - root - INFO - KG Training: Epoch 0002 Iter 0062 / 0172 | Time 0.2s | Iter Loss 0.0000 | Iter Mean Loss 0.0000
2023-02-10 20:52:34,187 - root - INFO - KG Training: Epoch 0002 Iter 0063 / 0172 | Time 0.2s | Iter Loss 0.0000 | Iter Mean Loss 0.0000
2023-02-10 20:52:34,358 - root - INFO - KG Training: Epoch 0002 Iter 0064 / 0172 | Time 0.2s | Iter Loss 0.0000 | Iter Mean Loss 0.0000
2023-02-10 20:52:34,540 - root - INFO - KG Training: Epoch 0002 Iter 0065 / 0172 | Time 0.2s | Iter Loss 0.0000 | Iter Mean Loss 0.0000
2023-02-10 20:52:34,712 - root - INFO - KG Training: Epoch 0002 Iter 0066 / 0172 | Time 0.2s | Iter Loss 0.0000 | Iter Mean Loss 0.0000
2023-02-10 20:52:34,896 - root - INFO - KG Training: Epoch 0002 Iter 0067 / 0172 | Time 0.2s | Iter Loss 0.0000 | Iter Mean Loss 0.0000
2023-02-10 20:52:35,068 - root - INFO - KG Training: Epoch 0002 Iter 0068 / 0172 | Time 0.2s | Iter Loss 0.0000 | Iter Mean Loss 0.0000
2023-02-10 20:52:35,240 - root - INFO - KG Training: Epoch 0002 Iter 0069 / 0172 | Time 0.2s | Iter Loss 0.0000 | Iter Mean Loss 0.0000
2023-02-10 20:52:35,432 - root - INFO - KG Training: Epoch 0002 Iter 0070 / 0172 | Time 0.2s | Iter Loss 0.0000 | Iter Mean Loss 0.0000
2023-02-10 20:52:35,612 - root - INFO - KG Training: Epoch 0002 Iter 0071 / 0172 | Time 0.2s | Iter Loss 0.0000 | Iter Mean Loss 0.0000
2023-02-10 20:52:35,794 - root - INFO - KG Training: Epoch 0002 Iter 0072 / 0172 | Time 0.2s | Iter Loss 0.0000 | Iter Mean Loss 0.0000
2023-02-10 20:52:35,969 - root - INFO - KG Training: Epoch 0002 Iter 0073 / 0172 | Time 0.2s | Iter Loss 0.0000 | Iter Mean Loss 0.0000
2023-02-10 20:52:36,131 - root - INFO - KG Training: Epoch 0002 Iter 0074 / 0172 | Time 0.2s | Iter Loss 0.0000 | Iter Mean Loss 0.0000
2023-02-10 20:52:36,312 - root - INFO - KG Training: Epoch 0002 Iter 0075 / 0172 | Time 0.2s | Iter Loss 0.0000 | Iter Mean Loss 0.0000
2023-02-10 20:52:36,484 - root - INFO - KG Training: Epoch 0002 Iter 0076 / 0172 | Time 0.2s | Iter Loss 0.0000 | Iter Mean Loss 0.0000
2023-02-10 20:52:36,656 - root - INFO - KG Training: Epoch 0002 Iter 0077 / 0172 | Time 0.2s | Iter Loss 0.0000 | Iter Mean Loss 0.0000
2023-02-10 20:52:36,828 - root - INFO - KG Training: Epoch 0002 Iter 0078 / 0172 | Time 0.2s | Iter Loss 0.0000 | Iter Mean Loss 0.0000
2023-02-10 20:52:37,018 - root - INFO - KG Training: Epoch 0002 Iter 0079 / 0172 | Time 0.2s | Iter Loss 0.0000 | Iter Mean Loss 0.0000
2023-02-10 20:52:37,202 - root - INFO - KG Training: Epoch 0002 Iter 0080 / 0172 | Time 0.2s | Iter Loss 0.0000 | Iter Mean Loss 0.0000
2023-02-10 20:52:37,373 - root - INFO - KG Training: Epoch 0002 Iter 0081 / 0172 | Time 0.2s | Iter Loss 0.0000 | Iter Mean Loss 0.0000
2023-02-10 20:52:37,555 - root - INFO - KG Training: Epoch 0002 Iter 0082 / 0172 | Time 0.2s | Iter Loss 0.0000 | Iter Mean Loss 0.0000
2023-02-10 20:52:37,717 - root - INFO - KG Training: Epoch 0002 Iter 0083 / 0172 | Time 0.2s | Iter Loss 0.0000 | Iter Mean Loss 0.0000
2023-02-10 20:52:37,889 - root - INFO - KG Training: Epoch 0002 Iter 0084 / 0172 | Time 0.2s | Iter Loss 0.0000 | Iter Mean Loss 0.0000
2023-02-10 20:52:38,059 - root - INFO - KG Training: Epoch 0002 Iter 0085 / 0172 | Time 0.2s | Iter Loss 0.0000 | Iter Mean Loss 0.0000
2023-02-10 20:52:38,233 - root - INFO - KG Training: Epoch 0002 Iter 0086 / 0172 | Time 0.2s | Iter Loss 0.0000 | Iter Mean Loss 0.0000
2023-02-10 20:52:38,405 - root - INFO - KG Training: Epoch 0002 Iter 0087 / 0172 | Time 0.2s | Iter Loss 0.0000 | Iter Mean Loss 0.0000
2023-02-10 20:52:38,597 - root - INFO - KG Training: Epoch 0002 Iter 0088 / 0172 | Time 0.2s | Iter Loss 0.0000 | Iter Mean Loss 0.0000
2023-02-10 20:52:38,769 - root - INFO - KG Training: Epoch 0002 Iter 0089 / 0172 | Time 0.2s | Iter Loss 0.0000 | Iter Mean Loss 0.0000
2023-02-10 20:52:38,931 - root - INFO - KG Training: Epoch 0002 Iter 0090 / 0172 | Time 0.2s | Iter Loss 0.0000 | Iter Mean Loss 0.0000
2023-02-10 20:52:39,113 - root - INFO - KG Training: Epoch 0002 Iter 0091 / 0172 | Time 0.2s | Iter Loss 0.0000 | Iter Mean Loss 0.0000
2023-02-10 20:52:39,284 - root - INFO - KG Training: Epoch 0002 Iter 0092 / 0172 | Time 0.2s | Iter Loss 0.0000 | Iter Mean Loss 0.0000
2023-02-10 20:52:39,466 - root - INFO - KG Training: Epoch 0002 Iter 0093 / 0172 | Time 0.2s | Iter Loss 0.0000 | Iter Mean Loss 0.0000
2023-02-10 20:52:39,638 - root - INFO - KG Training: Epoch 0002 Iter 0094 / 0172 | Time 0.2s | Iter Loss 0.0000 | Iter Mean Loss 0.0000
2023-02-10 20:52:39,820 - root - INFO - KG Training: Epoch 0002 Iter 0095 / 0172 | Time 0.2s | Iter Loss 0.0000 | Iter Mean Loss 0.0000
2023-02-10 20:52:40,011 - root - INFO - KG Training: Epoch 0002 Iter 0096 / 0172 | Time 0.2s | Iter Loss 0.0000 | Iter Mean Loss 0.0000
2023-02-10 20:52:40,193 - root - INFO - KG Training: Epoch 0002 Iter 0097 / 0172 | Time 0.2s | Iter Loss 0.0000 | Iter Mean Loss 0.0000
2023-02-10 20:52:40,375 - root - INFO - KG Training: Epoch 0002 Iter 0098 / 0172 | Time 0.2s | Iter Loss 0.0000 | Iter Mean Loss 0.0000
2023-02-10 20:52:40,547 - root - INFO - KG Training: Epoch 0002 Iter 0099 / 0172 | Time 0.2s | Iter Loss 0.0000 | Iter Mean Loss 0.0000
2023-02-10 20:52:40,719 - root - INFO - KG Training: Epoch 0002 Iter 0100 / 0172 | Time 0.2s | Iter Loss 0.0000 | Iter Mean Loss 0.0000
2023-02-10 20:52:40,891 - root - INFO - KG Training: Epoch 0002 Iter 0101 / 0172 | Time 0.2s | Iter Loss 0.0000 | Iter Mean Loss 0.0000
2023-02-10 20:52:41,072 - root - INFO - KG Training: Epoch 0002 Iter 0102 / 0172 | Time 0.2s | Iter Loss 0.0000 | Iter Mean Loss 0.0000
2023-02-10 20:52:41,234 - root - INFO - KG Training: Epoch 0002 Iter 0103 / 0172 | Time 0.2s | Iter Loss 0.0000 | Iter Mean Loss 0.0000
2023-02-10 20:52:41,426 - root - INFO - KG Training: Epoch 0002 Iter 0104 / 0172 | Time 0.2s | Iter Loss 0.0000 | Iter Mean Loss 0.0000
2023-02-10 20:52:41,598 - root - INFO - KG Training: Epoch 0002 Iter 0105 / 0172 | Time 0.2s | Iter Loss 0.0000 | Iter Mean Loss 0.0000
2023-02-10 20:52:41,788 - root - INFO - KG Training: Epoch 0002 Iter 0106 / 0172 | Time 0.2s | Iter Loss 0.0000 | Iter Mean Loss 0.0000
2023-02-10 20:52:41,962 - root - INFO - KG Training: Epoch 0002 Iter 0107 / 0172 | Time 0.2s | Iter Loss 0.0000 | Iter Mean Loss 0.0000
2023-02-10 20:52:42,144 - root - INFO - KG Training: Epoch 0002 Iter 0108 / 0172 | Time 0.2s | Iter Loss 0.0000 | Iter Mean Loss 0.0000
2023-02-10 20:52:42,295 - root - INFO - KG Training: Epoch 0002 Iter 0109 / 0172 | Time 0.2s | Iter Loss 0.0000 | Iter Mean Loss 0.0000
2023-02-10 20:52:42,465 - root - INFO - KG Training: Epoch 0002 Iter 0110 / 0172 | Time 0.2s | Iter Loss 0.0000 | Iter Mean Loss 0.0000
2023-02-10 20:52:42,638 - root - INFO - KG Training: Epoch 0002 Iter 0111 / 0172 | Time 0.2s | Iter Loss 0.0000 | Iter Mean Loss 0.0000
2023-02-10 20:52:42,831 - root - INFO - KG Training: Epoch 0002 Iter 0112 / 0172 | Time 0.2s | Iter Loss 0.0000 | Iter Mean Loss 0.0000
2023-02-10 20:52:43,003 - root - INFO - KG Training: Epoch 0002 Iter 0113 / 0172 | Time 0.2s | Iter Loss 0.0000 | Iter Mean Loss 0.0000
2023-02-10 20:52:43,175 - root - INFO - KG Training: Epoch 0002 Iter 0114 / 0172 | Time 0.2s | Iter Loss 0.0000 | Iter Mean Loss 0.0000
2023-02-10 20:52:43,354 - root - INFO - KG Training: Epoch 0002 Iter 0115 / 0172 | Time 0.2s | Iter Loss 0.0000 | Iter Mean Loss 0.0000
2023-02-10 20:52:43,528 - root - INFO - KG Training: Epoch 0002 Iter 0116 / 0172 | Time 0.2s | Iter Loss 0.0000 | Iter Mean Loss 0.0000
2023-02-10 20:52:43,700 - root - INFO - KG Training: Epoch 0002 Iter 0117 / 0172 | Time 0.2s | Iter Loss 0.0000 | Iter Mean Loss 0.0000
2023-02-10 20:52:43,872 - root - INFO - KG Training: Epoch 0002 Iter 0118 / 0172 | Time 0.2s | Iter Loss 0.0000 | Iter Mean Loss 0.0000
2023-02-10 20:52:44,044 - root - INFO - KG Training: Epoch 0002 Iter 0119 / 0172 | Time 0.2s | Iter Loss 0.0000 | Iter Mean Loss 0.0000
2023-02-10 20:52:44,226 - root - INFO - KG Training: Epoch 0002 Iter 0120 / 0172 | Time 0.2s | Iter Loss 0.0000 | Iter Mean Loss 0.0000
2023-02-10 20:52:44,425 - root - INFO - KG Training: Epoch 0002 Iter 0121 / 0172 | Time 0.2s | Iter Loss 0.0000 | Iter Mean Loss 0.0000
2023-02-10 20:52:44,619 - root - INFO - KG Training: Epoch 0002 Iter 0122 / 0172 | Time 0.2s | Iter Loss 0.0000 | Iter Mean Loss 0.0000
2023-02-10 20:52:44,819 - root - INFO - KG Training: Epoch 0002 Iter 0123 / 0172 | Time 0.2s | Iter Loss 0.0000 | Iter Mean Loss 0.0000
