2023-02-10 20:57:04,412 - root - INFO - Namespace(KG_embedding_type='TransR', Ks='[5, 10]', aggregation_type='lightgcn', cf_batch_size=1024, cf_l2loss_lambda=0.0001, cf_print_every=1, cuda=False, data_dir='data/', data_name='Douban', embed_dim=32, evaluate_every=10, gpu_id=0, kg_batch_size=2048, kg_l2loss_lambda=1e-05, kg_print_every=1, laplacian_type='random-walk', lr=0.001, mess_dropout=0.1, n_epoch=10, n_layers=2, pretrain_model_path='trained_model/GNN_based.pth', relation_dim=32, save_dir='trained_model/Douban/GNN_based/nlayer2_dim32_TransR_lightgcn', seed=2022, stopping_steps=10, test_batch_size=2048, use_pretrain=0)
2023-02-10 20:57:04,412 - root - INFO - Running on cpu
2023-02-10 20:57:27,649 - root - INFO - n_users:           447
2023-02-10 20:57:27,653 - root - INFO - n_items:           578
2023-02-10 20:57:27,653 - root - INFO - n_entities:        18134
2023-02-10 20:57:27,653 - root - INFO - n_users_entities:  18581
2023-02-10 20:57:27,653 - root - INFO - n_relations:       450
2023-02-10 20:57:27,653 - root - INFO - n_cf_train:        41830
2023-02-10 20:57:27,653 - root - INFO - n_cf_test:         10840
2023-02-10 20:57:27,653 - root - INFO - n_kg_train:        351986
2023-02-10 20:57:28,680 - root - INFO - GNN_based(
  (entity_user_embed): Embedding(18581, 32)
  (relation_embed): Embedding(450, 32)
  (aggregator_layers): ModuleList(
    (0): Aggregator(
      (message_dropout): Dropout(p=0.1, inplace=False)
      (activation): LeakyReLU(negative_slope=0.01)
    )
    (1): Aggregator(
      (message_dropout): Dropout(p=0.1, inplace=False)
      (activation): LeakyReLU(negative_slope=0.01)
    )
  )
)
2023-02-10 20:57:28,802 - root - INFO - CF Training: Epoch 0001 Iter 0001 / 0041 | Time 0.1s | Iter Loss 0.7249 | Iter Mean Loss 0.7249
2023-02-10 20:57:28,924 - root - INFO - CF Training: Epoch 0001 Iter 0002 / 0041 | Time 0.1s | Iter Loss 0.6969 | Iter Mean Loss 0.7109
2023-02-10 20:57:29,056 - root - INFO - CF Training: Epoch 0001 Iter 0003 / 0041 | Time 0.1s | Iter Loss 0.7134 | Iter Mean Loss 0.7117
2023-02-10 20:57:29,185 - root - INFO - CF Training: Epoch 0001 Iter 0004 / 0041 | Time 0.1s | Iter Loss 0.7040 | Iter Mean Loss 0.7098
2023-02-10 20:57:29,319 - root - INFO - CF Training: Epoch 0001 Iter 0005 / 0041 | Time 0.1s | Iter Loss 0.7047 | Iter Mean Loss 0.7088
2023-02-10 20:57:29,451 - root - INFO - CF Training: Epoch 0001 Iter 0006 / 0041 | Time 0.1s | Iter Loss 0.6891 | Iter Mean Loss 0.7055
2023-02-10 20:57:29,583 - root - INFO - CF Training: Epoch 0001 Iter 0007 / 0041 | Time 0.1s | Iter Loss 0.6759 | Iter Mean Loss 0.7013
2023-02-10 20:57:29,692 - root - INFO - CF Training: Epoch 0001 Iter 0008 / 0041 | Time 0.1s | Iter Loss 0.6931 | Iter Mean Loss 0.7002
2023-02-10 20:57:29,804 - root - INFO - CF Training: Epoch 0001 Iter 0009 / 0041 | Time 0.1s | Iter Loss 0.6832 | Iter Mean Loss 0.6984
2023-02-10 20:57:29,936 - root - INFO - CF Training: Epoch 0001 Iter 0010 / 0041 | Time 0.1s | Iter Loss 0.6821 | Iter Mean Loss 0.6967
2023-02-10 20:57:30,069 - root - INFO - CF Training: Epoch 0001 Iter 0011 / 0041 | Time 0.1s | Iter Loss 0.6768 | Iter Mean Loss 0.6949
2023-02-10 20:57:30,190 - root - INFO - CF Training: Epoch 0001 Iter 0012 / 0041 | Time 0.1s | Iter Loss 0.6796 | Iter Mean Loss 0.6936
2023-02-10 20:57:30,313 - root - INFO - CF Training: Epoch 0001 Iter 0013 / 0041 | Time 0.1s | Iter Loss 0.6808 | Iter Mean Loss 0.6926
2023-02-10 20:57:30,463 - root - INFO - CF Training: Epoch 0001 Iter 0014 / 0041 | Time 0.2s | Iter Loss 0.6866 | Iter Mean Loss 0.6922
2023-02-10 20:57:30,596 - root - INFO - CF Training: Epoch 0001 Iter 0015 / 0041 | Time 0.1s | Iter Loss 0.6703 | Iter Mean Loss 0.6908
2023-02-10 20:57:30,726 - root - INFO - CF Training: Epoch 0001 Iter 0016 / 0041 | Time 0.1s | Iter Loss 0.6710 | Iter Mean Loss 0.6895
2023-02-10 20:57:30,840 - root - INFO - CF Training: Epoch 0001 Iter 0017 / 0041 | Time 0.1s | Iter Loss 0.6670 | Iter Mean Loss 0.6882
2023-02-10 20:57:30,979 - root - INFO - CF Training: Epoch 0001 Iter 0018 / 0041 | Time 0.1s | Iter Loss 0.6615 | Iter Mean Loss 0.6867
2023-02-10 20:57:31,092 - root - INFO - CF Training: Epoch 0001 Iter 0019 / 0041 | Time 0.1s | Iter Loss 0.6668 | Iter Mean Loss 0.6857
2023-02-10 20:57:31,225 - root - INFO - CF Training: Epoch 0001 Iter 0020 / 0041 | Time 0.1s | Iter Loss 0.6584 | Iter Mean Loss 0.6843
2023-02-10 20:57:31,356 - root - INFO - CF Training: Epoch 0001 Iter 0021 / 0041 | Time 0.1s | Iter Loss 0.6654 | Iter Mean Loss 0.6834
2023-02-10 20:57:31,477 - root - INFO - CF Training: Epoch 0001 Iter 0022 / 0041 | Time 0.1s | Iter Loss 0.6661 | Iter Mean Loss 0.6826
2023-02-10 20:57:31,617 - root - INFO - CF Training: Epoch 0001 Iter 0023 / 0041 | Time 0.1s | Iter Loss 0.6673 | Iter Mean Loss 0.6820
2023-02-10 20:57:31,738 - root - INFO - CF Training: Epoch 0001 Iter 0024 / 0041 | Time 0.1s | Iter Loss 0.6570 | Iter Mean Loss 0.6809
2023-02-10 20:57:31,873 - root - INFO - CF Training: Epoch 0001 Iter 0025 / 0041 | Time 0.1s | Iter Loss 0.6523 | Iter Mean Loss 0.6798
2023-02-10 20:57:31,994 - root - INFO - CF Training: Epoch 0001 Iter 0026 / 0041 | Time 0.1s | Iter Loss 0.6621 | Iter Mean Loss 0.6791
2023-02-10 20:57:32,116 - root - INFO - CF Training: Epoch 0001 Iter 0027 / 0041 | Time 0.1s | Iter Loss 0.6608 | Iter Mean Loss 0.6784
2023-02-10 20:57:32,246 - root - INFO - CF Training: Epoch 0001 Iter 0028 / 0041 | Time 0.1s | Iter Loss 0.6509 | Iter Mean Loss 0.6774
2023-02-10 20:57:32,380 - root - INFO - CF Training: Epoch 0001 Iter 0029 / 0041 | Time 0.1s | Iter Loss 0.6432 | Iter Mean Loss 0.6762
2023-02-10 20:57:32,522 - root - INFO - CF Training: Epoch 0001 Iter 0030 / 0041 | Time 0.1s | Iter Loss 0.6515 | Iter Mean Loss 0.6754
2023-02-10 20:57:32,644 - root - INFO - CF Training: Epoch 0001 Iter 0031 / 0041 | Time 0.1s | Iter Loss 0.6417 | Iter Mean Loss 0.6743
2023-02-10 20:57:32,765 - root - INFO - CF Training: Epoch 0001 Iter 0032 / 0041 | Time 0.1s | Iter Loss 0.6443 | Iter Mean Loss 0.6734
2023-02-10 20:57:32,887 - root - INFO - CF Training: Epoch 0001 Iter 0033 / 0041 | Time 0.1s | Iter Loss 0.6447 | Iter Mean Loss 0.6725
2023-02-10 20:57:33,030 - root - INFO - CF Training: Epoch 0001 Iter 0034 / 0041 | Time 0.1s | Iter Loss 0.6611 | Iter Mean Loss 0.6722
2023-02-10 20:57:33,162 - root - INFO - CF Training: Epoch 0001 Iter 0035 / 0041 | Time 0.1s | Iter Loss 0.6437 | Iter Mean Loss 0.6714
2023-02-10 20:57:33,304 - root - INFO - CF Training: Epoch 0001 Iter 0036 / 0041 | Time 0.1s | Iter Loss 0.6414 | Iter Mean Loss 0.6705
2023-02-10 20:57:33,454 - root - INFO - CF Training: Epoch 0001 Iter 0037 / 0041 | Time 0.1s | Iter Loss 0.6369 | Iter Mean Loss 0.6696
2023-02-10 20:57:33,587 - root - INFO - CF Training: Epoch 0001 Iter 0038 / 0041 | Time 0.1s | Iter Loss 0.6549 | Iter Mean Loss 0.6692
2023-02-10 20:57:33,719 - root - INFO - CF Training: Epoch 0001 Iter 0039 / 0041 | Time 0.1s | Iter Loss 0.6360 | Iter Mean Loss 0.6684
2023-02-10 20:57:33,851 - root - INFO - CF Training: Epoch 0001 Iter 0040 / 0041 | Time 0.1s | Iter Loss 0.6361 | Iter Mean Loss 0.6676
2023-02-10 20:57:33,983 - root - INFO - CF Training: Epoch 0001 Iter 0041 / 0041 | Time 0.1s | Iter Loss 0.6331 | Iter Mean Loss 0.6667
2023-02-10 20:57:33,983 - root - INFO - CF Training: Epoch 0001 Total Iter 0041 | Total Time 5.3s | Iter Mean Loss 0.6667
2023-02-10 20:57:34,165 - root - INFO - KG Training: Epoch 0001 Iter 0001 / 0172 | Time 0.2s | Iter Loss 0.0000 | Iter Mean Loss 0.0000
2023-02-10 20:57:34,337 - root - INFO - KG Training: Epoch 0001 Iter 0002 / 0172 | Time 0.2s | Iter Loss 0.0000 | Iter Mean Loss 0.0000
2023-02-10 20:57:34,519 - root - INFO - KG Training: Epoch 0001 Iter 0003 / 0172 | Time 0.2s | Iter Loss 0.0000 | Iter Mean Loss 0.0000
2023-02-10 20:57:34,701 - root - INFO - KG Training: Epoch 0001 Iter 0004 / 0172 | Time 0.2s | Iter Loss 0.0000 | Iter Mean Loss 0.0000
2023-02-10 20:57:34,866 - root - INFO - KG Training: Epoch 0001 Iter 0005 / 0172 | Time 0.2s | Iter Loss 0.0000 | Iter Mean Loss 0.0000
2023-02-10 20:57:35,037 - root - INFO - KG Training: Epoch 0001 Iter 0006 / 0172 | Time 0.2s | Iter Loss 0.0000 | Iter Mean Loss 0.0000
2023-02-10 20:57:35,209 - root - INFO - KG Training: Epoch 0001 Iter 0007 / 0172 | Time 0.2s | Iter Loss 0.0000 | Iter Mean Loss 0.0000
2023-02-10 20:57:35,381 - root - INFO - KG Training: Epoch 0001 Iter 0008 / 0172 | Time 0.2s | Iter Loss 0.0000 | Iter Mean Loss 0.0000
2023-02-10 20:57:35,573 - root - INFO - KG Training: Epoch 0001 Iter 0009 / 0172 | Time 0.2s | Iter Loss 0.0000 | Iter Mean Loss 0.0000
2023-02-10 20:57:35,755 - root - INFO - KG Training: Epoch 0001 Iter 0010 / 0172 | Time 0.2s | Iter Loss 0.0000 | Iter Mean Loss 0.0000
2023-02-10 20:57:35,928 - root - INFO - KG Training: Epoch 0001 Iter 0011 / 0172 | Time 0.2s | Iter Loss 0.0000 | Iter Mean Loss 0.0000
2023-02-10 20:57:36,100 - root - INFO - KG Training: Epoch 0001 Iter 0012 / 0172 | Time 0.2s | Iter Loss 0.0000 | Iter Mean Loss 0.0000
2023-02-10 20:57:36,272 - root - INFO - KG Training: Epoch 0001 Iter 0013 / 0172 | Time 0.2s | Iter Loss 0.0000 | Iter Mean Loss 0.0000
2023-02-10 20:57:36,462 - root - INFO - KG Training: Epoch 0001 Iter 0014 / 0172 | Time 0.2s | Iter Loss 0.0000 | Iter Mean Loss 0.0000
2023-02-10 20:57:36,647 - root - INFO - KG Training: Epoch 0001 Iter 0015 / 0172 | Time 0.2s | Iter Loss 0.0000 | Iter Mean Loss 0.0000
2023-02-10 20:57:36,819 - root - INFO - KG Training: Epoch 0001 Iter 0016 / 0172 | Time 0.2s | Iter Loss 0.0000 | Iter Mean Loss 0.0000
2023-02-10 20:57:36,991 - root - INFO - KG Training: Epoch 0001 Iter 0017 / 0172 | Time 0.2s | Iter Loss 0.0000 | Iter Mean Loss 0.0000
2023-02-10 20:57:37,153 - root - INFO - KG Training: Epoch 0001 Iter 0018 / 0172 | Time 0.2s | Iter Loss 0.0000 | Iter Mean Loss 0.0000
2023-02-10 20:57:37,325 - root - INFO - KG Training: Epoch 0001 Iter 0019 / 0172 | Time 0.2s | Iter Loss 0.0000 | Iter Mean Loss 0.0000
2023-02-10 20:57:37,498 - root - INFO - KG Training: Epoch 0001 Iter 0020 / 0172 | Time 0.2s | Iter Loss 0.0000 | Iter Mean Loss 0.0000
2023-02-10 20:57:37,679 - root - INFO - KG Training: Epoch 0001 Iter 0021 / 0172 | Time 0.2s | Iter Loss 0.0000 | Iter Mean Loss 0.0000
2023-02-10 20:57:37,861 - root - INFO - KG Training: Epoch 0001 Iter 0022 / 0172 | Time 0.2s | Iter Loss 0.0000 | Iter Mean Loss 0.0000
2023-02-10 20:57:38,043 - root - INFO - KG Training: Epoch 0001 Iter 0023 / 0172 | Time 0.2s | Iter Loss 0.0000 | Iter Mean Loss 0.0000
2023-02-10 20:57:38,225 - root - INFO - KG Training: Epoch 0001 Iter 0024 / 0172 | Time 0.2s | Iter Loss 0.0000 | Iter Mean Loss 0.0000
2023-02-10 20:57:38,405 - root - INFO - KG Training: Epoch 0001 Iter 0025 / 0172 | Time 0.2s | Iter Loss 0.0000 | Iter Mean Loss 0.0000
2023-02-10 20:57:38,578 - root - INFO - KG Training: Epoch 0001 Iter 0026 / 0172 | Time 0.2s | Iter Loss 0.0000 | Iter Mean Loss 0.0000
2023-02-10 20:57:38,740 - root - INFO - KG Training: Epoch 0001 Iter 0027 / 0172 | Time 0.2s | Iter Loss 0.0000 | Iter Mean Loss 0.0000
2023-02-10 20:57:38,902 - root - INFO - KG Training: Epoch 0001 Iter 0028 / 0172 | Time 0.2s | Iter Loss 0.0000 | Iter Mean Loss 0.0000
2023-02-10 20:57:39,066 - root - INFO - KG Training: Epoch 0001 Iter 0029 / 0172 | Time 0.2s | Iter Loss 0.0000 | Iter Mean Loss 0.0000
2023-02-10 20:57:39,232 - root - INFO - KG Training: Epoch 0001 Iter 0030 / 0172 | Time 0.2s | Iter Loss 0.0000 | Iter Mean Loss 0.0000
2023-02-10 20:57:39,401 - root - INFO - KG Training: Epoch 0001 Iter 0031 / 0172 | Time 0.2s | Iter Loss 0.0000 | Iter Mean Loss 0.0000
2023-02-10 20:57:39,586 - root - INFO - KG Training: Epoch 0001 Iter 0032 / 0172 | Time 0.2s | Iter Loss 0.0000 | Iter Mean Loss 0.0000
2023-02-10 20:57:39,765 - root - INFO - KG Training: Epoch 0001 Iter 0033 / 0172 | Time 0.2s | Iter Loss 0.0000 | Iter Mean Loss 0.0000
2023-02-10 20:57:39,949 - root - INFO - KG Training: Epoch 0001 Iter 0034 / 0172 | Time 0.2s | Iter Loss 0.0000 | Iter Mean Loss 0.0000
2023-02-10 20:57:40,118 - root - INFO - KG Training: Epoch 0001 Iter 0035 / 0172 | Time 0.2s | Iter Loss 0.0000 | Iter Mean Loss 0.0000
2023-02-10 20:57:40,303 - root - INFO - KG Training: Epoch 0001 Iter 0036 / 0172 | Time 0.2s | Iter Loss 0.0000 | Iter Mean Loss 0.0000
2023-02-10 20:57:40,519 - root - INFO - KG Training: Epoch 0001 Iter 0037 / 0172 | Time 0.2s | Iter Loss 0.0000 | Iter Mean Loss 0.0000
2023-02-10 20:57:40,704 - root - INFO - KG Training: Epoch 0001 Iter 0038 / 0172 | Time 0.2s | Iter Loss 0.0000 | Iter Mean Loss 0.0000
2023-02-10 20:57:40,882 - root - INFO - KG Training: Epoch 0001 Iter 0039 / 0172 | Time 0.2s | Iter Loss 0.0000 | Iter Mean Loss 0.0000
