2023-02-10 20:53:25,585 - root - INFO - Namespace(KG_embedding_type='TransR', Ks='[5, 10]', aggregation_type='lightgcn', cf_batch_size=1024, cf_l2loss_lambda=0.0001, cf_print_every=1, cuda=False, data_dir='data/', data_name='Douban', embed_dim=32, evaluate_every=10, gpu_id=0, kg_batch_size=2048, kg_l2loss_lambda=1e-05, kg_print_every=1, laplacian_type='random-walk', lr=0.001, mess_dropout=0.1, n_epoch=10, n_layers=2, pretrain_model_path='trained_model/GNN_based.pth', relation_dim=32, save_dir='trained_model/Douban/GNN_based/nlayer2_dim32_TransR_lightgcn', seed=2022, stopping_steps=10, test_batch_size=2048, use_pretrain=0)
2023-02-10 20:53:25,585 - root - INFO - Running on cpu
2023-02-10 20:53:49,132 - root - INFO - n_users:           447
2023-02-10 20:53:49,135 - root - INFO - n_items:           578
2023-02-10 20:53:49,135 - root - INFO - n_entities:        18134
2023-02-10 20:53:49,135 - root - INFO - n_users_entities:  18581
2023-02-10 20:53:49,135 - root - INFO - n_relations:       450
2023-02-10 20:53:49,135 - root - INFO - n_cf_train:        41830
2023-02-10 20:53:49,135 - root - INFO - n_cf_test:         10840
2023-02-10 20:53:49,135 - root - INFO - n_kg_train:        351986
2023-02-10 20:53:50,172 - root - INFO - GNN_based(
  (entity_user_embed): Embedding(18581, 32)
  (relation_embed): Embedding(450, 32)
  (aggregator_layers): ModuleList(
    (0): Aggregator(
      (message_dropout): Dropout(p=0.1, inplace=False)
      (activation): LeakyReLU(negative_slope=0.01)
    )
    (1): Aggregator(
      (message_dropout): Dropout(p=0.1, inplace=False)
      (activation): LeakyReLU(negative_slope=0.01)
    )
  )
)
2023-02-10 20:53:50,303 - root - INFO - CF Training: Epoch 0001 Iter 0001 / 0041 | Time 0.1s | Iter Loss 0.6710 | Iter Mean Loss 0.6710
2023-02-10 20:53:50,435 - root - INFO - CF Training: Epoch 0001 Iter 0002 / 0041 | Time 0.1s | Iter Loss 0.6439 | Iter Mean Loss 0.6575
2023-02-10 20:53:50,557 - root - INFO - CF Training: Epoch 0001 Iter 0003 / 0041 | Time 0.1s | Iter Loss 0.6344 | Iter Mean Loss 0.6498
2023-02-10 20:53:50,678 - root - INFO - CF Training: Epoch 0001 Iter 0004 / 0041 | Time 0.1s | Iter Loss 0.6171 | Iter Mean Loss 0.6416
2023-02-10 20:53:50,810 - root - INFO - CF Training: Epoch 0001 Iter 0005 / 0041 | Time 0.1s | Iter Loss 0.6101 | Iter Mean Loss 0.6353
2023-02-10 20:53:50,939 - root - INFO - CF Training: Epoch 0001 Iter 0006 / 0041 | Time 0.1s | Iter Loss 0.5738 | Iter Mean Loss 0.6251
2023-02-10 20:53:51,063 - root - INFO - CF Training: Epoch 0001 Iter 0007 / 0041 | Time 0.1s | Iter Loss 0.5534 | Iter Mean Loss 0.6148
2023-02-10 20:53:51,184 - root - INFO - CF Training: Epoch 0001 Iter 0008 / 0041 | Time 0.1s | Iter Loss 0.5392 | Iter Mean Loss 0.6054
2023-02-10 20:53:51,304 - root - INFO - CF Training: Epoch 0001 Iter 0009 / 0041 | Time 0.1s | Iter Loss 0.5664 | Iter Mean Loss 0.6011
2023-02-10 20:53:51,417 - root - INFO - CF Training: Epoch 0001 Iter 0010 / 0041 | Time 0.1s | Iter Loss 0.5517 | Iter Mean Loss 0.5961
2023-02-10 20:53:51,546 - root - INFO - CF Training: Epoch 0001 Iter 0011 / 0041 | Time 0.1s | Iter Loss 0.5435 | Iter Mean Loss 0.5913
2023-02-10 20:53:51,658 - root - INFO - CF Training: Epoch 0001 Iter 0012 / 0041 | Time 0.1s | Iter Loss 0.5336 | Iter Mean Loss 0.5865
2023-02-10 20:53:51,782 - root - INFO - CF Training: Epoch 0001 Iter 0013 / 0041 | Time 0.1s | Iter Loss 0.5229 | Iter Mean Loss 0.5816
2023-02-10 20:53:51,923 - root - INFO - CF Training: Epoch 0001 Iter 0014 / 0041 | Time 0.1s | Iter Loss 0.5207 | Iter Mean Loss 0.5773
2023-02-10 20:53:52,044 - root - INFO - CF Training: Epoch 0001 Iter 0015 / 0041 | Time 0.1s | Iter Loss 0.5066 | Iter Mean Loss 0.5726
2023-02-10 20:53:52,166 - root - INFO - CF Training: Epoch 0001 Iter 0016 / 0041 | Time 0.1s | Iter Loss 0.5086 | Iter Mean Loss 0.5686
2023-02-10 20:53:52,297 - root - INFO - CF Training: Epoch 0001 Iter 0017 / 0041 | Time 0.1s | Iter Loss 0.5156 | Iter Mean Loss 0.5655
2023-02-10 20:53:52,419 - root - INFO - CF Training: Epoch 0001 Iter 0018 / 0041 | Time 0.1s | Iter Loss 0.5173 | Iter Mean Loss 0.5628
2023-02-10 20:53:52,540 - root - INFO - CF Training: Epoch 0001 Iter 0019 / 0041 | Time 0.1s | Iter Loss 0.4979 | Iter Mean Loss 0.5594
2023-02-10 20:53:52,662 - root - INFO - CF Training: Epoch 0001 Iter 0020 / 0041 | Time 0.1s | Iter Loss 0.4957 | Iter Mean Loss 0.5562
2023-02-10 20:53:52,783 - root - INFO - CF Training: Epoch 0001 Iter 0021 / 0041 | Time 0.1s | Iter Loss 0.4693 | Iter Mean Loss 0.5520
2023-02-10 20:53:52,923 - root - INFO - CF Training: Epoch 0001 Iter 0022 / 0041 | Time 0.1s | Iter Loss 0.4902 | Iter Mean Loss 0.5492
2023-02-10 20:53:53,046 - root - INFO - CF Training: Epoch 0001 Iter 0023 / 0041 | Time 0.1s | Iter Loss 0.4602 | Iter Mean Loss 0.5454
2023-02-10 20:53:53,188 - root - INFO - CF Training: Epoch 0001 Iter 0024 / 0041 | Time 0.1s | Iter Loss 0.4840 | Iter Mean Loss 0.5428
2023-02-10 20:53:53,300 - root - INFO - CF Training: Epoch 0001 Iter 0025 / 0041 | Time 0.1s | Iter Loss 0.4628 | Iter Mean Loss 0.5396
2023-02-10 20:53:53,431 - root - INFO - CF Training: Epoch 0001 Iter 0026 / 0041 | Time 0.1s | Iter Loss 0.4588 | Iter Mean Loss 0.5365
2023-02-10 20:53:53,563 - root - INFO - CF Training: Epoch 0001 Iter 0027 / 0041 | Time 0.1s | Iter Loss 0.4842 | Iter Mean Loss 0.5346
2023-02-10 20:53:53,685 - root - INFO - CF Training: Epoch 0001 Iter 0028 / 0041 | Time 0.1s | Iter Loss 0.4512 | Iter Mean Loss 0.5316
2023-02-10 20:53:53,796 - root - INFO - CF Training: Epoch 0001 Iter 0029 / 0041 | Time 0.1s | Iter Loss 0.4404 | Iter Mean Loss 0.5284
2023-02-10 20:53:53,938 - root - INFO - CF Training: Epoch 0001 Iter 0030 / 0041 | Time 0.1s | Iter Loss 0.4668 | Iter Mean Loss 0.5264
2023-02-10 20:53:54,069 - root - INFO - CF Training: Epoch 0001 Iter 0031 / 0041 | Time 0.1s | Iter Loss 0.4622 | Iter Mean Loss 0.5243
2023-02-10 20:53:54,199 - root - INFO - CF Training: Epoch 0001 Iter 0032 / 0041 | Time 0.1s | Iter Loss 0.4596 | Iter Mean Loss 0.5223
2023-02-10 20:53:54,312 - root - INFO - CF Training: Epoch 0001 Iter 0033 / 0041 | Time 0.1s | Iter Loss 0.4578 | Iter Mean Loss 0.5203
2023-02-10 20:53:54,444 - root - INFO - CF Training: Epoch 0001 Iter 0034 / 0041 | Time 0.1s | Iter Loss 0.4547 | Iter Mean Loss 0.5184
2023-02-10 20:53:54,565 - root - INFO - CF Training: Epoch 0001 Iter 0035 / 0041 | Time 0.1s | Iter Loss 0.4534 | Iter Mean Loss 0.5165
2023-02-10 20:53:54,695 - root - INFO - CF Training: Epoch 0001 Iter 0036 / 0041 | Time 0.1s | Iter Loss 0.4543 | Iter Mean Loss 0.5148
2023-02-10 20:53:54,828 - root - INFO - CF Training: Epoch 0001 Iter 0037 / 0041 | Time 0.1s | Iter Loss 0.4357 | Iter Mean Loss 0.5127
2023-02-10 20:53:54,980 - root - INFO - CF Training: Epoch 0001 Iter 0038 / 0041 | Time 0.2s | Iter Loss 0.4469 | Iter Mean Loss 0.5109
2023-02-10 20:53:55,101 - root - INFO - CF Training: Epoch 0001 Iter 0039 / 0041 | Time 0.1s | Iter Loss 0.4655 | Iter Mean Loss 0.5098
2023-02-10 20:53:55,233 - root - INFO - CF Training: Epoch 0001 Iter 0040 / 0041 | Time 0.1s | Iter Loss 0.4053 | Iter Mean Loss 0.5072
2023-02-10 20:53:55,344 - root - INFO - CF Training: Epoch 0001 Iter 0041 / 0041 | Time 0.1s | Iter Loss 0.4347 | Iter Mean Loss 0.5054
2023-02-10 20:53:55,344 - root - INFO - CF Training: Epoch 0001 Total Iter 0041 | Total Time 5.2s | Iter Mean Loss 0.5054
2023-02-10 20:53:55,527 - root - INFO - KG Training: Epoch 0001 Iter 0001 / 0172 | Time 0.2s | Iter Loss 216.2227 | Iter Mean Loss 216.2227
2023-02-10 20:53:55,709 - root - INFO - KG Training: Epoch 0001 Iter 0002 / 0172 | Time 0.2s | Iter Loss 161.9400 | Iter Mean Loss 189.0813
2023-02-10 20:53:55,889 - root - INFO - KG Training: Epoch 0001 Iter 0003 / 0172 | Time 0.2s | Iter Loss 133.6550 | Iter Mean Loss 170.6059
2023-02-10 20:53:56,053 - root - INFO - KG Training: Epoch 0001 Iter 0004 / 0172 | Time 0.2s | Iter Loss 89.5791 | Iter Mean Loss 150.3492
2023-02-10 20:53:56,215 - root - INFO - KG Training: Epoch 0001 Iter 0005 / 0172 | Time 0.2s | Iter Loss 12.8384 | Iter Mean Loss 122.8470
2023-02-10 20:53:56,408 - root - INFO - KG Training: Epoch 0001 Iter 0006 / 0172 | Time 0.2s | Iter Loss 0.0000 | Iter Mean Loss 102.3725
2023-02-10 20:53:56,559 - root - INFO - KG Training: Epoch 0001 Iter 0007 / 0172 | Time 0.2s | Iter Loss 0.0000 | Iter Mean Loss 87.7479
2023-02-10 20:53:56,711 - root - INFO - KG Training: Epoch 0001 Iter 0008 / 0172 | Time 0.2s | Iter Loss 0.0000 | Iter Mean Loss 76.7794
2023-02-10 20:53:56,893 - root - INFO - KG Training: Epoch 0001 Iter 0009 / 0172 | Time 0.2s | Iter Loss 0.0000 | Iter Mean Loss 68.2484
2023-02-10 20:53:57,064 - root - INFO - KG Training: Epoch 0001 Iter 0010 / 0172 | Time 0.2s | Iter Loss 0.0000 | Iter Mean Loss 61.4235
2023-02-10 20:53:57,244 - root - INFO - KG Training: Epoch 0001 Iter 0011 / 0172 | Time 0.2s | Iter Loss 0.0000 | Iter Mean Loss 55.8396
2023-02-10 20:53:57,417 - root - INFO - KG Training: Epoch 0001 Iter 0012 / 0172 | Time 0.2s | Iter Loss 0.0000 | Iter Mean Loss 51.1863
2023-02-10 20:53:57,580 - root - INFO - KG Training: Epoch 0001 Iter 0013 / 0172 | Time 0.2s | Iter Loss 0.0000 | Iter Mean Loss 47.2489
2023-02-10 20:53:57,762 - root - INFO - KG Training: Epoch 0001 Iter 0014 / 0172 | Time 0.2s | Iter Loss 0.0000 | Iter Mean Loss 43.8740
2023-02-10 20:53:57,944 - root - INFO - KG Training: Epoch 0001 Iter 0015 / 0172 | Time 0.2s | Iter Loss 0.0000 | Iter Mean Loss 40.9490
2023-02-10 20:53:58,136 - root - INFO - KG Training: Epoch 0001 Iter 0016 / 0172 | Time 0.2s | Iter Loss 0.0000 | Iter Mean Loss 38.3897
2023-02-10 20:53:58,308 - root - INFO - KG Training: Epoch 0001 Iter 0017 / 0172 | Time 0.2s | Iter Loss 0.0000 | Iter Mean Loss 36.1315
2023-02-10 20:53:58,490 - root - INFO - KG Training: Epoch 0001 Iter 0018 / 0172 | Time 0.2s | Iter Loss 0.0000 | Iter Mean Loss 34.1242
2023-02-10 20:53:58,682 - root - INFO - KG Training: Epoch 0001 Iter 0019 / 0172 | Time 0.2s | Iter Loss 0.0000 | Iter Mean Loss 32.3282
2023-02-10 20:53:58,873 - root - INFO - KG Training: Epoch 0001 Iter 0020 / 0172 | Time 0.2s | Iter Loss 0.0000 | Iter Mean Loss 30.7118
2023-02-10 20:53:59,055 - root - INFO - KG Training: Epoch 0001 Iter 0021 / 0172 | Time 0.2s | Iter Loss 0.0000 | Iter Mean Loss 29.2493
2023-02-10 20:53:59,247 - root - INFO - KG Training: Epoch 0001 Iter 0022 / 0172 | Time 0.2s | Iter Loss 0.0000 | Iter Mean Loss 27.9198
2023-02-10 20:53:59,429 - root - INFO - KG Training: Epoch 0001 Iter 0023 / 0172 | Time 0.2s | Iter Loss 0.0000 | Iter Mean Loss 26.7059
2023-02-10 20:53:59,610 - root - INFO - KG Training: Epoch 0001 Iter 0024 / 0172 | Time 0.2s | Iter Loss 0.0000 | Iter Mean Loss 25.5931
2023-02-10 20:53:59,792 - root - INFO - KG Training: Epoch 0001 Iter 0025 / 0172 | Time 0.2s | Iter Loss 0.0000 | Iter Mean Loss 24.5694
2023-02-10 20:53:59,994 - root - INFO - KG Training: Epoch 0001 Iter 0026 / 0172 | Time 0.2s | Iter Loss 0.0000 | Iter Mean Loss 23.6244
2023-02-10 20:54:00,183 - root - INFO - KG Training: Epoch 0001 Iter 0027 / 0172 | Time 0.2s | Iter Loss 0.0000 | Iter Mean Loss 22.7495
2023-02-10 20:54:00,327 - root - INFO - KG Training: Epoch 0001 Iter 0028 / 0172 | Time 0.1s | Iter Loss 0.0000 | Iter Mean Loss 21.9370
2023-02-10 20:54:00,499 - root - INFO - KG Training: Epoch 0001 Iter 0029 / 0172 | Time 0.2s | Iter Loss 0.0000 | Iter Mean Loss 21.1805
2023-02-10 20:54:00,661 - root - INFO - KG Training: Epoch 0001 Iter 0030 / 0172 | Time 0.2s | Iter Loss 0.0000 | Iter Mean Loss 20.4745
2023-02-10 20:54:00,843 - root - INFO - KG Training: Epoch 0001 Iter 0031 / 0172 | Time 0.2s | Iter Loss 0.0000 | Iter Mean Loss 19.8141
2023-02-10 20:54:01,035 - root - INFO - KG Training: Epoch 0001 Iter 0032 / 0172 | Time 0.2s | Iter Loss 0.0000 | Iter Mean Loss 19.1949
2023-02-10 20:54:01,217 - root - INFO - KG Training: Epoch 0001 Iter 0033 / 0172 | Time 0.2s | Iter Loss 0.0000 | Iter Mean Loss 18.6132
2023-02-10 20:54:01,408 - root - INFO - KG Training: Epoch 0001 Iter 0034 / 0172 | Time 0.2s | Iter Loss 0.0000 | Iter Mean Loss 18.0658
2023-02-10 20:54:01,583 - root - INFO - KG Training: Epoch 0001 Iter 0035 / 0172 | Time 0.2s | Iter Loss 0.0000 | Iter Mean Loss 17.5496
2023-02-10 20:54:01,775 - root - INFO - KG Training: Epoch 0001 Iter 0036 / 0172 | Time 0.2s | Iter Loss 0.0000 | Iter Mean Loss 17.0621
2023-02-10 20:54:01,955 - root - INFO - KG Training: Epoch 0001 Iter 0037 / 0172 | Time 0.2s | Iter Loss 0.0000 | Iter Mean Loss 16.6010
2023-02-10 20:54:02,129 - root - INFO - KG Training: Epoch 0001 Iter 0038 / 0172 | Time 0.2s | Iter Loss 0.0000 | Iter Mean Loss 16.1641
2023-02-10 20:54:02,291 - root - INFO - KG Training: Epoch 0001 Iter 0039 / 0172 | Time 0.2s | Iter Loss 0.0000 | Iter Mean Loss 15.7496
2023-02-10 20:54:02,473 - root - INFO - KG Training: Epoch 0001 Iter 0040 / 0172 | Time 0.2s | Iter Loss 0.0000 | Iter Mean Loss 15.3559
2023-02-10 20:54:02,645 - root - INFO - KG Training: Epoch 0001 Iter 0041 / 0172 | Time 0.2s | Iter Loss 0.0000 | Iter Mean Loss 14.9814
2023-02-10 20:54:02,835 - root - INFO - KG Training: Epoch 0001 Iter 0042 / 0172 | Time 0.2s | Iter Loss 0.0000 | Iter Mean Loss 14.6247
2023-02-10 20:54:03,009 - root - INFO - KG Training: Epoch 0001 Iter 0043 / 0172 | Time 0.2s | Iter Loss 0.0000 | Iter Mean Loss 14.2846
2023-02-10 20:54:03,171 - root - INFO - KG Training: Epoch 0001 Iter 0044 / 0172 | Time 0.2s | Iter Loss 0.0000 | Iter Mean Loss 13.9599
2023-02-10 20:54:03,342 - root - INFO - KG Training: Epoch 0001 Iter 0045 / 0172 | Time 0.2s | Iter Loss 0.0000 | Iter Mean Loss 13.6497
2023-02-10 20:54:03,514 - root - INFO - KG Training: Epoch 0001 Iter 0046 / 0172 | Time 0.2s | Iter Loss 0.0000 | Iter Mean Loss 13.3530
2023-02-10 20:54:03,676 - root - INFO - KG Training: Epoch 0001 Iter 0047 / 0172 | Time 0.2s | Iter Loss 0.0000 | Iter Mean Loss 13.0689
2023-02-10 20:54:03,856 - root - INFO - KG Training: Epoch 0001 Iter 0048 / 0172 | Time 0.2s | Iter Loss 0.0000 | Iter Mean Loss 12.7966
2023-02-10 20:54:04,040 - root - INFO - KG Training: Epoch 0001 Iter 0049 / 0172 | Time 0.2s | Iter Loss 0.0000 | Iter Mean Loss 12.5354
2023-02-10 20:54:04,222 - root - INFO - KG Training: Epoch 0001 Iter 0050 / 0172 | Time 0.2s | Iter Loss 0.0000 | Iter Mean Loss 12.2847
2023-02-10 20:54:04,404 - root - INFO - KG Training: Epoch 0001 Iter 0051 / 0172 | Time 0.2s | Iter Loss 0.0000 | Iter Mean Loss 12.0438
2023-02-10 20:54:04,575 - root - INFO - KG Training: Epoch 0001 Iter 0052 / 0172 | Time 0.2s | Iter Loss 0.0000 | Iter Mean Loss 11.8122
2023-02-10 20:54:04,747 - root - INFO - KG Training: Epoch 0001 Iter 0053 / 0172 | Time 0.2s | Iter Loss 0.0000 | Iter Mean Loss 11.5894
2023-02-10 20:54:04,929 - root - INFO - KG Training: Epoch 0001 Iter 0054 / 0172 | Time 0.2s | Iter Loss 0.0000 | Iter Mean Loss 11.3747
2023-02-10 20:54:05,101 - root - INFO - KG Training: Epoch 0001 Iter 0055 / 0172 | Time 0.2s | Iter Loss 0.0000 | Iter Mean Loss 11.1679
2023-02-10 20:54:05,262 - root - INFO - KG Training: Epoch 0001 Iter 0056 / 0172 | Time 0.2s | Iter Loss 0.0000 | Iter Mean Loss 10.9685
2023-02-10 20:54:05,444 - root - INFO - KG Training: Epoch 0001 Iter 0057 / 0172 | Time 0.2s | Iter Loss 0.0000 | Iter Mean Loss 10.7761
2023-02-10 20:54:05,615 - root - INFO - KG Training: Epoch 0001 Iter 0058 / 0172 | Time 0.2s | Iter Loss 0.0000 | Iter Mean Loss 10.5903
2023-02-10 20:54:05,795 - root - INFO - KG Training: Epoch 0001 Iter 0059 / 0172 | Time 0.2s | Iter Loss 0.0000 | Iter Mean Loss 10.4108
2023-02-10 20:54:05,979 - root - INFO - KG Training: Epoch 0001 Iter 0060 / 0172 | Time 0.2s | Iter Loss 0.0000 | Iter Mean Loss 10.2373
2023-02-10 20:54:06,152 - root - INFO - KG Training: Epoch 0001 Iter 0061 / 0172 | Time 0.2s | Iter Loss 0.0000 | Iter Mean Loss 10.0694
2023-02-10 20:54:06,322 - root - INFO - KG Training: Epoch 0001 Iter 0062 / 0172 | Time 0.2s | Iter Loss 0.0000 | Iter Mean Loss 9.9070
2023-02-10 20:54:06,494 - root - INFO - KG Training: Epoch 0001 Iter 0063 / 0172 | Time 0.2s | Iter Loss 0.0000 | Iter Mean Loss 9.7498
2023-02-10 20:54:06,656 - root - INFO - KG Training: Epoch 0001 Iter 0064 / 0172 | Time 0.2s | Iter Loss 0.0000 | Iter Mean Loss 9.5974
2023-02-10 20:54:06,819 - root - INFO - KG Training: Epoch 0001 Iter 0065 / 0172 | Time 0.2s | Iter Loss 0.0000 | Iter Mean Loss 9.4498
2023-02-10 20:54:06,981 - root - INFO - KG Training: Epoch 0001 Iter 0066 / 0172 | Time 0.2s | Iter Loss 0.0000 | Iter Mean Loss 9.3066
2023-02-10 20:54:07,163 - root - INFO - KG Training: Epoch 0001 Iter 0067 / 0172 | Time 0.2s | Iter Loss 0.0000 | Iter Mean Loss 9.1677
2023-02-10 20:54:07,345 - root - INFO - KG Training: Epoch 0001 Iter 0068 / 0172 | Time 0.2s | Iter Loss 0.0000 | Iter Mean Loss 9.0329
2023-02-10 20:54:07,515 - root - INFO - KG Training: Epoch 0001 Iter 0069 / 0172 | Time 0.2s | Iter Loss 0.0000 | Iter Mean Loss 8.9020
2023-02-10 20:54:07,689 - root - INFO - KG Training: Epoch 0001 Iter 0070 / 0172 | Time 0.2s | Iter Loss 0.0000 | Iter Mean Loss 8.7748
2023-02-10 20:54:07,871 - root - INFO - KG Training: Epoch 0001 Iter 0071 / 0172 | Time 0.2s | Iter Loss 0.0000 | Iter Mean Loss 8.6512
2023-02-10 20:54:08,041 - root - INFO - KG Training: Epoch 0001 Iter 0072 / 0172 | Time 0.2s | Iter Loss 0.0000 | Iter Mean Loss 8.5311
2023-02-10 20:54:08,225 - root - INFO - KG Training: Epoch 0001 Iter 0073 / 0172 | Time 0.2s | Iter Loss 0.0000 | Iter Mean Loss 8.4142
2023-02-10 20:54:08,397 - root - INFO - KG Training: Epoch 0001 Iter 0074 / 0172 | Time 0.2s | Iter Loss 0.0000 | Iter Mean Loss 8.3005
2023-02-10 20:54:08,559 - root - INFO - KG Training: Epoch 0001 Iter 0075 / 0172 | Time 0.2s | Iter Loss 0.0000 | Iter Mean Loss 8.1898
2023-02-10 20:54:08,731 - root - INFO - KG Training: Epoch 0001 Iter 0076 / 0172 | Time 0.2s | Iter Loss 0.0000 | Iter Mean Loss 8.0821
2023-02-10 20:54:08,903 - root - INFO - KG Training: Epoch 0001 Iter 0077 / 0172 | Time 0.2s | Iter Loss 0.0000 | Iter Mean Loss 7.9771
2023-02-10 20:54:09,065 - root - INFO - KG Training: Epoch 0001 Iter 0078 / 0172 | Time 0.2s | Iter Loss 0.0000 | Iter Mean Loss 7.8748
2023-02-10 20:54:09,226 - root - INFO - KG Training: Epoch 0001 Iter 0079 / 0172 | Time 0.2s | Iter Loss 0.0000 | Iter Mean Loss 7.7751
2023-02-10 20:54:09,396 - root - INFO - KG Training: Epoch 0001 Iter 0080 / 0172 | Time 0.2s | Iter Loss 0.0000 | Iter Mean Loss 7.6780
2023-02-10 20:54:09,560 - root - INFO - KG Training: Epoch 0001 Iter 0081 / 0172 | Time 0.2s | Iter Loss 0.0000 | Iter Mean Loss 7.5832
2023-02-10 20:54:09,732 - root - INFO - KG Training: Epoch 0001 Iter 0082 / 0172 | Time 0.2s | Iter Loss 0.0000 | Iter Mean Loss 7.4907
2023-02-10 20:54:09,915 - root - INFO - KG Training: Epoch 0001 Iter 0083 / 0172 | Time 0.2s | Iter Loss 0.0000 | Iter Mean Loss 7.4004
2023-02-10 20:54:10,096 - root - INFO - KG Training: Epoch 0001 Iter 0084 / 0172 | Time 0.2s | Iter Loss 0.0000 | Iter Mean Loss 7.3123
2023-02-10 20:54:10,268 - root - INFO - KG Training: Epoch 0001 Iter 0085 / 0172 | Time 0.2s | Iter Loss 0.0000 | Iter Mean Loss 7.2263
2023-02-10 20:54:10,430 - root - INFO - KG Training: Epoch 0001 Iter 0086 / 0172 | Time 0.2s | Iter Loss 0.0000 | Iter Mean Loss 7.1423
2023-02-10 20:54:10,602 - root - INFO - KG Training: Epoch 0001 Iter 0087 / 0172 | Time 0.2s | Iter Loss 0.0000 | Iter Mean Loss 7.0602
2023-02-10 20:54:10,764 - root - INFO - KG Training: Epoch 0001 Iter 0088 / 0172 | Time 0.2s | Iter Loss 0.0000 | Iter Mean Loss 6.9800
2023-02-10 20:54:10,935 - root - INFO - KG Training: Epoch 0001 Iter 0089 / 0172 | Time 0.2s | Iter Loss 0.0000 | Iter Mean Loss 6.9015
2023-02-10 20:54:11,116 - root - INFO - KG Training: Epoch 0001 Iter 0090 / 0172 | Time 0.2s | Iter Loss 0.0000 | Iter Mean Loss 6.8249
2023-02-10 20:54:11,300 - root - INFO - KG Training: Epoch 0001 Iter 0091 / 0172 | Time 0.2s | Iter Loss 0.0000 | Iter Mean Loss 6.7499
2023-02-10 20:54:11,480 - root - INFO - KG Training: Epoch 0001 Iter 0092 / 0172 | Time 0.2s | Iter Loss 0.0000 | Iter Mean Loss 6.6765
2023-02-10 20:54:11,664 - root - INFO - KG Training: Epoch 0001 Iter 0093 / 0172 | Time 0.2s | Iter Loss 0.0000 | Iter Mean Loss 6.6047
2023-02-10 20:54:11,857 - root - INFO - KG Training: Epoch 0001 Iter 0094 / 0172 | Time 0.2s | Iter Loss 0.0000 | Iter Mean Loss 6.5344
2023-02-10 20:54:12,027 - root - INFO - KG Training: Epoch 0001 Iter 0095 / 0172 | Time 0.2s | Iter Loss 0.0000 | Iter Mean Loss 6.4657
2023-02-10 20:54:12,200 - root - INFO - KG Training: Epoch 0001 Iter 0096 / 0172 | Time 0.2s | Iter Loss 0.0000 | Iter Mean Loss 6.3983
2023-02-10 20:54:12,392 - root - INFO - KG Training: Epoch 0001 Iter 0097 / 0172 | Time 0.2s | Iter Loss 0.0000 | Iter Mean Loss 6.3323
2023-02-10 20:54:12,562 - root - INFO - KG Training: Epoch 0001 Iter 0098 / 0172 | Time 0.2s | Iter Loss 0.0000 | Iter Mean Loss 6.2677
2023-02-10 20:54:12,726 - root - INFO - KG Training: Epoch 0001 Iter 0099 / 0172 | Time 0.2s | Iter Loss 0.0000 | Iter Mean Loss 6.2044
2023-02-10 20:54:12,918 - root - INFO - KG Training: Epoch 0001 Iter 0100 / 0172 | Time 0.2s | Iter Loss 0.0000 | Iter Mean Loss 6.1424
2023-02-10 20:54:13,080 - root - INFO - KG Training: Epoch 0001 Iter 0101 / 0172 | Time 0.2s | Iter Loss 0.0000 | Iter Mean Loss 6.0816
2023-02-10 20:54:13,262 - root - INFO - KG Training: Epoch 0001 Iter 0102 / 0172 | Time 0.2s | Iter Loss 0.0000 | Iter Mean Loss 6.0219
2023-02-10 20:54:13,444 - root - INFO - KG Training: Epoch 0001 Iter 0103 / 0172 | Time 0.2s | Iter Loss 0.0000 | Iter Mean Loss 5.9635
2023-02-10 20:54:13,628 - root - INFO - KG Training: Epoch 0001 Iter 0104 / 0172 | Time 0.2s | Iter Loss 0.0000 | Iter Mean Loss 5.9061
2023-02-10 20:54:13,798 - root - INFO - KG Training: Epoch 0001 Iter 0105 / 0172 | Time 0.2s | Iter Loss 0.0000 | Iter Mean Loss 5.8499
2023-02-10 20:54:13,960 - root - INFO - KG Training: Epoch 0001 Iter 0106 / 0172 | Time 0.2s | Iter Loss 0.0000 | Iter Mean Loss 5.7947
2023-02-10 20:54:14,157 - root - INFO - KG Training: Epoch 0001 Iter 0107 / 0172 | Time 0.2s | Iter Loss 0.0000 | Iter Mean Loss 5.7405
2023-02-10 20:54:14,339 - root - INFO - KG Training: Epoch 0001 Iter 0108 / 0172 | Time 0.2s | Iter Loss 0.0000 | Iter Mean Loss 5.6874
2023-02-10 20:54:14,511 - root - INFO - KG Training: Epoch 0001 Iter 0109 / 0172 | Time 0.2s | Iter Loss 0.0000 | Iter Mean Loss 5.6352
2023-02-10 20:54:14,693 - root - INFO - KG Training: Epoch 0001 Iter 0110 / 0172 | Time 0.2s | Iter Loss 0.0000 | Iter Mean Loss 5.5840
2023-02-10 20:54:14,885 - root - INFO - KG Training: Epoch 0001 Iter 0111 / 0172 | Time 0.2s | Iter Loss 0.0000 | Iter Mean Loss 5.5337
2023-02-10 20:54:15,047 - root - INFO - KG Training: Epoch 0001 Iter 0112 / 0172 | Time 0.2s | Iter Loss 0.0000 | Iter Mean Loss 5.4843
2023-02-10 20:54:15,220 - root - INFO - KG Training: Epoch 0001 Iter 0113 / 0172 | Time 0.2s | Iter Loss 0.0000 | Iter Mean Loss 5.4357
2023-02-10 20:54:15,391 - root - INFO - KG Training: Epoch 0001 Iter 0114 / 0172 | Time 0.2s | Iter Loss 0.0000 | Iter Mean Loss 5.3880
2023-02-10 20:54:15,564 - root - INFO - KG Training: Epoch 0001 Iter 0115 / 0172 | Time 0.2s | Iter Loss 0.0000 | Iter Mean Loss 5.3412
2023-02-10 20:54:15,736 - root - INFO - KG Training: Epoch 0001 Iter 0116 / 0172 | Time 0.2s | Iter Loss 0.0000 | Iter Mean Loss 5.2952
2023-02-10 20:54:15,918 - root - INFO - KG Training: Epoch 0001 Iter 0117 / 0172 | Time 0.2s | Iter Loss 0.0000 | Iter Mean Loss 5.2499
2023-02-10 20:54:16,110 - root - INFO - KG Training: Epoch 0001 Iter 0118 / 0172 | Time 0.2s | Iter Loss 0.0000 | Iter Mean Loss 5.2054
2023-02-10 20:54:16,282 - root - INFO - KG Training: Epoch 0001 Iter 0119 / 0172 | Time 0.2s | Iter Loss 0.0000 | Iter Mean Loss 5.1617
2023-02-10 20:54:16,465 - root - INFO - KG Training: Epoch 0001 Iter 0120 / 0172 | Time 0.2s | Iter Loss 0.0000 | Iter Mean Loss 5.1186
2023-02-10 20:54:16,636 - root - INFO - KG Training: Epoch 0001 Iter 0121 / 0172 | Time 0.2s | Iter Loss 0.0000 | Iter Mean Loss 5.0763
2023-02-10 20:54:16,798 - root - INFO - KG Training: Epoch 0001 Iter 0122 / 0172 | Time 0.2s | Iter Loss 0.0000 | Iter Mean Loss 5.0347
2023-02-10 20:54:16,980 - root - INFO - KG Training: Epoch 0001 Iter 0123 / 0172 | Time 0.2s | Iter Loss 0.0000 | Iter Mean Loss 4.9938
2023-02-10 20:54:17,142 - root - INFO - KG Training: Epoch 0001 Iter 0124 / 0172 | Time 0.2s | Iter Loss 0.0000 | Iter Mean Loss 4.9535
2023-02-10 20:54:17,303 - root - INFO - KG Training: Epoch 0001 Iter 0125 / 0172 | Time 0.2s | Iter Loss 0.0000 | Iter Mean Loss 4.9139
2023-02-10 20:54:17,485 - root - INFO - KG Training: Epoch 0001 Iter 0126 / 0172 | Time 0.2s | Iter Loss 0.0000 | Iter Mean Loss 4.8749
2023-02-10 20:54:17,637 - root - INFO - KG Training: Epoch 0001 Iter 0127 / 0172 | Time 0.2s | Iter Loss 0.0000 | Iter Mean Loss 4.8365
2023-02-10 20:54:17,809 - root - INFO - KG Training: Epoch 0001 Iter 0128 / 0172 | Time 0.2s | Iter Loss 0.0000 | Iter Mean Loss 4.7987
2023-02-10 20:54:17,991 - root - INFO - KG Training: Epoch 0001 Iter 0129 / 0172 | Time 0.2s | Iter Loss 0.0000 | Iter Mean Loss 4.7615
2023-02-10 20:54:18,163 - root - INFO - KG Training: Epoch 0001 Iter 0130 / 0172 | Time 0.2s | Iter Loss 0.0000 | Iter Mean Loss 4.7249
2023-02-10 20:54:18,335 - root - INFO - KG Training: Epoch 0001 Iter 0131 / 0172 | Time 0.2s | Iter Loss 0.0000 | Iter Mean Loss 4.6888
2023-02-10 20:54:18,508 - root - INFO - KG Training: Epoch 0001 Iter 0132 / 0172 | Time 0.2s | Iter Loss 0.0000 | Iter Mean Loss 4.6533
2023-02-10 20:54:18,693 - root - INFO - KG Training: Epoch 0001 Iter 0133 / 0172 | Time 0.2s | Iter Loss 0.0000 | Iter Mean Loss 4.6183
2023-02-10 20:54:18,882 - root - INFO - KG Training: Epoch 0001 Iter 0134 / 0172 | Time 0.2s | Iter Loss 0.0000 | Iter Mean Loss 4.5839
2023-02-10 20:54:19,054 - root - INFO - KG Training: Epoch 0001 Iter 0135 / 0172 | Time 0.2s | Iter Loss 0.0000 | Iter Mean Loss 4.5499
2023-02-10 20:54:19,225 - root - INFO - KG Training: Epoch 0001 Iter 0136 / 0172 | Time 0.2s | Iter Loss 0.0000 | Iter Mean Loss 4.5165
2023-02-10 20:54:19,398 - root - INFO - KG Training: Epoch 0001 Iter 0137 / 0172 | Time 0.2s | Iter Loss 0.0000 | Iter Mean Loss 4.4835
2023-02-10 20:54:19,570 - root - INFO - KG Training: Epoch 0001 Iter 0138 / 0172 | Time 0.2s | Iter Loss 0.0000 | Iter Mean Loss 4.4510
2023-02-10 20:54:19,751 - root - INFO - KG Training: Epoch 0001 Iter 0139 / 0172 | Time 0.2s | Iter Loss 0.0000 | Iter Mean Loss 4.4190
2023-02-10 20:54:19,913 - root - INFO - KG Training: Epoch 0001 Iter 0140 / 0172 | Time 0.2s | Iter Loss 0.0000 | Iter Mean Loss 4.3874
2023-02-10 20:54:20,079 - root - INFO - KG Training: Epoch 0001 Iter 0141 / 0172 | Time 0.2s | Iter Loss 0.0000 | Iter Mean Loss 4.3563
2023-02-10 20:54:20,248 - root - INFO - KG Training: Epoch 0001 Iter 0142 / 0172 | Time 0.2s | Iter Loss 0.0000 | Iter Mean Loss 4.3256
2023-02-10 20:54:20,415 - root - INFO - KG Training: Epoch 0001 Iter 0143 / 0172 | Time 0.2s | Iter Loss 0.0000 | Iter Mean Loss 4.2954
2023-02-10 20:54:20,612 - root - INFO - KG Training: Epoch 0001 Iter 0144 / 0172 | Time 0.2s | Iter Loss 0.0000 | Iter Mean Loss 4.2655
2023-02-10 20:54:20,781 - root - INFO - KG Training: Epoch 0001 Iter 0145 / 0172 | Time 0.2s | Iter Loss 0.0000 | Iter Mean Loss 4.2361
2023-02-10 20:54:20,950 - root - INFO - KG Training: Epoch 0001 Iter 0146 / 0172 | Time 0.2s | Iter Loss 0.0000 | Iter Mean Loss 4.2071
2023-02-10 20:54:21,128 - root - INFO - KG Training: Epoch 0001 Iter 0147 / 0172 | Time 0.2s | Iter Loss 0.0000 | Iter Mean Loss 4.1785
2023-02-10 20:54:21,300 - root - INFO - KG Training: Epoch 0001 Iter 0148 / 0172 | Time 0.2s | Iter Loss 0.0000 | Iter Mean Loss 4.1503
2023-02-10 20:54:21,482 - root - INFO - KG Training: Epoch 0001 Iter 0149 / 0172 | Time 0.2s | Iter Loss 0.0000 | Iter Mean Loss 4.1224
2023-02-10 20:54:21,654 - root - INFO - KG Training: Epoch 0001 Iter 0150 / 0172 | Time 0.2s | Iter Loss 0.0000 | Iter Mean Loss 4.0949
2023-02-10 20:54:21,826 - root - INFO - KG Training: Epoch 0001 Iter 0151 / 0172 | Time 0.2s | Iter Loss 0.0000 | Iter Mean Loss 4.0678
2023-02-10 20:54:22,008 - root - INFO - KG Training: Epoch 0001 Iter 0152 / 0172 | Time 0.2s | Iter Loss 0.0000 | Iter Mean Loss 4.0410
2023-02-10 20:54:22,169 - root - INFO - KG Training: Epoch 0001 Iter 0153 / 0172 | Time 0.2s | Iter Loss 0.0000 | Iter Mean Loss 4.0146
2023-02-10 20:54:22,342 - root - INFO - KG Training: Epoch 0001 Iter 0154 / 0172 | Time 0.2s | Iter Loss 0.0000 | Iter Mean Loss 3.9886
2023-02-10 20:54:22,504 - root - INFO - KG Training: Epoch 0001 Iter 0155 / 0172 | Time 0.2s | Iter Loss 0.0000 | Iter Mean Loss 3.9628
2023-02-10 20:54:22,686 - root - INFO - KG Training: Epoch 0001 Iter 0156 / 0172 | Time 0.2s | Iter Loss 0.0000 | Iter Mean Loss 3.9374
2023-02-10 20:54:22,858 - root - INFO - KG Training: Epoch 0001 Iter 0157 / 0172 | Time 0.2s | Iter Loss 0.0000 | Iter Mean Loss 3.9123
2023-02-10 20:54:23,048 - root - INFO - KG Training: Epoch 0001 Iter 0158 / 0172 | Time 0.2s | Iter Loss 0.0000 | Iter Mean Loss 3.8876
2023-02-10 20:54:23,212 - root - INFO - KG Training: Epoch 0001 Iter 0159 / 0172 | Time 0.2s | Iter Loss 0.0000 | Iter Mean Loss 3.8631
2023-02-10 20:54:23,385 - root - INFO - KG Training: Epoch 0001 Iter 0160 / 0172 | Time 0.2s | Iter Loss 0.0000 | Iter Mean Loss 3.8390
2023-02-10 20:54:23,557 - root - INFO - KG Training: Epoch 0001 Iter 0161 / 0172 | Time 0.2s | Iter Loss 0.0000 | Iter Mean Loss 3.8151
2023-02-10 20:54:23,709 - root - INFO - KG Training: Epoch 0001 Iter 0162 / 0172 | Time 0.2s | Iter Loss 0.0000 | Iter Mean Loss 3.7916
2023-02-10 20:54:23,890 - root - INFO - KG Training: Epoch 0001 Iter 0163 / 0172 | Time 0.2s | Iter Loss 0.0000 | Iter Mean Loss 3.7683
2023-02-10 20:54:24,052 - root - INFO - KG Training: Epoch 0001 Iter 0164 / 0172 | Time 0.2s | Iter Loss 0.0000 | Iter Mean Loss 3.7454
2023-02-10 20:54:24,235 - root - INFO - KG Training: Epoch 0001 Iter 0165 / 0172 | Time 0.2s | Iter Loss 0.0000 | Iter Mean Loss 3.7227
2023-02-10 20:54:24,415 - root - INFO - KG Training: Epoch 0001 Iter 0166 / 0172 | Time 0.2s | Iter Loss 0.0000 | Iter Mean Loss 3.7002
2023-02-10 20:54:24,597 - root - INFO - KG Training: Epoch 0001 Iter 0167 / 0172 | Time 0.2s | Iter Loss 0.0000 | Iter Mean Loss 3.6781
2023-02-10 20:54:24,800 - root - INFO - KG Training: Epoch 0001 Iter 0168 / 0172 | Time 0.2s | Iter Loss 0.0000 | Iter Mean Loss 3.6562
2023-02-10 20:54:24,985 - root - INFO - KG Training: Epoch 0001 Iter 0169 / 0172 | Time 0.2s | Iter Loss 0.0000 | Iter Mean Loss 3.6345
2023-02-10 20:54:25,155 - root - INFO - KG Training: Epoch 0001 Iter 0170 / 0172 | Time 0.2s | Iter Loss 0.0000 | Iter Mean Loss 3.6132
2023-02-10 20:54:25,355 - root - INFO - KG Training: Epoch 0001 Iter 0171 / 0172 | Time 0.2s | Iter Loss 0.0000 | Iter Mean Loss 3.5920
2023-02-10 20:54:25,571 - root - INFO - KG Training: Epoch 0001 Iter 0172 / 0172 | Time 0.2s | Iter Loss 0.0000 | Iter Mean Loss 3.5712
2023-02-10 20:54:25,571 - root - INFO - KG Training: Epoch 0001 Total Iter 0172 | Total Time 30.2s | Iter Mean Loss 3.5712
2023-02-10 20:54:25,737 - root - INFO - CF Training: Epoch 0002 Iter 0001 / 0041 | Time 0.2s | Iter Loss 0.4580 | Iter Mean Loss 0.4580
2023-02-10 20:54:25,887 - root - INFO - CF Training: Epoch 0002 Iter 0002 / 0041 | Time 0.2s | Iter Loss 0.4590 | Iter Mean Loss 0.4585
2023-02-10 20:54:26,024 - root - INFO - CF Training: Epoch 0002 Iter 0003 / 0041 | Time 0.1s | Iter Loss 0.4264 | Iter Mean Loss 0.4478
2023-02-10 20:54:26,164 - root - INFO - CF Training: Epoch 0002 Iter 0004 / 0041 | Time 0.1s | Iter Loss 0.4599 | Iter Mean Loss 0.4508
2023-02-10 20:54:26,298 - root - INFO - CF Training: Epoch 0002 Iter 0005 / 0041 | Time 0.1s | Iter Loss 0.4526 | Iter Mean Loss 0.4512
2023-02-10 20:54:26,420 - root - INFO - CF Training: Epoch 0002 Iter 0006 / 0041 | Time 0.1s | Iter Loss 0.4384 | Iter Mean Loss 0.4490
2023-02-10 20:54:26,562 - root - INFO - CF Training: Epoch 0002 Iter 0007 / 0041 | Time 0.1s | Iter Loss 0.4530 | Iter Mean Loss 0.4496
2023-02-10 20:54:26,683 - root - INFO - CF Training: Epoch 0002 Iter 0008 / 0041 | Time 0.1s | Iter Loss 0.4319 | Iter Mean Loss 0.4474
2023-02-10 20:54:26,825 - root - INFO - CF Training: Epoch 0002 Iter 0009 / 0041 | Time 0.1s | Iter Loss 0.4478 | Iter Mean Loss 0.4474
2023-02-10 20:54:26,963 - root - INFO - CF Training: Epoch 0002 Iter 0010 / 0041 | Time 0.1s | Iter Loss 0.4339 | Iter Mean Loss 0.4461
2023-02-10 20:54:27,095 - root - INFO - CF Training: Epoch 0002 Iter 0011 / 0041 | Time 0.1s | Iter Loss 0.4431 | Iter Mean Loss 0.4458
2023-02-10 20:54:27,227 - root - INFO - CF Training: Epoch 0002 Iter 0012 / 0041 | Time 0.1s | Iter Loss 0.3918 | Iter Mean Loss 0.4413
2023-02-10 20:54:27,360 - root - INFO - CF Training: Epoch 0002 Iter 0013 / 0041 | Time 0.1s | Iter Loss 0.4384 | Iter Mean Loss 0.4411
2023-02-10 20:54:27,489 - root - INFO - CF Training: Epoch 0002 Iter 0014 / 0041 | Time 0.1s | Iter Loss 0.4272 | Iter Mean Loss 0.4401
2023-02-10 20:54:27,620 - root - INFO - CF Training: Epoch 0002 Iter 0015 / 0041 | Time 0.1s | Iter Loss 0.4023 | Iter Mean Loss 0.4376
2023-02-10 20:54:27,761 - root - INFO - CF Training: Epoch 0002 Iter 0016 / 0041 | Time 0.1s | Iter Loss 0.3956 | Iter Mean Loss 0.4349
2023-02-10 20:54:27,933 - root - INFO - CF Training: Epoch 0002 Iter 0017 / 0041 | Time 0.2s | Iter Loss 0.4174 | Iter Mean Loss 0.4339
2023-02-10 20:54:28,075 - root - INFO - CF Training: Epoch 0002 Iter 0018 / 0041 | Time 0.1s | Iter Loss 0.4141 | Iter Mean Loss 0.4328
2023-02-10 20:54:28,224 - root - INFO - CF Training: Epoch 0002 Iter 0019 / 0041 | Time 0.1s | Iter Loss 0.4144 | Iter Mean Loss 0.4319
2023-02-10 20:54:28,395 - root - INFO - CF Training: Epoch 0002 Iter 0020 / 0041 | Time 0.2s | Iter Loss 0.4254 | Iter Mean Loss 0.4315
2023-02-10 20:54:28,538 - root - INFO - CF Training: Epoch 0002 Iter 0021 / 0041 | Time 0.1s | Iter Loss 0.4107 | Iter Mean Loss 0.4305
2023-02-10 20:54:28,670 - root - INFO - CF Training: Epoch 0002 Iter 0022 / 0041 | Time 0.1s | Iter Loss 0.4550 | Iter Mean Loss 0.4316
2023-02-10 20:54:28,801 - root - INFO - CF Training: Epoch 0002 Iter 0023 / 0041 | Time 0.1s | Iter Loss 0.4249 | Iter Mean Loss 0.4314
2023-02-10 20:54:28,952 - root - INFO - CF Training: Epoch 0002 Iter 0024 / 0041 | Time 0.1s | Iter Loss 0.4341 | Iter Mean Loss 0.4315
2023-02-10 20:54:29,072 - root - INFO - CF Training: Epoch 0002 Iter 0025 / 0041 | Time 0.1s | Iter Loss 0.4101 | Iter Mean Loss 0.4306
2023-02-10 20:54:29,223 - root - INFO - CF Training: Epoch 0002 Iter 0026 / 0041 | Time 0.2s | Iter Loss 0.4013 | Iter Mean Loss 0.4295
2023-02-10 20:54:29,367 - root - INFO - CF Training: Epoch 0002 Iter 0027 / 0041 | Time 0.1s | Iter Loss 0.4122 | Iter Mean Loss 0.4288
2023-02-10 20:54:29,489 - root - INFO - CF Training: Epoch 0002 Iter 0028 / 0041 | Time 0.1s | Iter Loss 0.4090 | Iter Mean Loss 0.4281
2023-02-10 20:54:29,630 - root - INFO - CF Training: Epoch 0002 Iter 0029 / 0041 | Time 0.1s | Iter Loss 0.4211 | Iter Mean Loss 0.4279
2023-02-10 20:54:29,762 - root - INFO - CF Training: Epoch 0002 Iter 0030 / 0041 | Time 0.1s | Iter Loss 0.4069 | Iter Mean Loss 0.4272
2023-02-10 20:54:29,921 - root - INFO - CF Training: Epoch 0002 Iter 0031 / 0041 | Time 0.2s | Iter Loss 0.4232 | Iter Mean Loss 0.4271
2023-02-10 20:54:30,045 - root - INFO - CF Training: Epoch 0002 Iter 0032 / 0041 | Time 0.1s | Iter Loss 0.4186 | Iter Mean Loss 0.4268
2023-02-10 20:54:30,176 - root - INFO - CF Training: Epoch 0002 Iter 0033 / 0041 | Time 0.1s | Iter Loss 0.4049 | Iter Mean Loss 0.4261
2023-02-10 20:54:30,308 - root - INFO - CF Training: Epoch 0002 Iter 0034 / 0041 | Time 0.1s | Iter Loss 0.3907 | Iter Mean Loss 0.4251
2023-02-10 20:54:30,458 - root - INFO - CF Training: Epoch 0002 Iter 0035 / 0041 | Time 0.1s | Iter Loss 0.4249 | Iter Mean Loss 0.4251
2023-02-10 20:54:30,589 - root - INFO - CF Training: Epoch 0002 Iter 0036 / 0041 | Time 0.1s | Iter Loss 0.3847 | Iter Mean Loss 0.4240
2023-02-10 20:54:30,713 - root - INFO - CF Training: Epoch 0002 Iter 0037 / 0041 | Time 0.1s | Iter Loss 0.4059 | Iter Mean Loss 0.4235
2023-02-10 20:54:30,845 - root - INFO - CF Training: Epoch 0002 Iter 0038 / 0041 | Time 0.1s | Iter Loss 0.3982 | Iter Mean Loss 0.4228
2023-02-10 20:54:30,994 - root - INFO - CF Training: Epoch 0002 Iter 0039 / 0041 | Time 0.1s | Iter Loss 0.3850 | Iter Mean Loss 0.4218
2023-02-10 20:54:31,108 - root - INFO - CF Training: Epoch 0002 Iter 0040 / 0041 | Time 0.1s | Iter Loss 0.4125 | Iter Mean Loss 0.4216
2023-02-10 20:54:31,237 - root - INFO - CF Training: Epoch 0002 Iter 0041 / 0041 | Time 0.1s | Iter Loss 0.4100 | Iter Mean Loss 0.4213
2023-02-10 20:54:31,237 - root - INFO - CF Training: Epoch 0002 Total Iter 0041 | Total Time 5.7s | Iter Mean Loss 0.4213
2023-02-10 20:54:31,410 - root - INFO - KG Training: Epoch 0002 Iter 0001 / 0172 | Time 0.2s | Iter Loss 0.0000 | Iter Mean Loss 0.0000
2023-02-10 20:54:31,582 - root - INFO - KG Training: Epoch 0002 Iter 0002 / 0172 | Time 0.2s | Iter Loss 0.0000 | Iter Mean Loss 0.0000
2023-02-10 20:54:31,764 - root - INFO - KG Training: Epoch 0002 Iter 0003 / 0172 | Time 0.2s | Iter Loss 0.0000 | Iter Mean Loss 0.0000
2023-02-10 20:54:31,955 - root - INFO - KG Training: Epoch 0002 Iter 0004 / 0172 | Time 0.2s | Iter Loss 0.0000 | Iter Mean Loss 0.0000
2023-02-10 20:54:32,135 - root - INFO - KG Training: Epoch 0002 Iter 0005 / 0172 | Time 0.2s | Iter Loss 0.0000 | Iter Mean Loss 0.0000
2023-02-10 20:54:32,319 - root - INFO - KG Training: Epoch 0002 Iter 0006 / 0172 | Time 0.2s | Iter Loss 0.0000 | Iter Mean Loss 0.0000
2023-02-10 20:54:32,500 - root - INFO - KG Training: Epoch 0002 Iter 0007 / 0172 | Time 0.2s | Iter Loss 0.0000 | Iter Mean Loss 0.0000
2023-02-10 20:54:32,672 - root - INFO - KG Training: Epoch 0002 Iter 0008 / 0172 | Time 0.2s | Iter Loss 0.0000 | Iter Mean Loss 0.0000
2023-02-10 20:54:32,854 - root - INFO - KG Training: Epoch 0002 Iter 0009 / 0172 | Time 0.2s | Iter Loss 0.0000 | Iter Mean Loss 0.0000
2023-02-10 20:54:33,033 - root - INFO - KG Training: Epoch 0002 Iter 0010 / 0172 | Time 0.2s | Iter Loss 0.0000 | Iter Mean Loss 0.0000
2023-02-10 20:54:33,208 - root - INFO - KG Training: Epoch 0002 Iter 0011 / 0172 | Time 0.2s | Iter Loss 0.0000 | Iter Mean Loss 0.0000
2023-02-10 20:54:33,368 - root - INFO - KG Training: Epoch 0002 Iter 0012 / 0172 | Time 0.2s | Iter Loss 0.0000 | Iter Mean Loss 0.0000
2023-02-10 20:54:33,541 - root - INFO - KG Training: Epoch 0002 Iter 0013 / 0172 | Time 0.2s | Iter Loss 0.0000 | Iter Mean Loss 0.0000
2023-02-10 20:54:33,711 - root - INFO - KG Training: Epoch 0002 Iter 0014 / 0172 | Time 0.2s | Iter Loss 0.0000 | Iter Mean Loss 0.0000
2023-02-10 20:54:33,894 - root - INFO - KG Training: Epoch 0002 Iter 0015 / 0172 | Time 0.2s | Iter Loss 0.0000 | Iter Mean Loss 0.0000
2023-02-10 20:54:34,067 - root - INFO - KG Training: Epoch 0002 Iter 0016 / 0172 | Time 0.2s | Iter Loss 0.0000 | Iter Mean Loss 0.0000
2023-02-10 20:54:34,239 - root - INFO - KG Training: Epoch 0002 Iter 0017 / 0172 | Time 0.2s | Iter Loss 0.0000 | Iter Mean Loss 0.0000
2023-02-10 20:54:34,421 - root - INFO - KG Training: Epoch 0002 Iter 0018 / 0172 | Time 0.2s | Iter Loss 0.0000 | Iter Mean Loss 0.0000
2023-02-10 20:54:34,613 - root - INFO - KG Training: Epoch 0002 Iter 0019 / 0172 | Time 0.2s | Iter Loss 0.0000 | Iter Mean Loss 0.0000
2023-02-10 20:54:34,795 - root - INFO - KG Training: Epoch 0002 Iter 0020 / 0172 | Time 0.2s | Iter Loss 0.0000 | Iter Mean Loss 0.0000
2023-02-10 20:54:34,988 - root - INFO - KG Training: Epoch 0002 Iter 0021 / 0172 | Time 0.2s | Iter Loss 0.0000 | Iter Mean Loss 0.0000
2023-02-10 20:54:35,170 - root - INFO - KG Training: Epoch 0002 Iter 0022 / 0172 | Time 0.2s | Iter Loss 0.0000 | Iter Mean Loss 0.0000
2023-02-10 20:54:35,350 - root - INFO - KG Training: Epoch 0002 Iter 0023 / 0172 | Time 0.2s | Iter Loss 0.0000 | Iter Mean Loss 0.0000
2023-02-10 20:54:35,524 - root - INFO - KG Training: Epoch 0002 Iter 0024 / 0172 | Time 0.2s | Iter Loss 0.0000 | Iter Mean Loss 0.0000
2023-02-10 20:54:35,713 - root - INFO - KG Training: Epoch 0002 Iter 0025 / 0172 | Time 0.2s | Iter Loss 0.0000 | Iter Mean Loss 0.0000
2023-02-10 20:54:35,908 - root - INFO - KG Training: Epoch 0002 Iter 0026 / 0172 | Time 0.2s | Iter Loss 0.0000 | Iter Mean Loss 0.0000
2023-02-10 20:54:36,110 - root - INFO - KG Training: Epoch 0002 Iter 0027 / 0172 | Time 0.2s | Iter Loss 0.0000 | Iter Mean Loss 0.0000
2023-02-10 20:54:36,292 - root - INFO - KG Training: Epoch 0002 Iter 0028 / 0172 | Time 0.2s | Iter Loss 0.0000 | Iter Mean Loss 0.0000
